2023-08-17T23:23:28+00:00 CRITICAL Uncaught Exception: DateTime::__construct(): Failed to parse time string (2023-08-01/) at position 10 (/): Unexpected character in /home/897092.cloudwaysapps.com/qnjpvbnhcv/public_html/wp-content/plugins/modern-events-calendar/app/libraries/main.php:5521
Stack trace:
#0 /home/897092.cloudwaysapps.com/qnjpvbnhcv/public_html/wp-content/plugins/modern-events-calendar/app/libraries/main.php(5521): DateTime->__construct('2023-08-01/', Object(DateTimeZone))
#1 /home/897092.cloudwaysapps.com/qnjpvbnhcv/public_html/wp-content/plugins/modern-events-calendar/app/core/src/SingleBuilder/Widgets/EventDate/EventDate.php(38): MEC_main->date_label(Array, Array, 'd M Y')
#2 /home/897092.cloudwaysapps.com/qnjpvbnhcv/public_html/wp-content/plugins/modern-events-calendar/app/core/src/SingleBuilder/SingleBuilder.php(100): MEC\SingleBuilder\Widgets\EventDate\EventDate->output(8629, Array)
#3 /home/897092.cloudwaysapps.com/qnjpvbnhcv/public_html/wp-content/plugins/mec-single-builder/inc/admin/widgets/class-esb-date.php(319): MEC\Si in /home/897092.cloudwaysapps.com/qnjpvbnhcv/public_html/wp-content/plugins/modern-events-calendar/app/libraries/main.php on line 5521

2023-08-17T23:23:29+00:00 CRITICAL Uncaught Exception: DateTime::__construct(): Failed to parse time string (2023-08-01/) at position 10 (/): Unexpected character in /home/897092.cloudwaysapps.com/qnjpvbnhcv/public_html/wp-content/plugins/modern-events-calendar/app/libraries/main.php:5521
Stack trace:
#0 /home/897092.cloudwaysapps.com/qnjpvbnhcv/public_html/wp-content/plugins/modern-events-calendar/app/libraries/main.php(5521): DateTime->__construct('2023-08-01/', Object(DateTimeZone))
#1 /home/897092.cloudwaysapps.com/qnjpvbnhcv/public_html/wp-content/plugins/modern-events-calendar/app/core/src/SingleBuilder/Widgets/EventDate/EventDate.php(38): MEC_main->date_label(Array, Array, 'd M Y')
#2 /home/897092.cloudwaysapps.com/qnjpvbnhcv/public_html/wp-content/plugins/modern-events-calendar/app/core/src/SingleBuilder/SingleBuilder.php(100): MEC\SingleBuilder\Widgets\EventDate\EventDate->output(8629, Array)
#3 /home/897092.cloudwaysapps.com/qnjpvbnhcv/public_html/wp-content/plugins/mec-single-builder/inc/admin/widgets/class-esb-date.php(319): MEC\Si in /home/897092.cloudwaysapps.com/qnjpvbnhcv/public_html/wp-content/plugins/modern-events-calendar/app/libraries/main.php on line 5521

2023-08-17T23:23:42+00:00 CRITICAL Uncaught Exception: DateTime::__construct(): Failed to parse time string (2023-08-02/) at position 10 (/): Unexpected character in /home/897092.cloudwaysapps.com/qnjpvbnhcv/public_html/wp-content/plugins/modern-events-calendar/app/libraries/main.php:5521
Stack trace:
#0 /home/897092.cloudwaysapps.com/qnjpvbnhcv/public_html/wp-content/plugins/modern-events-calendar/app/libraries/main.php(5521): DateTime->__construct('2023-08-02/', Object(DateTimeZone))
#1 /home/897092.cloudwaysapps.com/qnjpvbnhcv/public_html/wp-content/plugins/modern-events-calendar/app/core/src/SingleBuilder/Widgets/EventDate/EventDate.php(38): MEC_main->date_label(Array, Array, 'd M Y')
#2 /home/897092.cloudwaysapps.com/qnjpvbnhcv/public_html/wp-content/plugins/modern-events-calendar/app/core/src/SingleBuilder/SingleBuilder.php(100): MEC\SingleBuilder\Widgets\EventDate\EventDate->output(8629, Array)
#3 /home/897092.cloudwaysapps.com/qnjpvbnhcv/public_html/wp-content/plugins/mec-single-builder/inc/admin/widgets/class-esb-date.php(319): MEC\Si in /home/897092.cloudwaysapps.com/qnjpvbnhcv/public_html/wp-content/plugins/modern-events-calendar/app/libraries/main.php on line 5521

2023-08-17T23:23:43+00:00 CRITICAL Uncaught Exception: DateTime::__construct(): Failed to parse time string (2023-08-02/) at position 10 (/): Unexpected character in /home/897092.cloudwaysapps.com/qnjpvbnhcv/public_html/wp-content/plugins/modern-events-calendar/app/libraries/main.php:5521
Stack trace:
#0 /home/897092.cloudwaysapps.com/qnjpvbnhcv/public_html/wp-content/plugins/modern-events-calendar/app/libraries/main.php(5521): DateTime->__construct('2023-08-02/', Object(DateTimeZone))
#1 /home/897092.cloudwaysapps.com/qnjpvbnhcv/public_html/wp-content/plugins/modern-events-calendar/app/core/src/SingleBuilder/Widgets/EventDate/EventDate.php(38): MEC_main->date_label(Array, Array, 'd M Y')
#2 /home/897092.cloudwaysapps.com/qnjpvbnhcv/public_html/wp-content/plugins/modern-events-calendar/app/core/src/SingleBuilder/SingleBuilder.php(100): MEC\SingleBuilder\Widgets\EventDate\EventDate->output(8629, Array)
#3 /home/897092.cloudwaysapps.com/qnjpvbnhcv/public_html/wp-content/plugins/mec-single-builder/inc/admin/widgets/class-esb-date.php(319): MEC\Si in /home/897092.cloudwaysapps.com/qnjpvbnhcv/public_html/wp-content/plugins/modern-events-calendar/app/libraries/main.php on line 5521

2023-08-17T23:23:55+00:00 CRITICAL Uncaught Exception: DateTime::__construct(): Failed to parse time string (2023-08-03/) at position 10 (/): Unexpected character in /home/897092.cloudwaysapps.com/qnjpvbnhcv/public_html/wp-content/plugins/modern-events-calendar/app/libraries/main.php:5521
Stack trace:
#0 /home/897092.cloudwaysapps.com/qnjpvbnhcv/public_html/wp-content/plugins/modern-events-calendar/app/libraries/main.php(5521): DateTime->__construct('2023-08-03/', Object(DateTimeZone))
#1 /home/897092.cloudwaysapps.com/qnjpvbnhcv/public_html/wp-content/plugins/modern-events-calendar/app/core/src/SingleBuilder/Widgets/EventDate/EventDate.php(38): MEC_main->date_label(Array, Array, 'd M Y')
#2 /home/897092.cloudwaysapps.com/qnjpvbnhcv/public_html/wp-content/plugins/modern-events-calendar/app/core/src/SingleBuilder/SingleBuilder.php(100): MEC\SingleBuilder\Widgets\EventDate\EventDate->output(8629, Array)
#3 /home/897092.cloudwaysapps.com/qnjpvbnhcv/public_html/wp-content/plugins/mec-single-builder/inc/admin/widgets/class-esb-date.php(319): MEC\Si in /home/897092.cloudwaysapps.com/qnjpvbnhcv/public_html/wp-content/plugins/modern-events-calendar/app/libraries/main.php on line 5521

2023-08-17T23:23:57+00:00 CRITICAL Uncaught Exception: DateTime::__construct(): Failed to parse time string (2023-08-03/) at position 10 (/): Unexpected character in /home/897092.cloudwaysapps.com/qnjpvbnhcv/public_html/wp-content/plugins/modern-events-calendar/app/libraries/main.php:5521
Stack trace:
#0 /home/897092.cloudwaysapps.com/qnjpvbnhcv/public_html/wp-content/plugins/modern-events-calendar/app/libraries/main.php(5521): DateTime->__construct('2023-08-03/', Object(DateTimeZone))
#1 /home/897092.cloudwaysapps.com/qnjpvbnhcv/public_html/wp-content/plugins/modern-events-calendar/app/core/src/SingleBuilder/Widgets/EventDate/EventDate.php(38): MEC_main->date_label(Array, Array, 'd M Y')
#2 /home/897092.cloudwaysapps.com/qnjpvbnhcv/public_html/wp-content/plugins/modern-events-calendar/app/core/src/SingleBuilder/SingleBuilder.php(100): MEC\SingleBuilder\Widgets\EventDate\EventDate->output(8629, Array)
#3 /home/897092.cloudwaysapps.com/qnjpvbnhcv/public_html/wp-content/plugins/mec-single-builder/inc/admin/widgets/class-esb-date.php(319): MEC\Si in /home/897092.cloudwaysapps.com/qnjpvbnhcv/public_html/wp-content/plugins/modern-events-calendar/app/libraries/main.php on line 5521

2023-08-17T23:24:10+00:00 CRITICAL Uncaught Exception: DateTime::__construct(): Failed to parse time string (2023-08-04/) at position 10 (/): Unexpected character in /home/897092.cloudwaysapps.com/qnjpvbnhcv/public_html/wp-content/plugins/modern-events-calendar/app/libraries/main.php:5521
Stack trace:
#0 /home/897092.cloudwaysapps.com/qnjpvbnhcv/public_html/wp-content/plugins/modern-events-calendar/app/libraries/main.php(5521): DateTime->__construct('2023-08-04/', Object(DateTimeZone))
#1 /home/897092.cloudwaysapps.com/qnjpvbnhcv/public_html/wp-content/plugins/modern-events-calendar/app/core/src/SingleBuilder/Widgets/EventDate/EventDate.php(38): MEC_main->date_label(Array, Array, 'd M Y')
#2 /home/897092.cloudwaysapps.com/qnjpvbnhcv/public_html/wp-content/plugins/modern-events-calendar/app/core/src/SingleBuilder/SingleBuilder.php(100): MEC\SingleBuilder\Widgets\EventDate\EventDate->output(8629, Array)
#3 /home/897092.cloudwaysapps.com/qnjpvbnhcv/public_html/wp-content/plugins/mec-single-builder/inc/admin/widgets/class-esb-date.php(319): MEC\Si in /home/897092.cloudwaysapps.com/qnjpvbnhcv/public_html/wp-content/plugins/modern-events-calendar/app/libraries/main.php on line 5521

2023-08-17T23:24:10+00:00 CRITICAL Uncaught Exception: DateTime::__construct(): Failed to parse time string (2023-08-04/) at position 10 (/): Unexpected character in /home/897092.cloudwaysapps.com/qnjpvbnhcv/public_html/wp-content/plugins/modern-events-calendar/app/libraries/main.php:5521
Stack trace:
#0 /home/897092.cloudwaysapps.com/qnjpvbnhcv/public_html/wp-content/plugins/modern-events-calendar/app/libraries/main.php(5521): DateTime->__construct('2023-08-04/', Object(DateTimeZone))
#1 /home/897092.cloudwaysapps.com/qnjpvbnhcv/public_html/wp-content/plugins/modern-events-calendar/app/core/src/SingleBuilder/Widgets/EventDate/EventDate.php(38): MEC_main->date_label(Array, Array, 'd M Y')
#2 /home/897092.cloudwaysapps.com/qnjpvbnhcv/public_html/wp-content/plugins/modern-events-calendar/app/core/src/SingleBuilder/SingleBuilder.php(100): MEC\SingleBuilder\Widgets\EventDate\EventDate->output(8629, Array)
#3 /home/897092.cloudwaysapps.com/qnjpvbnhcv/public_html/wp-content/plugins/mec-single-builder/inc/admin/widgets/class-esb-date.php(319): MEC\Si in /home/897092.cloudwaysapps.com/qnjpvbnhcv/public_html/wp-content/plugins/modern-events-calendar/app/libraries/main.php on line 5521

2023-08-17T23:24:22+00:00 CRITICAL Uncaught Exception: DateTime::__construct(): Failed to parse time string (2023-08-05/) at position 10 (/): Unexpected character in /home/897092.cloudwaysapps.com/qnjpvbnhcv/public_html/wp-content/plugins/modern-events-calendar/app/libraries/main.php:5521
Stack trace:
#0 /home/897092.cloudwaysapps.com/qnjpvbnhcv/public_html/wp-content/plugins/modern-events-calendar/app/libraries/main.php(5521): DateTime->__construct('2023-08-05/', Object(DateTimeZone))
#1 /home/897092.cloudwaysapps.com/qnjpvbnhcv/public_html/wp-content/plugins/modern-events-calendar/app/core/src/SingleBuilder/Widgets/EventDate/EventDate.php(38): MEC_main->date_label(Array, Array, 'd M Y')
#2 /home/897092.cloudwaysapps.com/qnjpvbnhcv/public_html/wp-content/plugins/modern-events-calendar/app/core/src/SingleBuilder/SingleBuilder.php(100): MEC\SingleBuilder\Widgets\EventDate\EventDate->output(8629, Array)
#3 /home/897092.cloudwaysapps.com/qnjpvbnhcv/public_html/wp-content/plugins/mec-single-builder/inc/admin/widgets/class-esb-date.php(319): MEC\Si in /home/897092.cloudwaysapps.com/qnjpvbnhcv/public_html/wp-content/plugins/modern-events-calendar/app/libraries/main.php on line 5521

2023-08-17T23:24:23+00:00 CRITICAL Uncaught Exception: DateTime::__construct(): Failed to parse time string (2023-08-05/) at position 10 (/): Unexpected character in /home/897092.cloudwaysapps.com/qnjpvbnhcv/public_html/wp-content/plugins/modern-events-calendar/app/libraries/main.php:5521
Stack trace:
#0 /home/897092.cloudwaysapps.com/qnjpvbnhcv/public_html/wp-content/plugins/modern-events-calendar/app/libraries/main.php(5521): DateTime->__construct('2023-08-05/', Object(DateTimeZone))
#1 /home/897092.cloudwaysapps.com/qnjpvbnhcv/public_html/wp-content/plugins/modern-events-calendar/app/core/src/SingleBuilder/Widgets/EventDate/EventDate.php(38): MEC_main->date_label(Array, Array, 'd M Y')
#2 /home/897092.cloudwaysapps.com/qnjpvbnhcv/public_html/wp-content/plugins/modern-events-calendar/app/core/src/SingleBuilder/SingleBuilder.php(100): MEC\SingleBuilder\Widgets\EventDate\EventDate->output(8629, Array)
#3 /home/897092.cloudwaysapps.com/qnjpvbnhcv/public_html/wp-content/plugins/mec-single-builder/inc/admin/widgets/class-esb-date.php(319): MEC\Si in /home/897092.cloudwaysapps.com/qnjpvbnhcv/public_html/wp-content/plugins/modern-events-calendar/app/libraries/main.php on line 5521

2023-08-17T23:24:35+00:00 CRITICAL Uncaught Exception: DateTime::__construct(): Failed to parse time string (2023-08-06/) at position 10 (/): Unexpected character in /home/897092.cloudwaysapps.com/qnjpvbnhcv/public_html/wp-content/plugins/modern-events-calendar/app/libraries/main.php:5521
Stack trace:
#0 /home/897092.cloudwaysapps.com/qnjpvbnhcv/public_html/wp-content/plugins/modern-events-calendar/app/libraries/main.php(5521): DateTime->__construct('2023-08-06/', Object(DateTimeZone))
#1 /home/897092.cloudwaysapps.com/qnjpvbnhcv/public_html/wp-content/plugins/modern-events-calendar/app/core/src/SingleBuilder/Widgets/EventDate/EventDate.php(38): MEC_main->date_label(Array, Array, 'd M Y')
#2 /home/897092.cloudwaysapps.com/qnjpvbnhcv/public_html/wp-content/plugins/modern-events-calendar/app/core/src/SingleBuilder/SingleBuilder.php(100): MEC\SingleBuilder\Widgets\EventDate\EventDate->output(8629, Array)
#3 /home/897092.cloudwaysapps.com/qnjpvbnhcv/public_html/wp-content/plugins/mec-single-builder/inc/admin/widgets/class-esb-date.php(319): MEC\Si in /home/897092.cloudwaysapps.com/qnjpvbnhcv/public_html/wp-content/plugins/modern-events-calendar/app/libraries/main.php on line 5521

2023-08-17T23:24:38+00:00 CRITICAL Uncaught Exception: DateTime::__construct(): Failed to parse time string (2023-08-06/) at position 10 (/): Unexpected character in /home/897092.cloudwaysapps.com/qnjpvbnhcv/public_html/wp-content/plugins/modern-events-calendar/app/libraries/main.php:5521
Stack trace:
#0 /home/897092.cloudwaysapps.com/qnjpvbnhcv/public_html/wp-content/plugins/modern-events-calendar/app/libraries/main.php(5521): DateTime->__construct('2023-08-06/', Object(DateTimeZone))
#1 /home/897092.cloudwaysapps.com/qnjpvbnhcv/public_html/wp-content/plugins/modern-events-calendar/app/core/src/SingleBuilder/Widgets/EventDate/EventDate.php(38): MEC_main->date_label(Array, Array, 'd M Y')
#2 /home/897092.cloudwaysapps.com/qnjpvbnhcv/public_html/wp-content/plugins/modern-events-calendar/app/core/src/SingleBuilder/SingleBuilder.php(100): MEC\SingleBuilder\Widgets\EventDate\EventDate->output(8629, Array)
#3 /home/897092.cloudwaysapps.com/qnjpvbnhcv/public_html/wp-content/plugins/mec-single-builder/inc/admin/widgets/class-esb-date.php(319): MEC\Si in /home/897092.cloudwaysapps.com/qnjpvbnhcv/public_html/wp-content/plugins/modern-events-calendar/app/libraries/main.php on line 5521

2023-08-17T23:24:47+00:00 CRITICAL Uncaught Exception: DateTime::__construct(): Failed to parse time string (2023-08-07/) at position 10 (/): Unexpected character in /home/897092.cloudwaysapps.com/qnjpvbnhcv/public_html/wp-content/plugins/modern-events-calendar/app/libraries/main.php:5521
Stack trace:
#0 /home/897092.cloudwaysapps.com/qnjpvbnhcv/public_html/wp-content/plugins/modern-events-calendar/app/libraries/main.php(5521): DateTime->__construct('2023-08-07/', Object(DateTimeZone))
#1 /home/897092.cloudwaysapps.com/qnjpvbnhcv/public_html/wp-content/plugins/modern-events-calendar/app/core/src/SingleBuilder/Widgets/EventDate/EventDate.php(38): MEC_main->date_label(Array, Array, 'd M Y')
#2 /home/897092.cloudwaysapps.com/qnjpvbnhcv/public_html/wp-content/plugins/modern-events-calendar/app/core/src/SingleBuilder/SingleBuilder.php(100): MEC\SingleBuilder\Widgets\EventDate\EventDate->output(8629, Array)
#3 /home/897092.cloudwaysapps.com/qnjpvbnhcv/public_html/wp-content/plugins/mec-single-builder/inc/admin/widgets/class-esb-date.php(319): MEC\Si in /home/897092.cloudwaysapps.com/qnjpvbnhcv/public_html/wp-content/plugins/modern-events-calendar/app/libraries/main.php on line 5521

2023-08-17T23:24:51+00:00 CRITICAL Uncaught Exception: DateTime::__construct(): Failed to parse time string (2023-08-07/) at position 10 (/): Unexpected character in /home/897092.cloudwaysapps.com/qnjpvbnhcv/public_html/wp-content/plugins/modern-events-calendar/app/libraries/main.php:5521
Stack trace:
#0 /home/897092.cloudwaysapps.com/qnjpvbnhcv/public_html/wp-content/plugins/modern-events-calendar/app/libraries/main.php(5521): DateTime->__construct('2023-08-07/', Object(DateTimeZone))
#1 /home/897092.cloudwaysapps.com/qnjpvbnhcv/public_html/wp-content/plugins/modern-events-calendar/app/core/src/SingleBuilder/Widgets/EventDate/EventDate.php(38): MEC_main->date_label(Array, Array, 'd M Y')
#2 /home/897092.cloudwaysapps.com/qnjpvbnhcv/public_html/wp-content/plugins/modern-events-calendar/app/core/src/SingleBuilder/SingleBuilder.php(100): MEC\SingleBuilder\Widgets\EventDate\EventDate->output(8629, Array)
#3 /home/897092.cloudwaysapps.com/qnjpvbnhcv/public_html/wp-content/plugins/mec-single-builder/inc/admin/widgets/class-esb-date.php(319): MEC\Si in /home/897092.cloudwaysapps.com/qnjpvbnhcv/public_html/wp-content/plugins/modern-events-calendar/app/libraries/main.php on line 5521

2023-08-17T23:25:00+00:00 CRITICAL Uncaught Exception: DateTime::__construct(): Failed to parse time string (2023-08-08/) at position 10 (/): Unexpected character in /home/897092.cloudwaysapps.com/qnjpvbnhcv/public_html/wp-content/plugins/modern-events-calendar/app/libraries/main.php:5521
Stack trace:
#0 /home/897092.cloudwaysapps.com/qnjpvbnhcv/public_html/wp-content/plugins/modern-events-calendar/app/libraries/main.php(5521): DateTime->__construct('2023-08-08/', Object(DateTimeZone))
#1 /home/897092.cloudwaysapps.com/qnjpvbnhcv/public_html/wp-content/plugins/modern-events-calendar/app/core/src/SingleBuilder/Widgets/EventDate/EventDate.php(38): MEC_main->date_label(Array, Array, 'd M Y')
#2 /home/897092.cloudwaysapps.com/qnjpvbnhcv/public_html/wp-content/plugins/modern-events-calendar/app/core/src/SingleBuilder/SingleBuilder.php(100): MEC\SingleBuilder\Widgets\EventDate\EventDate->output(8629, Array)
#3 /home/897092.cloudwaysapps.com/qnjpvbnhcv/public_html/wp-content/plugins/mec-single-builder/inc/admin/widgets/class-esb-date.php(319): MEC\Si in /home/897092.cloudwaysapps.com/qnjpvbnhcv/public_html/wp-content/plugins/modern-events-calendar/app/libraries/main.php on line 5521

2023-08-17T23:25:04+00:00 CRITICAL Uncaught Exception: DateTime::__construct(): Failed to parse time string (2023-08-08/) at position 10 (/): Unexpected character in /home/897092.cloudwaysapps.com/qnjpvbnhcv/public_html/wp-content/plugins/modern-events-calendar/app/libraries/main.php:5521
Stack trace:
#0 /home/897092.cloudwaysapps.com/qnjpvbnhcv/public_html/wp-content/plugins/modern-events-calendar/app/libraries/main.php(5521): DateTime->__construct('2023-08-08/', Object(DateTimeZone))
#1 /home/897092.cloudwaysapps.com/qnjpvbnhcv/public_html/wp-content/plugins/modern-events-calendar/app/core/src/SingleBuilder/Widgets/EventDate/EventDate.php(38): MEC_main->date_label(Array, Array, 'd M Y')
#2 /home/897092.cloudwaysapps.com/qnjpvbnhcv/public_html/wp-content/plugins/modern-events-calendar/app/core/src/SingleBuilder/SingleBuilder.php(100): MEC\SingleBuilder\Widgets\EventDate\EventDate->output(8629, Array)
#3 /home/897092.cloudwaysapps.com/qnjpvbnhcv/public_html/wp-content/plugins/mec-single-builder/inc/admin/widgets/class-esb-date.php(319): MEC\Si in /home/897092.cloudwaysapps.com/qnjpvbnhcv/public_html/wp-content/plugins/modern-events-calendar/app/libraries/main.php on line 5521

2023-08-17T23:25:12+00:00 CRITICAL Uncaught Exception: DateTime::__construct(): Failed to parse time string (2023-08-09/) at position 10 (/): Unexpected character in /home/897092.cloudwaysapps.com/qnjpvbnhcv/public_html/wp-content/plugins/modern-events-calendar/app/libraries/main.php:5521
Stack trace:
#0 /home/897092.cloudwaysapps.com/qnjpvbnhcv/public_html/wp-content/plugins/modern-events-calendar/app/libraries/main.php(5521): DateTime->__construct('2023-08-09/', Object(DateTimeZone))
#1 /home/897092.cloudwaysapps.com/qnjpvbnhcv/public_html/wp-content/plugins/modern-events-calendar/app/core/src/SingleBuilder/Widgets/EventDate/EventDate.php(38): MEC_main->date_label(Array, Array, 'd M Y')
#2 /home/897092.cloudwaysapps.com/qnjpvbnhcv/public_html/wp-content/plugins/modern-events-calendar/app/core/src/SingleBuilder/SingleBuilder.php(100): MEC\SingleBuilder\Widgets\EventDate\EventDate->output(8629, Array)
#3 /home/897092.cloudwaysapps.com/qnjpvbnhcv/public_html/wp-content/plugins/mec-single-builder/inc/admin/widgets/class-esb-date.php(319): MEC\Si in /home/897092.cloudwaysapps.com/qnjpvbnhcv/public_html/wp-content/plugins/modern-events-calendar/app/libraries/main.php on line 5521

2023-08-17T23:25:17+00:00 CRITICAL Uncaught Exception: DateTime::__construct(): Failed to parse time string (2023-08-09/) at position 10 (/): Unexpected character in /home/897092.cloudwaysapps.com/qnjpvbnhcv/public_html/wp-content/plugins/modern-events-calendar/app/libraries/main.php:5521
Stack trace:
#0 /home/897092.cloudwaysapps.com/qnjpvbnhcv/public_html/wp-content/plugins/modern-events-calendar/app/libraries/main.php(5521): DateTime->__construct('2023-08-09/', Object(DateTimeZone))
#1 /home/897092.cloudwaysapps.com/qnjpvbnhcv/public_html/wp-content/plugins/modern-events-calendar/app/core/src/SingleBuilder/Widgets/EventDate/EventDate.php(38): MEC_main->date_label(Array, Array, 'd M Y')
#2 /home/897092.cloudwaysapps.com/qnjpvbnhcv/public_html/wp-content/plugins/modern-events-calendar/app/core/src/SingleBuilder/SingleBuilder.php(100): MEC\SingleBuilder\Widgets\EventDate\EventDate->output(8629, Array)
#3 /home/897092.cloudwaysapps.com/qnjpvbnhcv/public_html/wp-content/plugins/mec-single-builder/inc/admin/widgets/class-esb-date.php(319): MEC\Si in /home/897092.cloudwaysapps.com/qnjpvbnhcv/public_html/wp-content/plugins/modern-events-calendar/app/libraries/main.php on line 5521

2023-08-17T23:25:25+00:00 CRITICAL Uncaught Exception: DateTime::__construct(): Failed to parse time string (2023-08-10/) at position 10 (/): Unexpected character in /home/897092.cloudwaysapps.com/qnjpvbnhcv/public_html/wp-content/plugins/modern-events-calendar/app/libraries/main.php:5521
Stack trace:
#0 /home/897092.cloudwaysapps.com/qnjpvbnhcv/public_html/wp-content/plugins/modern-events-calendar/app/libraries/main.php(5521): DateTime->__construct('2023-08-10/', Object(DateTimeZone))
#1 /home/897092.cloudwaysapps.com/qnjpvbnhcv/public_html/wp-content/plugins/modern-events-calendar/app/core/src/SingleBuilder/Widgets/EventDate/EventDate.php(38): MEC_main->date_label(Array, Array, 'd M Y')
#2 /home/897092.cloudwaysapps.com/qnjpvbnhcv/public_html/wp-content/plugins/modern-events-calendar/app/core/src/SingleBuilder/SingleBuilder.php(100): MEC\SingleBuilder\Widgets\EventDate\EventDate->output(8629, Array)
#3 /home/897092.cloudwaysapps.com/qnjpvbnhcv/public_html/wp-content/plugins/mec-single-builder/inc/admin/widgets/class-esb-date.php(319): MEC\Si in /home/897092.cloudwaysapps.com/qnjpvbnhcv/public_html/wp-content/plugins/modern-events-calendar/app/libraries/main.php on line 5521

2023-08-17T23:25:32+00:00 CRITICAL Uncaught Exception: DateTime::__construct(): Failed to parse time string (2023-08-10/) at position 10 (/): Unexpected character in /home/897092.cloudwaysapps.com/qnjpvbnhcv/public_html/wp-content/plugins/modern-events-calendar/app/libraries/main.php:5521
Stack trace:
#0 /home/897092.cloudwaysapps.com/qnjpvbnhcv/public_html/wp-content/plugins/modern-events-calendar/app/libraries/main.php(5521): DateTime->__construct('2023-08-10/', Object(DateTimeZone))
#1 /home/897092.cloudwaysapps.com/qnjpvbnhcv/public_html/wp-content/plugins/modern-events-calendar/app/core/src/SingleBuilder/Widgets/EventDate/EventDate.php(38): MEC_main->date_label(Array, Array, 'd M Y')
#2 /home/897092.cloudwaysapps.com/qnjpvbnhcv/public_html/wp-content/plugins/modern-events-calendar/app/core/src/SingleBuilder/SingleBuilder.php(100): MEC\SingleBuilder\Widgets\EventDate\EventDate->output(8629, Array)
#3 /home/897092.cloudwaysapps.com/qnjpvbnhcv/public_html/wp-content/plugins/mec-single-builder/inc/admin/widgets/class-esb-date.php(319): MEC\Si in /home/897092.cloudwaysapps.com/qnjpvbnhcv/public_html/wp-content/plugins/modern-events-calendar/app/libraries/main.php on line 5521

2023-08-17T23:25:40+00:00 CRITICAL Uncaught Exception: DateTime::__construct(): Failed to parse time string (2023-08-11/) at position 10 (/): Unexpected character in /home/897092.cloudwaysapps.com/qnjpvbnhcv/public_html/wp-content/plugins/modern-events-calendar/app/libraries/main.php:5521
Stack trace:
#0 /home/897092.cloudwaysapps.com/qnjpvbnhcv/public_html/wp-content/plugins/modern-events-calendar/app/libraries/main.php(5521): DateTime->__construct('2023-08-11/', Object(DateTimeZone))
#1 /home/897092.cloudwaysapps.com/qnjpvbnhcv/public_html/wp-content/plugins/modern-events-calendar/app/core/src/SingleBuilder/Widgets/EventDate/EventDate.php(38): MEC_main->date_label(Array, Array, 'd M Y')
#2 /home/897092.cloudwaysapps.com/qnjpvbnhcv/public_html/wp-content/plugins/modern-events-calendar/app/core/src/SingleBuilder/SingleBuilder.php(100): MEC\SingleBuilder\Widgets\EventDate\EventDate->output(8629, Array)
#3 /home/897092.cloudwaysapps.com/qnjpvbnhcv/public_html/wp-content/plugins/mec-single-builder/inc/admin/widgets/class-esb-date.php(319): MEC\Si in /home/897092.cloudwaysapps.com/qnjpvbnhcv/public_html/wp-content/plugins/modern-events-calendar/app/libraries/main.php on line 5521

2023-08-17T23:25:44+00:00 CRITICAL Uncaught Exception: DateTime::__construct(): Failed to parse time string (2023-08-11/) at position 10 (/): Unexpected character in /home/897092.cloudwaysapps.com/qnjpvbnhcv/public_html/wp-content/plugins/modern-events-calendar/app/libraries/main.php:5521
Stack trace:
#0 /home/897092.cloudwaysapps.com/qnjpvbnhcv/public_html/wp-content/plugins/modern-events-calendar/app/libraries/main.php(5521): DateTime->__construct('2023-08-11/', Object(DateTimeZone))
#1 /home/897092.cloudwaysapps.com/qnjpvbnhcv/public_html/wp-content/plugins/modern-events-calendar/app/core/src/SingleBuilder/Widgets/EventDate/EventDate.php(38): MEC_main->date_label(Array, Array, 'd M Y')
#2 /home/897092.cloudwaysapps.com/qnjpvbnhcv/public_html/wp-content/plugins/modern-events-calendar/app/core/src/SingleBuilder/SingleBuilder.php(100): MEC\SingleBuilder\Widgets\EventDate\EventDate->output(8629, Array)
#3 /home/897092.cloudwaysapps.com/qnjpvbnhcv/public_html/wp-content/plugins/mec-single-builder/inc/admin/widgets/class-esb-date.php(319): MEC\Si in /home/897092.cloudwaysapps.com/qnjpvbnhcv/public_html/wp-content/plugins/modern-events-calendar/app/libraries/main.php on line 5521

2023-08-17T23:25:53+00:00 CRITICAL Uncaught Exception: DateTime::__construct(): Failed to parse time string (2023-08-12/) at position 10 (/): Unexpected character in /home/897092.cloudwaysapps.com/qnjpvbnhcv/public_html/wp-content/plugins/modern-events-calendar/app/libraries/main.php:5521
Stack trace:
#0 /home/897092.cloudwaysapps.com/qnjpvbnhcv/public_html/wp-content/plugins/modern-events-calendar/app/libraries/main.php(5521): DateTime->__construct('2023-08-12/', Object(DateTimeZone))
#1 /home/897092.cloudwaysapps.com/qnjpvbnhcv/public_html/wp-content/plugins/modern-events-calendar/app/core/src/SingleBuilder/Widgets/EventDate/EventDate.php(38): MEC_main->date_label(Array, Array, 'd M Y')
#2 /home/897092.cloudwaysapps.com/qnjpvbnhcv/public_html/wp-content/plugins/modern-events-calendar/app/core/src/SingleBuilder/SingleBuilder.php(100): MEC\SingleBuilder\Widgets\EventDate\EventDate->output(8629, Array)
#3 /home/897092.cloudwaysapps.com/qnjpvbnhcv/public_html/wp-content/plugins/mec-single-builder/inc/admin/widgets/class-esb-date.php(319): MEC\Si in /home/897092.cloudwaysapps.com/qnjpvbnhcv/public_html/wp-content/plugins/modern-events-calendar/app/libraries/main.php on line 5521

2023-08-17T23:25:58+00:00 CRITICAL Uncaught Exception: DateTime::__construct(): Failed to parse time string (2023-08-12/) at position 10 (/): Unexpected character in /home/897092.cloudwaysapps.com/qnjpvbnhcv/public_html/wp-content/plugins/modern-events-calendar/app/libraries/main.php:5521
Stack trace:
#0 /home/897092.cloudwaysapps.com/qnjpvbnhcv/public_html/wp-content/plugins/modern-events-calendar/app/libraries/main.php(5521): DateTime->__construct('2023-08-12/', Object(DateTimeZone))
#1 /home/897092.cloudwaysapps.com/qnjpvbnhcv/public_html/wp-content/plugins/modern-events-calendar/app/core/src/SingleBuilder/Widgets/EventDate/EventDate.php(38): MEC_main->date_label(Array, Array, 'd M Y')
#2 /home/897092.cloudwaysapps.com/qnjpvbnhcv/public_html/wp-content/plugins/modern-events-calendar/app/core/src/SingleBuilder/SingleBuilder.php(100): MEC\SingleBuilder\Widgets\EventDate\EventDate->output(8629, Array)
#3 /home/897092.cloudwaysapps.com/qnjpvbnhcv/public_html/wp-content/plugins/mec-single-builder/inc/admin/widgets/class-esb-date.php(319): MEC\Si in /home/897092.cloudwaysapps.com/qnjpvbnhcv/public_html/wp-content/plugins/modern-events-calendar/app/libraries/main.php on line 5521

2023-08-17T23:26:05+00:00 CRITICAL Uncaught Exception: DateTime::__construct(): Failed to parse time string (2023-08-13/) at position 10 (/): Unexpected character in /home/897092.cloudwaysapps.com/qnjpvbnhcv/public_html/wp-content/plugins/modern-events-calendar/app/libraries/main.php:5521
Stack trace:
#0 /home/897092.cloudwaysapps.com/qnjpvbnhcv/public_html/wp-content/plugins/modern-events-calendar/app/libraries/main.php(5521): DateTime->__construct('2023-08-13/', Object(DateTimeZone))
#1 /home/897092.cloudwaysapps.com/qnjpvbnhcv/public_html/wp-content/plugins/modern-events-calendar/app/core/src/SingleBuilder/Widgets/EventDate/EventDate.php(38): MEC_main->date_label(Array, Array, 'd M Y')
#2 /home/897092.cloudwaysapps.com/qnjpvbnhcv/public_html/wp-content/plugins/modern-events-calendar/app/core/src/SingleBuilder/SingleBuilder.php(100): MEC\SingleBuilder\Widgets\EventDate\EventDate->output(8629, Array)
#3 /home/897092.cloudwaysapps.com/qnjpvbnhcv/public_html/wp-content/plugins/mec-single-builder/inc/admin/widgets/class-esb-date.php(319): MEC\Si in /home/897092.cloudwaysapps.com/qnjpvbnhcv/public_html/wp-content/plugins/modern-events-calendar/app/libraries/main.php on line 5521

2023-08-17T23:26:12+00:00 CRITICAL Uncaught Exception: DateTime::__construct(): Failed to parse time string (2023-08-13/) at position 10 (/): Unexpected character in /home/897092.cloudwaysapps.com/qnjpvbnhcv/public_html/wp-content/plugins/modern-events-calendar/app/libraries/main.php:5521
Stack trace:
#0 /home/897092.cloudwaysapps.com/qnjpvbnhcv/public_html/wp-content/plugins/modern-events-calendar/app/libraries/main.php(5521): DateTime->__construct('2023-08-13/', Object(DateTimeZone))
#1 /home/897092.cloudwaysapps.com/qnjpvbnhcv/public_html/wp-content/plugins/modern-events-calendar/app/core/src/SingleBuilder/Widgets/EventDate/EventDate.php(38): MEC_main->date_label(Array, Array, 'd M Y')
#2 /home/897092.cloudwaysapps.com/qnjpvbnhcv/public_html/wp-content/plugins/modern-events-calendar/app/core/src/SingleBuilder/SingleBuilder.php(100): MEC\SingleBuilder\Widgets\EventDate\EventDate->output(8629, Array)
#3 /home/897092.cloudwaysapps.com/qnjpvbnhcv/public_html/wp-content/plugins/mec-single-builder/inc/admin/widgets/class-esb-date.php(319): MEC\Si in /home/897092.cloudwaysapps.com/qnjpvbnhcv/public_html/wp-content/plugins/modern-events-calendar/app/libraries/main.php on line 5521

2023-08-17T23:26:19+00:00 CRITICAL Uncaught Exception: DateTime::__construct(): Failed to parse time string (2023-08-14/) at position 10 (/): Unexpected character in /home/897092.cloudwaysapps.com/qnjpvbnhcv/public_html/wp-content/plugins/modern-events-calendar/app/libraries/main.php:5521
Stack trace:
#0 /home/897092.cloudwaysapps.com/qnjpvbnhcv/public_html/wp-content/plugins/modern-events-calendar/app/libraries/main.php(5521): DateTime->__construct('2023-08-14/', Object(DateTimeZone))
#1 /home/897092.cloudwaysapps.com/qnjpvbnhcv/public_html/wp-content/plugins/modern-events-calendar/app/core/src/SingleBuilder/Widgets/EventDate/EventDate.php(38): MEC_main->date_label(Array, Array, 'd M Y')
#2 /home/897092.cloudwaysapps.com/qnjpvbnhcv/public_html/wp-content/plugins/modern-events-calendar/app/core/src/SingleBuilder/SingleBuilder.php(100): MEC\SingleBuilder\Widgets\EventDate\EventDate->output(8629, Array)
#3 /home/897092.cloudwaysapps.com/qnjpvbnhcv/public_html/wp-content/plugins/mec-single-builder/inc/admin/widgets/class-esb-date.php(319): MEC\Si in /home/897092.cloudwaysapps.com/qnjpvbnhcv/public_html/wp-content/plugins/modern-events-calendar/app/libraries/main.php on line 5521

2023-08-17T23:26:26+00:00 CRITICAL Uncaught Exception: DateTime::__construct(): Failed to parse time string (2023-08-14/) at position 10 (/): Unexpected character in /home/897092.cloudwaysapps.com/qnjpvbnhcv/public_html/wp-content/plugins/modern-events-calendar/app/libraries/main.php:5521
Stack trace:
#0 /home/897092.cloudwaysapps.com/qnjpvbnhcv/public_html/wp-content/plugins/modern-events-calendar/app/libraries/main.php(5521): DateTime->__construct('2023-08-14/', Object(DateTimeZone))
#1 /home/897092.cloudwaysapps.com/qnjpvbnhcv/public_html/wp-content/plugins/modern-events-calendar/app/core/src/SingleBuilder/Widgets/EventDate/EventDate.php(38): MEC_main->date_label(Array, Array, 'd M Y')
#2 /home/897092.cloudwaysapps.com/qnjpvbnhcv/public_html/wp-content/plugins/modern-events-calendar/app/core/src/SingleBuilder/SingleBuilder.php(100): MEC\SingleBuilder\Widgets\EventDate\EventDate->output(8629, Array)
#3 /home/897092.cloudwaysapps.com/qnjpvbnhcv/public_html/wp-content/plugins/mec-single-builder/inc/admin/widgets/class-esb-date.php(319): MEC\Si in /home/897092.cloudwaysapps.com/qnjpvbnhcv/public_html/wp-content/plugins/modern-events-calendar/app/libraries/main.php on line 5521

2023-08-17T23:26:30+00:00 CRITICAL Uncaught Exception: DateTime::__construct(): Failed to parse time string (2023-08-15/) at position 10 (/): Unexpected character in /home/897092.cloudwaysapps.com/qnjpvbnhcv/public_html/wp-content/plugins/modern-events-calendar/app/libraries/main.php:5521
Stack trace:
#0 /home/897092.cloudwaysapps.com/qnjpvbnhcv/public_html/wp-content/plugins/modern-events-calendar/app/libraries/main.php(5521): DateTime->__construct('2023-08-15/', Object(DateTimeZone))
#1 /home/897092.cloudwaysapps.com/qnjpvbnhcv/public_html/wp-content/plugins/modern-events-calendar/app/core/src/SingleBuilder/Widgets/EventDate/EventDate.php(38): MEC_main->date_label(Array, Array, 'd M Y')
#2 /home/897092.cloudwaysapps.com/qnjpvbnhcv/public_html/wp-content/plugins/modern-events-calendar/app/core/src/SingleBuilder/SingleBuilder.php(100): MEC\SingleBuilder\Widgets\EventDate\EventDate->output(8629, Array)
#3 /home/897092.cloudwaysapps.com/qnjpvbnhcv/public_html/wp-content/plugins/mec-single-builder/inc/admin/widgets/class-esb-date.php(319): MEC\Si in /home/897092.cloudwaysapps.com/qnjpvbnhcv/public_html/wp-content/plugins/modern-events-calendar/app/libraries/main.php on line 5521

2023-08-17T23:26:41+00:00 CRITICAL Uncaught Exception: DateTime::__construct(): Failed to parse time string (2023-08-15/) at position 10 (/): Unexpected character in /home/897092.cloudwaysapps.com/qnjpvbnhcv/public_html/wp-content/plugins/modern-events-calendar/app/libraries/main.php:5521
Stack trace:
#0 /home/897092.cloudwaysapps.com/qnjpvbnhcv/public_html/wp-content/plugins/modern-events-calendar/app/libraries/main.php(5521): DateTime->__construct('2023-08-15/', Object(DateTimeZone))
#1 /home/897092.cloudwaysapps.com/qnjpvbnhcv/public_html/wp-content/plugins/modern-events-calendar/app/core/src/SingleBuilder/Widgets/EventDate/EventDate.php(38): MEC_main->date_label(Array, Array, 'd M Y')
#2 /home/897092.cloudwaysapps.com/qnjpvbnhcv/public_html/wp-content/plugins/modern-events-calendar/app/core/src/SingleBuilder/SingleBuilder.php(100): MEC\SingleBuilder\Widgets\EventDate\EventDate->output(8629, Array)
#3 /home/897092.cloudwaysapps.com/qnjpvbnhcv/public_html/wp-content/plugins/mec-single-builder/inc/admin/widgets/class-esb-date.php(319): MEC\Si in /home/897092.cloudwaysapps.com/qnjpvbnhcv/public_html/wp-content/plugins/modern-events-calendar/app/libraries/main.php on line 5521

2023-08-17T23:26:42+00:00 CRITICAL Uncaught Exception: DateTime::__construct(): Failed to parse time string (2023-08-16/) at position 10 (/): Unexpected character in /home/897092.cloudwaysapps.com/qnjpvbnhcv/public_html/wp-content/plugins/modern-events-calendar/app/libraries/main.php:5521
Stack trace:
#0 /home/897092.cloudwaysapps.com/qnjpvbnhcv/public_html/wp-content/plugins/modern-events-calendar/app/libraries/main.php(5521): DateTime->__construct('2023-08-16/', Object(DateTimeZone))
#1 /home/897092.cloudwaysapps.com/qnjpvbnhcv/public_html/wp-content/plugins/modern-events-calendar/app/core/src/SingleBuilder/Widgets/EventDate/EventDate.php(38): MEC_main->date_label(Array, Array, 'd M Y')
#2 /home/897092.cloudwaysapps.com/qnjpvbnhcv/public_html/wp-content/plugins/modern-events-calendar/app/core/src/SingleBuilder/SingleBuilder.php(100): MEC\SingleBuilder\Widgets\EventDate\EventDate->output(8629, Array)
#3 /home/897092.cloudwaysapps.com/qnjpvbnhcv/public_html/wp-content/plugins/mec-single-builder/inc/admin/widgets/class-esb-date.php(319): MEC\Si in /home/897092.cloudwaysapps.com/qnjpvbnhcv/public_html/wp-content/plugins/modern-events-calendar/app/libraries/main.php on line 5521

2023-08-17T23:26:56+00:00 CRITICAL Uncaught Exception: DateTime::__construct(): Failed to parse time string (2023-08-16/) at position 10 (/): Unexpected character in /home/897092.cloudwaysapps.com/qnjpvbnhcv/public_html/wp-content/plugins/modern-events-calendar/app/libraries/main.php:5521
Stack trace:
#0 /home/897092.cloudwaysapps.com/qnjpvbnhcv/public_html/wp-content/plugins/modern-events-calendar/app/libraries/main.php(5521): DateTime->__construct('2023-08-16/', Object(DateTimeZone))
#1 /home/897092.cloudwaysapps.com/qnjpvbnhcv/public_html/wp-content/plugins/modern-events-calendar/app/core/src/SingleBuilder/Widgets/EventDate/EventDate.php(38): MEC_main->date_label(Array, Array, 'd M Y')
#2 /home/897092.cloudwaysapps.com/qnjpvbnhcv/public_html/wp-content/plugins/modern-events-calendar/app/core/src/SingleBuilder/SingleBuilder.php(100): MEC\SingleBuilder\Widgets\EventDate\EventDate->output(8629, Array)
#3 /home/897092.cloudwaysapps.com/qnjpvbnhcv/public_html/wp-content/plugins/mec-single-builder/inc/admin/widgets/class-esb-date.php(319): MEC\Si in /home/897092.cloudwaysapps.com/qnjpvbnhcv/public_html/wp-content/plugins/modern-events-calendar/app/libraries/main.php on line 5521

2023-08-17T23:26:56+00:00 CRITICAL Uncaught Exception: DateTime::__construct(): Failed to parse time string (2023-08-17/) at position 10 (/): Unexpected character in /home/897092.cloudwaysapps.com/qnjpvbnhcv/public_html/wp-content/plugins/modern-events-calendar/app/libraries/main.php:5521
Stack trace:
#0 /home/897092.cloudwaysapps.com/qnjpvbnhcv/public_html/wp-content/plugins/modern-events-calendar/app/libraries/main.php(5521): DateTime->__construct('2023-08-17/', Object(DateTimeZone))
#1 /home/897092.cloudwaysapps.com/qnjpvbnhcv/public_html/wp-content/plugins/modern-events-calendar/app/core/src/SingleBuilder/Widgets/EventDate/EventDate.php(38): MEC_main->date_label(Array, Array, 'd M Y')
#2 /home/897092.cloudwaysapps.com/qnjpvbnhcv/public_html/wp-content/plugins/modern-events-calendar/app/core/src/SingleBuilder/SingleBuilder.php(100): MEC\SingleBuilder\Widgets\EventDate\EventDate->output(8629, Array)
#3 /home/897092.cloudwaysapps.com/qnjpvbnhcv/public_html/wp-content/plugins/mec-single-builder/inc/admin/widgets/class-esb-date.php(319): MEC\Si in /home/897092.cloudwaysapps.com/qnjpvbnhcv/public_html/wp-content/plugins/modern-events-calendar/app/libraries/main.php on line 5521

2023-08-17T23:33:41+00:00 CRITICAL Uncaught Exception: DateTime::__construct(): Failed to parse time string (2023-08-17/) at position 10 (/): Unexpected character in /home/897092.cloudwaysapps.com/qnjpvbnhcv/public_html/wp-content/plugins/modern-events-calendar/app/libraries/main.php:5521
Stack trace:
#0 /home/897092.cloudwaysapps.com/qnjpvbnhcv/public_html/wp-content/plugins/modern-events-calendar/app/libraries/main.php(5521): DateTime->__construct('2023-08-17/', Object(DateTimeZone))
#1 /home/897092.cloudwaysapps.com/qnjpvbnhcv/public_html/wp-content/plugins/modern-events-calendar/app/core/src/SingleBuilder/Widgets/EventDate/EventDate.php(38): MEC_main->date_label(Array, Array, 'd M Y')
#2 /home/897092.cloudwaysapps.com/qnjpvbnhcv/public_html/wp-content/plugins/modern-events-calendar/app/core/src/SingleBuilder/SingleBuilder.php(100): MEC\SingleBuilder\Widgets\EventDate\EventDate->output(8629, Array)
#3 /home/897092.cloudwaysapps.com/qnjpvbnhcv/public_html/wp-content/plugins/mec-single-builder/inc/admin/widgets/class-esb-date.php(319): MEC\Si in /home/897092.cloudwaysapps.com/qnjpvbnhcv/public_html/wp-content/plugins/modern-events-calendar/app/libraries/main.php on line 5521

2023-08-17T23:34:17+00:00 CRITICAL Uncaught Exception: DateTime::__construct(): Failed to parse time string (2023-08-18/) at position 10 (/): Unexpected character in /home/897092.cloudwaysapps.com/qnjpvbnhcv/public_html/wp-content/plugins/modern-events-calendar/app/libraries/main.php:5521
Stack trace:
#0 /home/897092.cloudwaysapps.com/qnjpvbnhcv/public_html/wp-content/plugins/modern-events-calendar/app/libraries/main.php(5521): DateTime->__construct('2023-08-18/', Object(DateTimeZone))
#1 /home/897092.cloudwaysapps.com/qnjpvbnhcv/public_html/wp-content/plugins/modern-events-calendar/app/core/src/SingleBuilder/Widgets/EventDate/EventDate.php(38): MEC_main->date_label(Array, Array, 'd M Y')
#2 /home/897092.cloudwaysapps.com/qnjpvbnhcv/public_html/wp-content/plugins/modern-events-calendar/app/core/src/SingleBuilder/SingleBuilder.php(100): MEC\SingleBuilder\Widgets\EventDate\EventDate->output(8629, Array)
#3 /home/897092.cloudwaysapps.com/qnjpvbnhcv/public_html/wp-content/plugins/mec-single-builder/inc/admin/widgets/class-esb-date.php(319): MEC\Si in /home/897092.cloudwaysapps.com/qnjpvbnhcv/public_html/wp-content/plugins/modern-events-calendar/app/libraries/main.php on line 5521

2023-08-17T23:34:30+00:00 CRITICAL Uncaught Exception: DateTime::__construct(): Failed to parse time string (2023-08-18/) at position 10 (/): Unexpected character in /home/897092.cloudwaysapps.com/qnjpvbnhcv/public_html/wp-content/plugins/modern-events-calendar/app/libraries/main.php:5521
Stack trace:
#0 /home/897092.cloudwaysapps.com/qnjpvbnhcv/public_html/wp-content/plugins/modern-events-calendar/app/libraries/main.php(5521): DateTime->__construct('2023-08-18/', Object(DateTimeZone))
#1 /home/897092.cloudwaysapps.com/qnjpvbnhcv/public_html/wp-content/plugins/modern-events-calendar/app/core/src/SingleBuilder/Widgets/EventDate/EventDate.php(38): MEC_main->date_label(Array, Array, 'd M Y')
#2 /home/897092.cloudwaysapps.com/qnjpvbnhcv/public_html/wp-content/plugins/modern-events-calendar/app/core/src/SingleBuilder/SingleBuilder.php(100): MEC\SingleBuilder\Widgets\EventDate\EventDate->output(8629, Array)
#3 /home/897092.cloudwaysapps.com/qnjpvbnhcv/public_html/wp-content/plugins/mec-single-builder/inc/admin/widgets/class-esb-date.php(319): MEC\Si in /home/897092.cloudwaysapps.com/qnjpvbnhcv/public_html/wp-content/plugins/modern-events-calendar/app/libraries/main.php on line 5521

2023-08-17T23:34:37+00:00 CRITICAL Uncaught Exception: DateTime::__construct(): Failed to parse time string (2023-08-17/) at position 10 (/): Unexpected character in /home/897092.cloudwaysapps.com/qnjpvbnhcv/public_html/wp-content/plugins/modern-events-calendar/app/libraries/main.php:5521
Stack trace:
#0 /home/897092.cloudwaysapps.com/qnjpvbnhcv/public_html/wp-content/plugins/modern-events-calendar/app/libraries/main.php(5521): DateTime->__construct('2023-08-17/', Object(DateTimeZone))
#1 /home/897092.cloudwaysapps.com/qnjpvbnhcv/public_html/wp-content/plugins/modern-events-calendar/app/core/src/SingleBuilder/Widgets/EventDate/EventDate.php(38): MEC_main->date_label(Array, Array, 'd M Y')
#2 /home/897092.cloudwaysapps.com/qnjpvbnhcv/public_html/wp-content/plugins/modern-events-calendar/app/core/src/SingleBuilder/SingleBuilder.php(100): MEC\SingleBuilder\Widgets\EventDate\EventDate->output(8629, Array)
#3 /home/897092.cloudwaysapps.com/qnjpvbnhcv/public_html/wp-content/plugins/mec-single-builder/inc/admin/widgets/class-esb-date.php(319): MEC\Si in /home/897092.cloudwaysapps.com/qnjpvbnhcv/public_html/wp-content/plugins/modern-events-calendar/app/libraries/main.php on line 5521

2023-08-17T23:35:10+00:00 CRITICAL Uncaught Exception: DateTime::__construct(): Failed to parse time string (2023-08-18/) at position 10 (/): Unexpected character in /home/897092.cloudwaysapps.com/qnjpvbnhcv/public_html/wp-content/plugins/modern-events-calendar/app/libraries/main.php:5521
Stack trace:
#0 /home/897092.cloudwaysapps.com/qnjpvbnhcv/public_html/wp-content/plugins/modern-events-calendar/app/libraries/main.php(5521): DateTime->__construct('2023-08-18/', Object(DateTimeZone))
#1 /home/897092.cloudwaysapps.com/qnjpvbnhcv/public_html/wp-content/plugins/modern-events-calendar/app/core/src/SingleBuilder/Widgets/EventDate/EventDate.php(38): MEC_main->date_label(Array, Array, 'd M Y')
#2 /home/897092.cloudwaysapps.com/qnjpvbnhcv/public_html/wp-content/plugins/modern-events-calendar/app/core/src/SingleBuilder/SingleBuilder.php(100): MEC\SingleBuilder\Widgets\EventDate\EventDate->output(8629, Array)
#3 /home/897092.cloudwaysapps.com/qnjpvbnhcv/public_html/wp-content/plugins/mec-single-builder/inc/admin/widgets/class-esb-date.php(319): MEC\Si in /home/897092.cloudwaysapps.com/qnjpvbnhcv/public_html/wp-content/plugins/modern-events-calendar/app/libraries/main.php on line 5521

2023-08-17T23:35:28+00:00 CRITICAL Uncaught Exception: DateTime::__construct(): Failed to parse time string (2023-08-18/) at position 10 (/): Unexpected character in /home/897092.cloudwaysapps.com/qnjpvbnhcv/public_html/wp-content/plugins/modern-events-calendar/app/libraries/main.php:5521
Stack trace:
#0 /home/897092.cloudwaysapps.com/qnjpvbnhcv/public_html/wp-content/plugins/modern-events-calendar/app/libraries/main.php(5521): DateTime->__construct('2023-08-18/', Object(DateTimeZone))
#1 /home/897092.cloudwaysapps.com/qnjpvbnhcv/public_html/wp-content/plugins/modern-events-calendar/app/core/src/SingleBuilder/Widgets/EventDate/EventDate.php(38): MEC_main->date_label(Array, Array, 'd M Y')
#2 /home/897092.cloudwaysapps.com/qnjpvbnhcv/public_html/wp-content/plugins/modern-events-calendar/app/core/src/SingleBuilder/SingleBuilder.php(100): MEC\SingleBuilder\Widgets\EventDate\EventDate->output(8629, Array)
#3 /home/897092.cloudwaysapps.com/qnjpvbnhcv/public_html/wp-content/plugins/mec-single-builder/inc/admin/widgets/class-esb-date.php(319): MEC\Si in /home/897092.cloudwaysapps.com/qnjpvbnhcv/public_html/wp-content/plugins/modern-events-calendar/app/libraries/main.php on line 5521

2023-08-17T23:35:41+00:00 CRITICAL Uncaught Exception: DateTime::__construct(): Failed to parse time string (2023-08-18/) at position 10 (/): Unexpected character in /home/897092.cloudwaysapps.com/qnjpvbnhcv/public_html/wp-content/plugins/modern-events-calendar/app/libraries/main.php:5521
Stack trace:
#0 /home/897092.cloudwaysapps.com/qnjpvbnhcv/public_html/wp-content/plugins/modern-events-calendar/app/libraries/main.php(5521): DateTime->__construct('2023-08-18/', Object(DateTimeZone))
#1 /home/897092.cloudwaysapps.com/qnjpvbnhcv/public_html/wp-content/plugins/modern-events-calendar/app/core/src/SingleBuilder/Widgets/EventDate/EventDate.php(38): MEC_main->date_label(Array, Array, 'd M Y')
#2 /home/897092.cloudwaysapps.com/qnjpvbnhcv/public_html/wp-content/plugins/modern-events-calendar/app/core/src/SingleBuilder/SingleBuilder.php(100): MEC\SingleBuilder\Widgets\EventDate\EventDate->output(8629, Array)
#3 /home/897092.cloudwaysapps.com/qnjpvbnhcv/public_html/wp-content/plugins/mec-single-builder/inc/admin/widgets/class-esb-date.php(319): MEC\Si in /home/897092.cloudwaysapps.com/qnjpvbnhcv/public_html/wp-content/plugins/modern-events-calendar/app/libraries/main.php on line 5521

2023-08-17T23:35:52+00:00 CRITICAL Uncaught Exception: DateTime::__construct(): Failed to parse time string (2023-08-17/) at position 10 (/): Unexpected character in /home/897092.cloudwaysapps.com/qnjpvbnhcv/public_html/wp-content/plugins/modern-events-calendar/app/libraries/main.php:5521
Stack trace:
#0 /home/897092.cloudwaysapps.com/qnjpvbnhcv/public_html/wp-content/plugins/modern-events-calendar/app/libraries/main.php(5521): DateTime->__construct('2023-08-17/', Object(DateTimeZone))
#1 /home/897092.cloudwaysapps.com/qnjpvbnhcv/public_html/wp-content/plugins/modern-events-calendar/app/core/src/SingleBuilder/Widgets/EventDate/EventDate.php(38): MEC_main->date_label(Array, Array, 'd M Y')
#2 /home/897092.cloudwaysapps.com/qnjpvbnhcv/public_html/wp-content/plugins/modern-events-calendar/app/core/src/SingleBuilder/SingleBuilder.php(100): MEC\SingleBuilder\Widgets\EventDate\EventDate->output(8629, Array)
#3 /home/897092.cloudwaysapps.com/qnjpvbnhcv/public_html/wp-content/plugins/mec-single-builder/inc/admin/widgets/class-esb-date.php(319): MEC\Si in /home/897092.cloudwaysapps.com/qnjpvbnhcv/public_html/wp-content/plugins/modern-events-calendar/app/libraries/main.php on line 5521

2023-08-17T23:36:08+00:00 CRITICAL Uncaught Exception: DateTime::__construct(): Failed to parse time string (2023-08-19/) at position 10 (/): Unexpected character in /home/897092.cloudwaysapps.com/qnjpvbnhcv/public_html/wp-content/plugins/modern-events-calendar/app/libraries/main.php:5521
Stack trace:
#0 /home/897092.cloudwaysapps.com/qnjpvbnhcv/public_html/wp-content/plugins/modern-events-calendar/app/libraries/main.php(5521): DateTime->__construct('2023-08-19/', Object(DateTimeZone))
#1 /home/897092.cloudwaysapps.com/qnjpvbnhcv/public_html/wp-content/plugins/modern-events-calendar/app/core/src/SingleBuilder/Widgets/EventDate/EventDate.php(38): MEC_main->date_label(Array, Array, 'd M Y')
#2 /home/897092.cloudwaysapps.com/qnjpvbnhcv/public_html/wp-content/plugins/modern-events-calendar/app/core/src/SingleBuilder/SingleBuilder.php(100): MEC\SingleBuilder\Widgets\EventDate\EventDate->output(8629, Array)
#3 /home/897092.cloudwaysapps.com/qnjpvbnhcv/public_html/wp-content/plugins/mec-single-builder/inc/admin/widgets/class-esb-date.php(319): MEC\Si in /home/897092.cloudwaysapps.com/qnjpvbnhcv/public_html/wp-content/plugins/modern-events-calendar/app/libraries/main.php on line 5521

2023-08-17T23:36:10+00:00 CRITICAL Uncaught Exception: DateTime::__construct(): Failed to parse time string (2023-08-18/) at position 10 (/): Unexpected character in /home/897092.cloudwaysapps.com/qnjpvbnhcv/public_html/wp-content/plugins/modern-events-calendar/app/libraries/main.php:5521
Stack trace:
#0 /home/897092.cloudwaysapps.com/qnjpvbnhcv/public_html/wp-content/plugins/modern-events-calendar/app/libraries/main.php(5521): DateTime->__construct('2023-08-18/', Object(DateTimeZone))
#1 /home/897092.cloudwaysapps.com/qnjpvbnhcv/public_html/wp-content/plugins/modern-events-calendar/app/core/src/SingleBuilder/Widgets/EventDate/EventDate.php(38): MEC_main->date_label(Array, Array, 'd M Y')
#2 /home/897092.cloudwaysapps.com/qnjpvbnhcv/public_html/wp-content/plugins/modern-events-calendar/app/core/src/SingleBuilder/SingleBuilder.php(100): MEC\SingleBuilder\Widgets\EventDate\EventDate->output(8629, Array)
#3 /home/897092.cloudwaysapps.com/qnjpvbnhcv/public_html/wp-content/plugins/mec-single-builder/inc/admin/widgets/class-esb-date.php(319): MEC\Si in /home/897092.cloudwaysapps.com/qnjpvbnhcv/public_html/wp-content/plugins/modern-events-calendar/app/libraries/main.php on line 5521

2023-08-17T23:36:23+00:00 CRITICAL Uncaught Exception: DateTime::__construct(): Failed to parse time string (2023-08-19/) at position 10 (/): Unexpected character in /home/897092.cloudwaysapps.com/qnjpvbnhcv/public_html/wp-content/plugins/modern-events-calendar/app/libraries/main.php:5521
Stack trace:
#0 /home/897092.cloudwaysapps.com/qnjpvbnhcv/public_html/wp-content/plugins/modern-events-calendar/app/libraries/main.php(5521): DateTime->__construct('2023-08-19/', Object(DateTimeZone))
#1 /home/897092.cloudwaysapps.com/qnjpvbnhcv/public_html/wp-content/plugins/modern-events-calendar/app/core/src/SingleBuilder/Widgets/EventDate/EventDate.php(38): MEC_main->date_label(Array, Array, 'd M Y')
#2 /home/897092.cloudwaysapps.com/qnjpvbnhcv/public_html/wp-content/plugins/modern-events-calendar/app/core/src/SingleBuilder/SingleBuilder.php(100): MEC\SingleBuilder\Widgets\EventDate\EventDate->output(8629, Array)
#3 /home/897092.cloudwaysapps.com/qnjpvbnhcv/public_html/wp-content/plugins/mec-single-builder/inc/admin/widgets/class-esb-date.php(319): MEC\Si in /home/897092.cloudwaysapps.com/qnjpvbnhcv/public_html/wp-content/plugins/modern-events-calendar/app/libraries/main.php on line 5521

2023-08-17T23:36:23+00:00 CRITICAL Uncaught Exception: DateTime::__construct(): Failed to parse time string (2023-08-20/) at position 10 (/): Unexpected character in /home/897092.cloudwaysapps.com/qnjpvbnhcv/public_html/wp-content/plugins/modern-events-calendar/app/libraries/main.php:5521
Stack trace:
#0 /home/897092.cloudwaysapps.com/qnjpvbnhcv/public_html/wp-content/plugins/modern-events-calendar/app/libraries/main.php(5521): DateTime->__construct('2023-08-20/', Object(DateTimeZone))
#1 /home/897092.cloudwaysapps.com/qnjpvbnhcv/public_html/wp-content/plugins/modern-events-calendar/app/core/src/SingleBuilder/Widgets/EventDate/EventDate.php(38): MEC_main->date_label(Array, Array, 'd M Y')
#2 /home/897092.cloudwaysapps.com/qnjpvbnhcv/public_html/wp-content/plugins/modern-events-calendar/app/core/src/SingleBuilder/SingleBuilder.php(100): MEC\SingleBuilder\Widgets\EventDate\EventDate->output(8629, Array)
#3 /home/897092.cloudwaysapps.com/qnjpvbnhcv/public_html/wp-content/plugins/mec-single-builder/inc/admin/widgets/class-esb-date.php(319): MEC\Si in /home/897092.cloudwaysapps.com/qnjpvbnhcv/public_html/wp-content/plugins/modern-events-calendar/app/libraries/main.php on line 5521

2023-08-17T23:36:36+00:00 CRITICAL Uncaught Exception: DateTime::__construct(): Failed to parse time string (2023-08-20/) at position 10 (/): Unexpected character in /home/897092.cloudwaysapps.com/qnjpvbnhcv/public_html/wp-content/plugins/modern-events-calendar/app/libraries/main.php:5521
Stack trace:
#0 /home/897092.cloudwaysapps.com/qnjpvbnhcv/public_html/wp-content/plugins/modern-events-calendar/app/libraries/main.php(5521): DateTime->__construct('2023-08-20/', Object(DateTimeZone))
#1 /home/897092.cloudwaysapps.com/qnjpvbnhcv/public_html/wp-content/plugins/modern-events-calendar/app/core/src/SingleBuilder/Widgets/EventDate/EventDate.php(38): MEC_main->date_label(Array, Array, 'd M Y')
#2 /home/897092.cloudwaysapps.com/qnjpvbnhcv/public_html/wp-content/plugins/modern-events-calendar/app/core/src/SingleBuilder/SingleBuilder.php(100): MEC\SingleBuilder\Widgets\EventDate\EventDate->output(8629, Array)
#3 /home/897092.cloudwaysapps.com/qnjpvbnhcv/public_html/wp-content/plugins/mec-single-builder/inc/admin/widgets/class-esb-date.php(319): MEC\Si in /home/897092.cloudwaysapps.com/qnjpvbnhcv/public_html/wp-content/plugins/modern-events-calendar/app/libraries/main.php on line 5521

2023-08-17T23:36:37+00:00 CRITICAL Uncaught Exception: DateTime::__construct(): Failed to parse time string (2023-08-21/) at position 10 (/): Unexpected character in /home/897092.cloudwaysapps.com/qnjpvbnhcv/public_html/wp-content/plugins/modern-events-calendar/app/libraries/main.php:5521
Stack trace:
#0 /home/897092.cloudwaysapps.com/qnjpvbnhcv/public_html/wp-content/plugins/modern-events-calendar/app/libraries/main.php(5521): DateTime->__construct('2023-08-21/', Object(DateTimeZone))
#1 /home/897092.cloudwaysapps.com/qnjpvbnhcv/public_html/wp-content/plugins/modern-events-calendar/app/core/src/SingleBuilder/Widgets/EventDate/EventDate.php(38): MEC_main->date_label(Array, Array, 'd M Y')
#2 /home/897092.cloudwaysapps.com/qnjpvbnhcv/public_html/wp-content/plugins/modern-events-calendar/app/core/src/SingleBuilder/SingleBuilder.php(100): MEC\SingleBuilder\Widgets\EventDate\EventDate->output(8629, Array)
#3 /home/897092.cloudwaysapps.com/qnjpvbnhcv/public_html/wp-content/plugins/mec-single-builder/inc/admin/widgets/class-esb-date.php(319): MEC\Si in /home/897092.cloudwaysapps.com/qnjpvbnhcv/public_html/wp-content/plugins/modern-events-calendar/app/libraries/main.php on line 5521

2023-08-17T23:36:51+00:00 CRITICAL Uncaught Exception: DateTime::__construct(): Failed to parse time string (2023-08-21/) at position 10 (/): Unexpected character in /home/897092.cloudwaysapps.com/qnjpvbnhcv/public_html/wp-content/plugins/modern-events-calendar/app/libraries/main.php:5521
Stack trace:
#0 /home/897092.cloudwaysapps.com/qnjpvbnhcv/public_html/wp-content/plugins/modern-events-calendar/app/libraries/main.php(5521): DateTime->__construct('2023-08-21/', Object(DateTimeZone))
#1 /home/897092.cloudwaysapps.com/qnjpvbnhcv/public_html/wp-content/plugins/modern-events-calendar/app/core/src/SingleBuilder/Widgets/EventDate/EventDate.php(38): MEC_main->date_label(Array, Array, 'd M Y')
#2 /home/897092.cloudwaysapps.com/qnjpvbnhcv/public_html/wp-content/plugins/modern-events-calendar/app/core/src/SingleBuilder/SingleBuilder.php(100): MEC\SingleBuilder\Widgets\EventDate\EventDate->output(8629, Array)
#3 /home/897092.cloudwaysapps.com/qnjpvbnhcv/public_html/wp-content/plugins/mec-single-builder/inc/admin/widgets/class-esb-date.php(319): MEC\Si in /home/897092.cloudwaysapps.com/qnjpvbnhcv/public_html/wp-content/plugins/modern-events-calendar/app/libraries/main.php on line 5521

2023-08-17T23:36:51+00:00 CRITICAL Uncaught Exception: DateTime::__construct(): Failed to parse time string (2023-08-22/) at position 10 (/): Unexpected character in /home/897092.cloudwaysapps.com/qnjpvbnhcv/public_html/wp-content/plugins/modern-events-calendar/app/libraries/main.php:5521
Stack trace:
#0 /home/897092.cloudwaysapps.com/qnjpvbnhcv/public_html/wp-content/plugins/modern-events-calendar/app/libraries/main.php(5521): DateTime->__construct('2023-08-22/', Object(DateTimeZone))
#1 /home/897092.cloudwaysapps.com/qnjpvbnhcv/public_html/wp-content/plugins/modern-events-calendar/app/core/src/SingleBuilder/Widgets/EventDate/EventDate.php(38): MEC_main->date_label(Array, Array, 'd M Y')
#2 /home/897092.cloudwaysapps.com/qnjpvbnhcv/public_html/wp-content/plugins/modern-events-calendar/app/core/src/SingleBuilder/SingleBuilder.php(100): MEC\SingleBuilder\Widgets\EventDate\EventDate->output(8629, Array)
#3 /home/897092.cloudwaysapps.com/qnjpvbnhcv/public_html/wp-content/plugins/mec-single-builder/inc/admin/widgets/class-esb-date.php(319): MEC\Si in /home/897092.cloudwaysapps.com/qnjpvbnhcv/public_html/wp-content/plugins/modern-events-calendar/app/libraries/main.php on line 5521

2023-08-17T23:37:03+00:00 CRITICAL Uncaught Exception: DateTime::__construct(): Failed to parse time string (2023-08-23/) at position 10 (/): Unexpected character in /home/897092.cloudwaysapps.com/qnjpvbnhcv/public_html/wp-content/plugins/modern-events-calendar/app/libraries/main.php:5521
Stack trace:
#0 /home/897092.cloudwaysapps.com/qnjpvbnhcv/public_html/wp-content/plugins/modern-events-calendar/app/libraries/main.php(5521): DateTime->__construct('2023-08-23/', Object(DateTimeZone))
#1 /home/897092.cloudwaysapps.com/qnjpvbnhcv/public_html/wp-content/plugins/modern-events-calendar/app/core/src/SingleBuilder/Widgets/EventDate/EventDate.php(38): MEC_main->date_label(Array, Array, 'd M Y')
#2 /home/897092.cloudwaysapps.com/qnjpvbnhcv/public_html/wp-content/plugins/modern-events-calendar/app/core/src/SingleBuilder/SingleBuilder.php(100): MEC\SingleBuilder\Widgets\EventDate\EventDate->output(8629, Array)
#3 /home/897092.cloudwaysapps.com/qnjpvbnhcv/public_html/wp-content/plugins/mec-single-builder/inc/admin/widgets/class-esb-date.php(319): MEC\Si in /home/897092.cloudwaysapps.com/qnjpvbnhcv/public_html/wp-content/plugins/modern-events-calendar/app/libraries/main.php on line 5521

2023-08-17T23:37:03+00:00 CRITICAL Uncaught Exception: DateTime::__construct(): Failed to parse time string (2023-08-22/) at position 10 (/): Unexpected character in /home/897092.cloudwaysapps.com/qnjpvbnhcv/public_html/wp-content/plugins/modern-events-calendar/app/libraries/main.php:5521
Stack trace:
#0 /home/897092.cloudwaysapps.com/qnjpvbnhcv/public_html/wp-content/plugins/modern-events-calendar/app/libraries/main.php(5521): DateTime->__construct('2023-08-22/', Object(DateTimeZone))
#1 /home/897092.cloudwaysapps.com/qnjpvbnhcv/public_html/wp-content/plugins/modern-events-calendar/app/core/src/SingleBuilder/Widgets/EventDate/EventDate.php(38): MEC_main->date_label(Array, Array, 'd M Y')
#2 /home/897092.cloudwaysapps.com/qnjpvbnhcv/public_html/wp-content/plugins/modern-events-calendar/app/core/src/SingleBuilder/SingleBuilder.php(100): MEC\SingleBuilder\Widgets\EventDate\EventDate->output(8629, Array)
#3 /home/897092.cloudwaysapps.com/qnjpvbnhcv/public_html/wp-content/plugins/mec-single-builder/inc/admin/widgets/class-esb-date.php(319): MEC\Si in /home/897092.cloudwaysapps.com/qnjpvbnhcv/public_html/wp-content/plugins/modern-events-calendar/app/libraries/main.php on line 5521

2023-08-17T23:37:16+00:00 CRITICAL Uncaught Exception: DateTime::__construct(): Failed to parse time string (2023-08-24/) at position 10 (/): Unexpected character in /home/897092.cloudwaysapps.com/qnjpvbnhcv/public_html/wp-content/plugins/modern-events-calendar/app/libraries/main.php:5521
Stack trace:
#0 /home/897092.cloudwaysapps.com/qnjpvbnhcv/public_html/wp-content/plugins/modern-events-calendar/app/libraries/main.php(5521): DateTime->__construct('2023-08-24/', Object(DateTimeZone))
#1 /home/897092.cloudwaysapps.com/qnjpvbnhcv/public_html/wp-content/plugins/modern-events-calendar/app/core/src/SingleBuilder/Widgets/EventDate/EventDate.php(38): MEC_main->date_label(Array, Array, 'd M Y')
#2 /home/897092.cloudwaysapps.com/qnjpvbnhcv/public_html/wp-content/plugins/modern-events-calendar/app/core/src/SingleBuilder/SingleBuilder.php(100): MEC\SingleBuilder\Widgets\EventDate\EventDate->output(8629, Array)
#3 /home/897092.cloudwaysapps.com/qnjpvbnhcv/public_html/wp-content/plugins/mec-single-builder/inc/admin/widgets/class-esb-date.php(319): MEC\Si in /home/897092.cloudwaysapps.com/qnjpvbnhcv/public_html/wp-content/plugins/modern-events-calendar/app/libraries/main.php on line 5521

2023-08-17T23:37:16+00:00 CRITICAL Uncaught Exception: DateTime::__construct(): Failed to parse time string (2023-08-23/) at position 10 (/): Unexpected character in /home/897092.cloudwaysapps.com/qnjpvbnhcv/public_html/wp-content/plugins/modern-events-calendar/app/libraries/main.php:5521
Stack trace:
#0 /home/897092.cloudwaysapps.com/qnjpvbnhcv/public_html/wp-content/plugins/modern-events-calendar/app/libraries/main.php(5521): DateTime->__construct('2023-08-23/', Object(DateTimeZone))
#1 /home/897092.cloudwaysapps.com/qnjpvbnhcv/public_html/wp-content/plugins/modern-events-calendar/app/core/src/SingleBuilder/Widgets/EventDate/EventDate.php(38): MEC_main->date_label(Array, Array, 'd M Y')
#2 /home/897092.cloudwaysapps.com/qnjpvbnhcv/public_html/wp-content/plugins/modern-events-calendar/app/core/src/SingleBuilder/SingleBuilder.php(100): MEC\SingleBuilder\Widgets\EventDate\EventDate->output(8629, Array)
#3 /home/897092.cloudwaysapps.com/qnjpvbnhcv/public_html/wp-content/plugins/mec-single-builder/inc/admin/widgets/class-esb-date.php(319): MEC\Si in /home/897092.cloudwaysapps.com/qnjpvbnhcv/public_html/wp-content/plugins/modern-events-calendar/app/libraries/main.php on line 5521

2023-08-17T23:37:28+00:00 CRITICAL Uncaught Exception: DateTime::__construct(): Failed to parse time string (2023-08-25/) at position 10 (/): Unexpected character in /home/897092.cloudwaysapps.com/qnjpvbnhcv/public_html/wp-content/plugins/modern-events-calendar/app/libraries/main.php:5521
Stack trace:
#0 /home/897092.cloudwaysapps.com/qnjpvbnhcv/public_html/wp-content/plugins/modern-events-calendar/app/libraries/main.php(5521): DateTime->__construct('2023-08-25/', Object(DateTimeZone))
#1 /home/897092.cloudwaysapps.com/qnjpvbnhcv/public_html/wp-content/plugins/modern-events-calendar/app/core/src/SingleBuilder/Widgets/EventDate/EventDate.php(38): MEC_main->date_label(Array, Array, 'd M Y')
#2 /home/897092.cloudwaysapps.com/qnjpvbnhcv/public_html/wp-content/plugins/modern-events-calendar/app/core/src/SingleBuilder/SingleBuilder.php(100): MEC\SingleBuilder\Widgets\EventDate\EventDate->output(8629, Array)
#3 /home/897092.cloudwaysapps.com/qnjpvbnhcv/public_html/wp-content/plugins/mec-single-builder/inc/admin/widgets/class-esb-date.php(319): MEC\Si in /home/897092.cloudwaysapps.com/qnjpvbnhcv/public_html/wp-content/plugins/modern-events-calendar/app/libraries/main.php on line 5521

2023-08-17T23:37:30+00:00 CRITICAL Uncaught Exception: DateTime::__construct(): Failed to parse time string (2023-08-24/) at position 10 (/): Unexpected character in /home/897092.cloudwaysapps.com/qnjpvbnhcv/public_html/wp-content/plugins/modern-events-calendar/app/libraries/main.php:5521
Stack trace:
#0 /home/897092.cloudwaysapps.com/qnjpvbnhcv/public_html/wp-content/plugins/modern-events-calendar/app/libraries/main.php(5521): DateTime->__construct('2023-08-24/', Object(DateTimeZone))
#1 /home/897092.cloudwaysapps.com/qnjpvbnhcv/public_html/wp-content/plugins/modern-events-calendar/app/core/src/SingleBuilder/Widgets/EventDate/EventDate.php(38): MEC_main->date_label(Array, Array, 'd M Y')
#2 /home/897092.cloudwaysapps.com/qnjpvbnhcv/public_html/wp-content/plugins/modern-events-calendar/app/core/src/SingleBuilder/SingleBuilder.php(100): MEC\SingleBuilder\Widgets\EventDate\EventDate->output(8629, Array)
#3 /home/897092.cloudwaysapps.com/qnjpvbnhcv/public_html/wp-content/plugins/mec-single-builder/inc/admin/widgets/class-esb-date.php(319): MEC\Si in /home/897092.cloudwaysapps.com/qnjpvbnhcv/public_html/wp-content/plugins/modern-events-calendar/app/libraries/main.php on line 5521

2023-08-17T23:37:42+00:00 CRITICAL Uncaught Exception: DateTime::__construct(): Failed to parse time string (2023-08-25/) at position 10 (/): Unexpected character in /home/897092.cloudwaysapps.com/qnjpvbnhcv/public_html/wp-content/plugins/modern-events-calendar/app/libraries/main.php:5521
Stack trace:
#0 /home/897092.cloudwaysapps.com/qnjpvbnhcv/public_html/wp-content/plugins/modern-events-calendar/app/libraries/main.php(5521): DateTime->__construct('2023-08-25/', Object(DateTimeZone))
#1 /home/897092.cloudwaysapps.com/qnjpvbnhcv/public_html/wp-content/plugins/modern-events-calendar/app/core/src/SingleBuilder/Widgets/EventDate/EventDate.php(38): MEC_main->date_label(Array, Array, 'd M Y')
#2 /home/897092.cloudwaysapps.com/qnjpvbnhcv/public_html/wp-content/plugins/modern-events-calendar/app/core/src/SingleBuilder/SingleBuilder.php(100): MEC\SingleBuilder\Widgets\EventDate\EventDate->output(8629, Array)
#3 /home/897092.cloudwaysapps.com/qnjpvbnhcv/public_html/wp-content/plugins/mec-single-builder/inc/admin/widgets/class-esb-date.php(319): MEC\Si in /home/897092.cloudwaysapps.com/qnjpvbnhcv/public_html/wp-content/plugins/modern-events-calendar/app/libraries/main.php on line 5521

2023-08-17T23:37:52+00:00 CRITICAL Uncaught Exception: DateTime::__construct(): Failed to parse time string (2023-08-26/) at position 10 (/): Unexpected character in /home/897092.cloudwaysapps.com/qnjpvbnhcv/public_html/wp-content/plugins/modern-events-calendar/app/libraries/main.php:5521
Stack trace:
#0 /home/897092.cloudwaysapps.com/qnjpvbnhcv/public_html/wp-content/plugins/modern-events-calendar/app/libraries/main.php(5521): DateTime->__construct('2023-08-26/', Object(DateTimeZone))
#1 /home/897092.cloudwaysapps.com/qnjpvbnhcv/public_html/wp-content/plugins/modern-events-calendar/app/core/src/SingleBuilder/Widgets/EventDate/EventDate.php(38): MEC_main->date_label(Array, Array, 'd M Y')
#2 /home/897092.cloudwaysapps.com/qnjpvbnhcv/public_html/wp-content/plugins/modern-events-calendar/app/core/src/SingleBuilder/SingleBuilder.php(100): MEC\SingleBuilder\Widgets\EventDate\EventDate->output(8629, Array)
#3 /home/897092.cloudwaysapps.com/qnjpvbnhcv/public_html/wp-content/plugins/mec-single-builder/inc/admin/widgets/class-esb-date.php(319): MEC\Si in /home/897092.cloudwaysapps.com/qnjpvbnhcv/public_html/wp-content/plugins/modern-events-calendar/app/libraries/main.php on line 5521

2023-08-17T23:38:05+00:00 CRITICAL Uncaught Exception: DateTime::__construct(): Failed to parse time string (2023-08-27/) at position 10 (/): Unexpected character in /home/897092.cloudwaysapps.com/qnjpvbnhcv/public_html/wp-content/plugins/modern-events-calendar/app/libraries/main.php:5521
Stack trace:
#0 /home/897092.cloudwaysapps.com/qnjpvbnhcv/public_html/wp-content/plugins/modern-events-calendar/app/libraries/main.php(5521): DateTime->__construct('2023-08-27/', Object(DateTimeZone))
#1 /home/897092.cloudwaysapps.com/qnjpvbnhcv/public_html/wp-content/plugins/modern-events-calendar/app/core/src/SingleBuilder/Widgets/EventDate/EventDate.php(38): MEC_main->date_label(Array, Array, 'd M Y')
#2 /home/897092.cloudwaysapps.com/qnjpvbnhcv/public_html/wp-content/plugins/modern-events-calendar/app/core/src/SingleBuilder/SingleBuilder.php(100): MEC\SingleBuilder\Widgets\EventDate\EventDate->output(8629, Array)
#3 /home/897092.cloudwaysapps.com/qnjpvbnhcv/public_html/wp-content/plugins/mec-single-builder/inc/admin/widgets/class-esb-date.php(319): MEC\Si in /home/897092.cloudwaysapps.com/qnjpvbnhcv/public_html/wp-content/plugins/modern-events-calendar/app/libraries/main.php on line 5521

2023-08-17T23:38:11+00:00 CRITICAL Uncaught Exception: DateTime::__construct(): Failed to parse time string (2023-08-26/) at position 10 (/): Unexpected character in /home/897092.cloudwaysapps.com/qnjpvbnhcv/public_html/wp-content/plugins/modern-events-calendar/app/libraries/main.php:5521
Stack trace:
#0 /home/897092.cloudwaysapps.com/qnjpvbnhcv/public_html/wp-content/plugins/modern-events-calendar/app/libraries/main.php(5521): DateTime->__construct('2023-08-26/', Object(DateTimeZone))
#1 /home/897092.cloudwaysapps.com/qnjpvbnhcv/public_html/wp-content/plugins/modern-events-calendar/app/core/src/SingleBuilder/Widgets/EventDate/EventDate.php(38): MEC_main->date_label(Array, Array, 'd M Y')
#2 /home/897092.cloudwaysapps.com/qnjpvbnhcv/public_html/wp-content/plugins/modern-events-calendar/app/core/src/SingleBuilder/SingleBuilder.php(100): MEC\SingleBuilder\Widgets\EventDate\EventDate->output(8629, Array)
#3 /home/897092.cloudwaysapps.com/qnjpvbnhcv/public_html/wp-content/plugins/mec-single-builder/inc/admin/widgets/class-esb-date.php(319): MEC\Si in /home/897092.cloudwaysapps.com/qnjpvbnhcv/public_html/wp-content/plugins/modern-events-calendar/app/libraries/main.php on line 5521

2023-08-17T23:38:34+00:00 CRITICAL Uncaught Exception: DateTime::__construct(): Failed to parse time string (2023-08-28/) at position 10 (/): Unexpected character in /home/897092.cloudwaysapps.com/qnjpvbnhcv/public_html/wp-content/plugins/modern-events-calendar/app/libraries/main.php:5521
Stack trace:
#0 /home/897092.cloudwaysapps.com/qnjpvbnhcv/public_html/wp-content/plugins/modern-events-calendar/app/libraries/main.php(5521): DateTime->__construct('2023-08-28/', Object(DateTimeZone))
#1 /home/897092.cloudwaysapps.com/qnjpvbnhcv/public_html/wp-content/plugins/modern-events-calendar/app/core/src/SingleBuilder/Widgets/EventDate/EventDate.php(38): MEC_main->date_label(Array, Array, 'd M Y')
#2 /home/897092.cloudwaysapps.com/qnjpvbnhcv/public_html/wp-content/plugins/modern-events-calendar/app/core/src/SingleBuilder/SingleBuilder.php(100): MEC\SingleBuilder\Widgets\EventDate\EventDate->output(8629, Array)
#3 /home/897092.cloudwaysapps.com/qnjpvbnhcv/public_html/wp-content/plugins/mec-single-builder/inc/admin/widgets/class-esb-date.php(319): MEC\Si in /home/897092.cloudwaysapps.com/qnjpvbnhcv/public_html/wp-content/plugins/modern-events-calendar/app/libraries/main.php on line 5521

2023-08-17T23:38:46+00:00 CRITICAL Uncaught Exception: DateTime::__construct(): Failed to parse time string (2023-08-27/) at position 10 (/): Unexpected character in /home/897092.cloudwaysapps.com/qnjpvbnhcv/public_html/wp-content/plugins/modern-events-calendar/app/libraries/main.php:5521
Stack trace:
#0 /home/897092.cloudwaysapps.com/qnjpvbnhcv/public_html/wp-content/plugins/modern-events-calendar/app/libraries/main.php(5521): DateTime->__construct('2023-08-27/', Object(DateTimeZone))
#1 /home/897092.cloudwaysapps.com/qnjpvbnhcv/public_html/wp-content/plugins/modern-events-calendar/app/core/src/SingleBuilder/Widgets/EventDate/EventDate.php(38): MEC_main->date_label(Array, Array, 'd M Y')
#2 /home/897092.cloudwaysapps.com/qnjpvbnhcv/public_html/wp-content/plugins/modern-events-calendar/app/core/src/SingleBuilder/SingleBuilder.php(100): MEC\SingleBuilder\Widgets\EventDate\EventDate->output(8629, Array)
#3 /home/897092.cloudwaysapps.com/qnjpvbnhcv/public_html/wp-content/plugins/mec-single-builder/inc/admin/widgets/class-esb-date.php(319): MEC\Si in /home/897092.cloudwaysapps.com/qnjpvbnhcv/public_html/wp-content/plugins/modern-events-calendar/app/libraries/main.php on line 5521

2023-08-17T23:38:56+00:00 CRITICAL Uncaught Exception: DateTime::__construct(): Failed to parse time string (2023-08-29/) at position 10 (/): Unexpected character in /home/897092.cloudwaysapps.com/qnjpvbnhcv/public_html/wp-content/plugins/modern-events-calendar/app/libraries/main.php:5521
Stack trace:
#0 /home/897092.cloudwaysapps.com/qnjpvbnhcv/public_html/wp-content/plugins/modern-events-calendar/app/libraries/main.php(5521): DateTime->__construct('2023-08-29/', Object(DateTimeZone))
#1 /home/897092.cloudwaysapps.com/qnjpvbnhcv/public_html/wp-content/plugins/modern-events-calendar/app/core/src/SingleBuilder/Widgets/EventDate/EventDate.php(38): MEC_main->date_label(Array, Array, 'd M Y')
#2 /home/897092.cloudwaysapps.com/qnjpvbnhcv/public_html/wp-content/plugins/modern-events-calendar/app/core/src/SingleBuilder/SingleBuilder.php(100): MEC\SingleBuilder\Widgets\EventDate\EventDate->output(8629, Array)
#3 /home/897092.cloudwaysapps.com/qnjpvbnhcv/public_html/wp-content/plugins/mec-single-builder/inc/admin/widgets/class-esb-date.php(319): MEC\Si in /home/897092.cloudwaysapps.com/qnjpvbnhcv/public_html/wp-content/plugins/modern-events-calendar/app/libraries/main.php on line 5521

2023-08-17T23:39:00+00:00 CRITICAL Uncaught Exception: DateTime::__construct(): Failed to parse time string (2023-08-28/) at position 10 (/): Unexpected character in /home/897092.cloudwaysapps.com/qnjpvbnhcv/public_html/wp-content/plugins/modern-events-calendar/app/libraries/main.php:5521
Stack trace:
#0 /home/897092.cloudwaysapps.com/qnjpvbnhcv/public_html/wp-content/plugins/modern-events-calendar/app/libraries/main.php(5521): DateTime->__construct('2023-08-28/', Object(DateTimeZone))
#1 /home/897092.cloudwaysapps.com/qnjpvbnhcv/public_html/wp-content/plugins/modern-events-calendar/app/core/src/SingleBuilder/Widgets/EventDate/EventDate.php(38): MEC_main->date_label(Array, Array, 'd M Y')
#2 /home/897092.cloudwaysapps.com/qnjpvbnhcv/public_html/wp-content/plugins/modern-events-calendar/app/core/src/SingleBuilder/SingleBuilder.php(100): MEC\SingleBuilder\Widgets\EventDate\EventDate->output(8629, Array)
#3 /home/897092.cloudwaysapps.com/qnjpvbnhcv/public_html/wp-content/plugins/mec-single-builder/inc/admin/widgets/class-esb-date.php(319): MEC\Si in /home/897092.cloudwaysapps.com/qnjpvbnhcv/public_html/wp-content/plugins/modern-events-calendar/app/libraries/main.php on line 5521

2023-08-17T23:39:14+00:00 CRITICAL Uncaught Exception: DateTime::__construct(): Failed to parse time string (2023-08-30/) at position 10 (/): Unexpected character in /home/897092.cloudwaysapps.com/qnjpvbnhcv/public_html/wp-content/plugins/modern-events-calendar/app/libraries/main.php:5521
Stack trace:
#0 /home/897092.cloudwaysapps.com/qnjpvbnhcv/public_html/wp-content/plugins/modern-events-calendar/app/libraries/main.php(5521): DateTime->__construct('2023-08-30/', Object(DateTimeZone))
#1 /home/897092.cloudwaysapps.com/qnjpvbnhcv/public_html/wp-content/plugins/modern-events-calendar/app/core/src/SingleBuilder/Widgets/EventDate/EventDate.php(38): MEC_main->date_label(Array, Array, 'd M Y')
#2 /home/897092.cloudwaysapps.com/qnjpvbnhcv/public_html/wp-content/plugins/modern-events-calendar/app/core/src/SingleBuilder/SingleBuilder.php(100): MEC\SingleBuilder\Widgets\EventDate\EventDate->output(8629, Array)
#3 /home/897092.cloudwaysapps.com/qnjpvbnhcv/public_html/wp-content/plugins/mec-single-builder/inc/admin/widgets/class-esb-date.php(319): MEC\Si in /home/897092.cloudwaysapps.com/qnjpvbnhcv/public_html/wp-content/plugins/modern-events-calendar/app/libraries/main.php on line 5521

2023-08-17T23:39:18+00:00 CRITICAL Uncaught Exception: DateTime::__construct(): Failed to parse time string (2023-08-29/) at position 10 (/): Unexpected character in /home/897092.cloudwaysapps.com/qnjpvbnhcv/public_html/wp-content/plugins/modern-events-calendar/app/libraries/main.php:5521
Stack trace:
#0 /home/897092.cloudwaysapps.com/qnjpvbnhcv/public_html/wp-content/plugins/modern-events-calendar/app/libraries/main.php(5521): DateTime->__construct('2023-08-29/', Object(DateTimeZone))
#1 /home/897092.cloudwaysapps.com/qnjpvbnhcv/public_html/wp-content/plugins/modern-events-calendar/app/core/src/SingleBuilder/Widgets/EventDate/EventDate.php(38): MEC_main->date_label(Array, Array, 'd M Y')
#2 /home/897092.cloudwaysapps.com/qnjpvbnhcv/public_html/wp-content/plugins/modern-events-calendar/app/core/src/SingleBuilder/SingleBuilder.php(100): MEC\SingleBuilder\Widgets\EventDate\EventDate->output(8629, Array)
#3 /home/897092.cloudwaysapps.com/qnjpvbnhcv/public_html/wp-content/plugins/mec-single-builder/inc/admin/widgets/class-esb-date.php(319): MEC\Si in /home/897092.cloudwaysapps.com/qnjpvbnhcv/public_html/wp-content/plugins/modern-events-calendar/app/libraries/main.php on line 5521

2023-08-17T23:39:29+00:00 CRITICAL Uncaught Exception: DateTime::__construct(): Failed to parse time string (2023-08-31/) at position 10 (/): Unexpected character in /home/897092.cloudwaysapps.com/qnjpvbnhcv/public_html/wp-content/plugins/modern-events-calendar/app/libraries/main.php:5521
Stack trace:
#0 /home/897092.cloudwaysapps.com/qnjpvbnhcv/public_html/wp-content/plugins/modern-events-calendar/app/libraries/main.php(5521): DateTime->__construct('2023-08-31/', Object(DateTimeZone))
#1 /home/897092.cloudwaysapps.com/qnjpvbnhcv/public_html/wp-content/plugins/modern-events-calendar/app/core/src/SingleBuilder/Widgets/EventDate/EventDate.php(38): MEC_main->date_label(Array, Array, 'd M Y')
#2 /home/897092.cloudwaysapps.com/qnjpvbnhcv/public_html/wp-content/plugins/modern-events-calendar/app/core/src/SingleBuilder/SingleBuilder.php(100): MEC\SingleBuilder\Widgets\EventDate\EventDate->output(8629, Array)
#3 /home/897092.cloudwaysapps.com/qnjpvbnhcv/public_html/wp-content/plugins/mec-single-builder/inc/admin/widgets/class-esb-date.php(319): MEC\Si in /home/897092.cloudwaysapps.com/qnjpvbnhcv/public_html/wp-content/plugins/modern-events-calendar/app/libraries/main.php on line 5521

2023-08-17T23:39:32+00:00 CRITICAL Uncaught Exception: DateTime::__construct(): Failed to parse time string (2023-08-30/) at position 10 (/): Unexpected character in /home/897092.cloudwaysapps.com/qnjpvbnhcv/public_html/wp-content/plugins/modern-events-calendar/app/libraries/main.php:5521
Stack trace:
#0 /home/897092.cloudwaysapps.com/qnjpvbnhcv/public_html/wp-content/plugins/modern-events-calendar/app/libraries/main.php(5521): DateTime->__construct('2023-08-30/', Object(DateTimeZone))
#1 /home/897092.cloudwaysapps.com/qnjpvbnhcv/public_html/wp-content/plugins/modern-events-calendar/app/core/src/SingleBuilder/Widgets/EventDate/EventDate.php(38): MEC_main->date_label(Array, Array, 'd M Y')
#2 /home/897092.cloudwaysapps.com/qnjpvbnhcv/public_html/wp-content/plugins/modern-events-calendar/app/core/src/SingleBuilder/SingleBuilder.php(100): MEC\SingleBuilder\Widgets\EventDate\EventDate->output(8629, Array)
#3 /home/897092.cloudwaysapps.com/qnjpvbnhcv/public_html/wp-content/plugins/mec-single-builder/inc/admin/widgets/class-esb-date.php(319): MEC\Si in /home/897092.cloudwaysapps.com/qnjpvbnhcv/public_html/wp-content/plugins/modern-events-calendar/app/libraries/main.php on line 5521

2023-08-17T23:39:47+00:00 CRITICAL Uncaught Exception: DateTime::__construct(): Failed to parse time string (2023-08-31/) at position 10 (/): Unexpected character in /home/897092.cloudwaysapps.com/qnjpvbnhcv/public_html/wp-content/plugins/modern-events-calendar/app/libraries/main.php:5521
Stack trace:
#0 /home/897092.cloudwaysapps.com/qnjpvbnhcv/public_html/wp-content/plugins/modern-events-calendar/app/libraries/main.php(5521): DateTime->__construct('2023-08-31/', Object(DateTimeZone))
#1 /home/897092.cloudwaysapps.com/qnjpvbnhcv/public_html/wp-content/plugins/modern-events-calendar/app/core/src/SingleBuilder/Widgets/EventDate/EventDate.php(38): MEC_main->date_label(Array, Array, 'd M Y')
#2 /home/897092.cloudwaysapps.com/qnjpvbnhcv/public_html/wp-content/plugins/modern-events-calendar/app/core/src/SingleBuilder/SingleBuilder.php(100): MEC\SingleBuilder\Widgets\EventDate\EventDate->output(8629, Array)
#3 /home/897092.cloudwaysapps.com/qnjpvbnhcv/public_html/wp-content/plugins/mec-single-builder/inc/admin/widgets/class-esb-date.php(319): MEC\Si in /home/897092.cloudwaysapps.com/qnjpvbnhcv/public_html/wp-content/plugins/modern-events-calendar/app/libraries/main.php on line 5521

