2023-10-30T05:22:36+00:00 CRITICAL Uncaught Exception: Invalid order. in /home/897092.cloudwaysapps.com/qnjpvbnhcv/public_html/wp-content/plugins/woocommerce/includes/data-stores/abstract-wc-order-data-store-cpt.php:104
Stack trace:
#0 /home/897092.cloudwaysapps.com/qnjpvbnhcv/public_html/wp-content/plugins/woocommerce/includes/class-wc-data-store.php(159): Abstract_WC_Order_Data_Store_CPT->read(Object(WC_Order))
#1 /home/897092.cloudwaysapps.com/qnjpvbnhcv/public_html/wp-content/plugins/woocommerce/includes/abstracts/abstract-wc-order.php(116): WC_Data_Store->read(Object(WC_Order))
#2 /home/897092.cloudwaysapps.com/qnjpvbnhcv/public_html/wp-content/plugins/payfort_fort/classes/class-woocommerce-fort.php(469): WC_Abstract_Order->__construct('535')
#3 /home/897092.cloudwaysapps.com/qnjpvbnhcv/public_html/wp-content/plugins/payfort_fort/classes/class-woocommerce-fort.php(444): WC_Gateway_Payfort->_handleResponse('offline')
#4 /home/897092.cloudwaysapps.com/qnjpvbnhcv/public_html/wp-includes/class-wp-hook.php(307): WC_Gateway_Payfort->process_res in /home/897092.cloudwaysapps.com/qnjpvbnhcv/public_html/wp-content/plugins/woocommerce/includes/data-stores/abstract-wc-order-data-store-cpt.php on line 104

2023-10-30T05:22:47+00:00 CRITICAL Uncaught Exception: Invalid order. in /home/897092.cloudwaysapps.com/qnjpvbnhcv/public_html/wp-content/plugins/woocommerce/includes/data-stores/abstract-wc-order-data-store-cpt.php:104
Stack trace:
#0 /home/897092.cloudwaysapps.com/qnjpvbnhcv/public_html/wp-content/plugins/woocommerce/includes/class-wc-data-store.php(159): Abstract_WC_Order_Data_Store_CPT->read(Object(WC_Order))
#1 /home/897092.cloudwaysapps.com/qnjpvbnhcv/public_html/wp-content/plugins/woocommerce/includes/abstracts/abstract-wc-order.php(116): WC_Data_Store->read(Object(WC_Order))
#2 /home/897092.cloudwaysapps.com/qnjpvbnhcv/public_html/wp-content/plugins/payfort_fort/classes/class-woocommerce-fort.php(469): WC_Abstract_Order->__construct('535')
#3 /home/897092.cloudwaysapps.com/qnjpvbnhcv/public_html/wp-content/plugins/payfort_fort/classes/class-woocommerce-fort.php(444): WC_Gateway_Payfort->_handleResponse('offline')
#4 /home/897092.cloudwaysapps.com/qnjpvbnhcv/public_html/wp-includes/class-wp-hook.php(307): WC_Gateway_Payfort->process_res in /home/897092.cloudwaysapps.com/qnjpvbnhcv/public_html/wp-content/plugins/woocommerce/includes/data-stores/abstract-wc-order-data-store-cpt.php on line 104

2023-10-30T05:22:58+00:00 CRITICAL Uncaught Exception: Invalid order. in /home/897092.cloudwaysapps.com/qnjpvbnhcv/public_html/wp-content/plugins/woocommerce/includes/data-stores/abstract-wc-order-data-store-cpt.php:104
Stack trace:
#0 /home/897092.cloudwaysapps.com/qnjpvbnhcv/public_html/wp-content/plugins/woocommerce/includes/class-wc-data-store.php(159): Abstract_WC_Order_Data_Store_CPT->read(Object(WC_Order))
#1 /home/897092.cloudwaysapps.com/qnjpvbnhcv/public_html/wp-content/plugins/woocommerce/includes/abstracts/abstract-wc-order.php(116): WC_Data_Store->read(Object(WC_Order))
#2 /home/897092.cloudwaysapps.com/qnjpvbnhcv/public_html/wp-content/plugins/payfort_fort/classes/class-woocommerce-fort.php(469): WC_Abstract_Order->__construct('535')
#3 /home/897092.cloudwaysapps.com/qnjpvbnhcv/public_html/wp-content/plugins/payfort_fort/classes/class-woocommerce-fort.php(444): WC_Gateway_Payfort->_handleResponse('offline')
#4 /home/897092.cloudwaysapps.com/qnjpvbnhcv/public_html/wp-includes/class-wp-hook.php(307): WC_Gateway_Payfort->process_res in /home/897092.cloudwaysapps.com/qnjpvbnhcv/public_html/wp-content/plugins/woocommerce/includes/data-stores/abstract-wc-order-data-store-cpt.php on line 104

2023-10-30T05:23:09+00:00 CRITICAL Uncaught Exception: Invalid order. in /home/897092.cloudwaysapps.com/qnjpvbnhcv/public_html/wp-content/plugins/woocommerce/includes/data-stores/abstract-wc-order-data-store-cpt.php:104
Stack trace:
#0 /home/897092.cloudwaysapps.com/qnjpvbnhcv/public_html/wp-content/plugins/woocommerce/includes/class-wc-data-store.php(159): Abstract_WC_Order_Data_Store_CPT->read(Object(WC_Order))
#1 /home/897092.cloudwaysapps.com/qnjpvbnhcv/public_html/wp-content/plugins/woocommerce/includes/abstracts/abstract-wc-order.php(116): WC_Data_Store->read(Object(WC_Order))
#2 /home/897092.cloudwaysapps.com/qnjpvbnhcv/public_html/wp-content/plugins/payfort_fort/classes/class-woocommerce-fort.php(469): WC_Abstract_Order->__construct('535')
#3 /home/897092.cloudwaysapps.com/qnjpvbnhcv/public_html/wp-content/plugins/payfort_fort/classes/class-woocommerce-fort.php(444): WC_Gateway_Payfort->_handleResponse('offline')
#4 /home/897092.cloudwaysapps.com/qnjpvbnhcv/public_html/wp-includes/class-wp-hook.php(307): WC_Gateway_Payfort->process_res in /home/897092.cloudwaysapps.com/qnjpvbnhcv/public_html/wp-content/plugins/woocommerce/includes/data-stores/abstract-wc-order-data-store-cpt.php on line 104

2023-10-30T05:23:20+00:00 CRITICAL Uncaught Exception: Invalid order. in /home/897092.cloudwaysapps.com/qnjpvbnhcv/public_html/wp-content/plugins/woocommerce/includes/data-stores/abstract-wc-order-data-store-cpt.php:104
Stack trace:
#0 /home/897092.cloudwaysapps.com/qnjpvbnhcv/public_html/wp-content/plugins/woocommerce/includes/class-wc-data-store.php(159): Abstract_WC_Order_Data_Store_CPT->read(Object(WC_Order))
#1 /home/897092.cloudwaysapps.com/qnjpvbnhcv/public_html/wp-content/plugins/woocommerce/includes/abstracts/abstract-wc-order.php(116): WC_Data_Store->read(Object(WC_Order))
#2 /home/897092.cloudwaysapps.com/qnjpvbnhcv/public_html/wp-content/plugins/payfort_fort/classes/class-woocommerce-fort.php(469): WC_Abstract_Order->__construct('535')
#3 /home/897092.cloudwaysapps.com/qnjpvbnhcv/public_html/wp-content/plugins/payfort_fort/classes/class-woocommerce-fort.php(444): WC_Gateway_Payfort->_handleResponse('offline')
#4 /home/897092.cloudwaysapps.com/qnjpvbnhcv/public_html/wp-includes/class-wp-hook.php(307): WC_Gateway_Payfort->process_res in /home/897092.cloudwaysapps.com/qnjpvbnhcv/public_html/wp-content/plugins/woocommerce/includes/data-stores/abstract-wc-order-data-store-cpt.php on line 104

2023-10-30T05:23:30+00:00 CRITICAL Uncaught Exception: Invalid order. in /home/897092.cloudwaysapps.com/qnjpvbnhcv/public_html/wp-content/plugins/woocommerce/includes/data-stores/abstract-wc-order-data-store-cpt.php:104
Stack trace:
#0 /home/897092.cloudwaysapps.com/qnjpvbnhcv/public_html/wp-content/plugins/woocommerce/includes/class-wc-data-store.php(159): Abstract_WC_Order_Data_Store_CPT->read(Object(WC_Order))
#1 /home/897092.cloudwaysapps.com/qnjpvbnhcv/public_html/wp-content/plugins/woocommerce/includes/abstracts/abstract-wc-order.php(116): WC_Data_Store->read(Object(WC_Order))
#2 /home/897092.cloudwaysapps.com/qnjpvbnhcv/public_html/wp-content/plugins/payfort_fort/classes/class-woocommerce-fort.php(469): WC_Abstract_Order->__construct('535')
#3 /home/897092.cloudwaysapps.com/qnjpvbnhcv/public_html/wp-content/plugins/payfort_fort/classes/class-woocommerce-fort.php(444): WC_Gateway_Payfort->_handleResponse('offline')
#4 /home/897092.cloudwaysapps.com/qnjpvbnhcv/public_html/wp-includes/class-wp-hook.php(307): WC_Gateway_Payfort->process_res in /home/897092.cloudwaysapps.com/qnjpvbnhcv/public_html/wp-content/plugins/woocommerce/includes/data-stores/abstract-wc-order-data-store-cpt.php on line 104

2023-10-30T05:23:41+00:00 CRITICAL Uncaught Exception: Invalid order. in /home/897092.cloudwaysapps.com/qnjpvbnhcv/public_html/wp-content/plugins/woocommerce/includes/data-stores/abstract-wc-order-data-store-cpt.php:104
Stack trace:
#0 /home/897092.cloudwaysapps.com/qnjpvbnhcv/public_html/wp-content/plugins/woocommerce/includes/class-wc-data-store.php(159): Abstract_WC_Order_Data_Store_CPT->read(Object(WC_Order))
#1 /home/897092.cloudwaysapps.com/qnjpvbnhcv/public_html/wp-content/plugins/woocommerce/includes/abstracts/abstract-wc-order.php(116): WC_Data_Store->read(Object(WC_Order))
#2 /home/897092.cloudwaysapps.com/qnjpvbnhcv/public_html/wp-content/plugins/payfort_fort/classes/class-woocommerce-fort.php(469): WC_Abstract_Order->__construct('535')
#3 /home/897092.cloudwaysapps.com/qnjpvbnhcv/public_html/wp-content/plugins/payfort_fort/classes/class-woocommerce-fort.php(444): WC_Gateway_Payfort->_handleResponse('offline')
#4 /home/897092.cloudwaysapps.com/qnjpvbnhcv/public_html/wp-includes/class-wp-hook.php(307): WC_Gateway_Payfort->process_res in /home/897092.cloudwaysapps.com/qnjpvbnhcv/public_html/wp-content/plugins/woocommerce/includes/data-stores/abstract-wc-order-data-store-cpt.php on line 104

2023-10-30T05:23:52+00:00 CRITICAL Uncaught Exception: Invalid order. in /home/897092.cloudwaysapps.com/qnjpvbnhcv/public_html/wp-content/plugins/woocommerce/includes/data-stores/abstract-wc-order-data-store-cpt.php:104
Stack trace:
#0 /home/897092.cloudwaysapps.com/qnjpvbnhcv/public_html/wp-content/plugins/woocommerce/includes/class-wc-data-store.php(159): Abstract_WC_Order_Data_Store_CPT->read(Object(WC_Order))
#1 /home/897092.cloudwaysapps.com/qnjpvbnhcv/public_html/wp-content/plugins/woocommerce/includes/abstracts/abstract-wc-order.php(116): WC_Data_Store->read(Object(WC_Order))
#2 /home/897092.cloudwaysapps.com/qnjpvbnhcv/public_html/wp-content/plugins/payfort_fort/classes/class-woocommerce-fort.php(469): WC_Abstract_Order->__construct('535')
#3 /home/897092.cloudwaysapps.com/qnjpvbnhcv/public_html/wp-content/plugins/payfort_fort/classes/class-woocommerce-fort.php(444): WC_Gateway_Payfort->_handleResponse('offline')
#4 /home/897092.cloudwaysapps.com/qnjpvbnhcv/public_html/wp-includes/class-wp-hook.php(307): WC_Gateway_Payfort->process_res in /home/897092.cloudwaysapps.com/qnjpvbnhcv/public_html/wp-content/plugins/woocommerce/includes/data-stores/abstract-wc-order-data-store-cpt.php on line 104

2023-10-30T05:24:03+00:00 CRITICAL Uncaught Exception: Invalid order. in /home/897092.cloudwaysapps.com/qnjpvbnhcv/public_html/wp-content/plugins/woocommerce/includes/data-stores/abstract-wc-order-data-store-cpt.php:104
Stack trace:
#0 /home/897092.cloudwaysapps.com/qnjpvbnhcv/public_html/wp-content/plugins/woocommerce/includes/class-wc-data-store.php(159): Abstract_WC_Order_Data_Store_CPT->read(Object(WC_Order))
#1 /home/897092.cloudwaysapps.com/qnjpvbnhcv/public_html/wp-content/plugins/woocommerce/includes/abstracts/abstract-wc-order.php(116): WC_Data_Store->read(Object(WC_Order))
#2 /home/897092.cloudwaysapps.com/qnjpvbnhcv/public_html/wp-content/plugins/payfort_fort/classes/class-woocommerce-fort.php(469): WC_Abstract_Order->__construct('535')
#3 /home/897092.cloudwaysapps.com/qnjpvbnhcv/public_html/wp-content/plugins/payfort_fort/classes/class-woocommerce-fort.php(444): WC_Gateway_Payfort->_handleResponse('offline')
#4 /home/897092.cloudwaysapps.com/qnjpvbnhcv/public_html/wp-includes/class-wp-hook.php(307): WC_Gateway_Payfort->process_res in /home/897092.cloudwaysapps.com/qnjpvbnhcv/public_html/wp-content/plugins/woocommerce/includes/data-stores/abstract-wc-order-data-store-cpt.php on line 104

2023-10-30T05:24:14+00:00 CRITICAL Uncaught Exception: Invalid order. in /home/897092.cloudwaysapps.com/qnjpvbnhcv/public_html/wp-content/plugins/woocommerce/includes/data-stores/abstract-wc-order-data-store-cpt.php:104
Stack trace:
#0 /home/897092.cloudwaysapps.com/qnjpvbnhcv/public_html/wp-content/plugins/woocommerce/includes/class-wc-data-store.php(159): Abstract_WC_Order_Data_Store_CPT->read(Object(WC_Order))
#1 /home/897092.cloudwaysapps.com/qnjpvbnhcv/public_html/wp-content/plugins/woocommerce/includes/abstracts/abstract-wc-order.php(116): WC_Data_Store->read(Object(WC_Order))
#2 /home/897092.cloudwaysapps.com/qnjpvbnhcv/public_html/wp-content/plugins/payfort_fort/classes/class-woocommerce-fort.php(469): WC_Abstract_Order->__construct('535')
#3 /home/897092.cloudwaysapps.com/qnjpvbnhcv/public_html/wp-content/plugins/payfort_fort/classes/class-woocommerce-fort.php(444): WC_Gateway_Payfort->_handleResponse('offline')
#4 /home/897092.cloudwaysapps.com/qnjpvbnhcv/public_html/wp-includes/class-wp-hook.php(307): WC_Gateway_Payfort->process_res in /home/897092.cloudwaysapps.com/qnjpvbnhcv/public_html/wp-content/plugins/woocommerce/includes/data-stores/abstract-wc-order-data-store-cpt.php on line 104

2023-10-30T05:24:25+00:00 CRITICAL Uncaught Exception: Invalid order. in /home/897092.cloudwaysapps.com/qnjpvbnhcv/public_html/wp-content/plugins/woocommerce/includes/data-stores/abstract-wc-order-data-store-cpt.php:104
Stack trace:
#0 /home/897092.cloudwaysapps.com/qnjpvbnhcv/public_html/wp-content/plugins/woocommerce/includes/class-wc-data-store.php(159): Abstract_WC_Order_Data_Store_CPT->read(Object(WC_Order))
#1 /home/897092.cloudwaysapps.com/qnjpvbnhcv/public_html/wp-content/plugins/woocommerce/includes/abstracts/abstract-wc-order.php(116): WC_Data_Store->read(Object(WC_Order))
#2 /home/897092.cloudwaysapps.com/qnjpvbnhcv/public_html/wp-content/plugins/payfort_fort/classes/class-woocommerce-fort.php(469): WC_Abstract_Order->__construct('535')
#3 /home/897092.cloudwaysapps.com/qnjpvbnhcv/public_html/wp-content/plugins/payfort_fort/classes/class-woocommerce-fort.php(444): WC_Gateway_Payfort->_handleResponse('offline')
#4 /home/897092.cloudwaysapps.com/qnjpvbnhcv/public_html/wp-includes/class-wp-hook.php(307): WC_Gateway_Payfort->process_res in /home/897092.cloudwaysapps.com/qnjpvbnhcv/public_html/wp-content/plugins/woocommerce/includes/data-stores/abstract-wc-order-data-store-cpt.php on line 104

