2023-09-19T10:49:15+00:00 CRITICAL Uncaught Exception: Invalid order. in /home/897092.cloudwaysapps.com/qnjpvbnhcv/public_html/wp-content/plugins/woocommerce/includes/data-stores/abstract-wc-order-data-store-cpt.php:104
Stack trace:
#0 /home/897092.cloudwaysapps.com/qnjpvbnhcv/public_html/wp-content/plugins/woocommerce/includes/class-wc-data-store.php(159): Abstract_WC_Order_Data_Store_CPT->read(Object(WC_Order))
#1 /home/897092.cloudwaysapps.com/qnjpvbnhcv/public_html/wp-content/plugins/woocommerce/includes/abstracts/abstract-wc-order.php(116): WC_Data_Store->read(Object(WC_Order))
#2 /home/897092.cloudwaysapps.com/qnjpvbnhcv/public_html/wp-content/plugins/payfort_fort/classes/class-woocommerce-fort.php(469): WC_Abstract_Order->__construct('03465')
#3 /home/897092.cloudwaysapps.com/qnjpvbnhcv/public_html/wp-content/plugins/payfort_fort/classes/class-woocommerce-fort.php(444): WC_Gateway_Payfort->_handleResponse('offline')
#4 /home/897092.cloudwaysapps.com/qnjpvbnhcv/public_html/wp-includes/class-wp-hook.php(307): WC_Gateway_Payfort->process_r in /home/897092.cloudwaysapps.com/qnjpvbnhcv/public_html/wp-content/plugins/woocommerce/includes/data-stores/abstract-wc-order-data-store-cpt.php on line 104

2023-09-19T10:49:26+00:00 CRITICAL Uncaught Exception: Invalid order. in /home/897092.cloudwaysapps.com/qnjpvbnhcv/public_html/wp-content/plugins/woocommerce/includes/data-stores/abstract-wc-order-data-store-cpt.php:104
Stack trace:
#0 /home/897092.cloudwaysapps.com/qnjpvbnhcv/public_html/wp-content/plugins/woocommerce/includes/class-wc-data-store.php(159): Abstract_WC_Order_Data_Store_CPT->read(Object(WC_Order))
#1 /home/897092.cloudwaysapps.com/qnjpvbnhcv/public_html/wp-content/plugins/woocommerce/includes/abstracts/abstract-wc-order.php(116): WC_Data_Store->read(Object(WC_Order))
#2 /home/897092.cloudwaysapps.com/qnjpvbnhcv/public_html/wp-content/plugins/payfort_fort/classes/class-woocommerce-fort.php(469): WC_Abstract_Order->__construct('03465')
#3 /home/897092.cloudwaysapps.com/qnjpvbnhcv/public_html/wp-content/plugins/payfort_fort/classes/class-woocommerce-fort.php(444): WC_Gateway_Payfort->_handleResponse('offline')
#4 /home/897092.cloudwaysapps.com/qnjpvbnhcv/public_html/wp-includes/class-wp-hook.php(307): WC_Gateway_Payfort->process_r in /home/897092.cloudwaysapps.com/qnjpvbnhcv/public_html/wp-content/plugins/woocommerce/includes/data-stores/abstract-wc-order-data-store-cpt.php on line 104

2023-09-19T10:49:36+00:00 CRITICAL Uncaught Exception: Invalid order. in /home/897092.cloudwaysapps.com/qnjpvbnhcv/public_html/wp-content/plugins/woocommerce/includes/data-stores/abstract-wc-order-data-store-cpt.php:104
Stack trace:
#0 /home/897092.cloudwaysapps.com/qnjpvbnhcv/public_html/wp-content/plugins/woocommerce/includes/class-wc-data-store.php(159): Abstract_WC_Order_Data_Store_CPT->read(Object(WC_Order))
#1 /home/897092.cloudwaysapps.com/qnjpvbnhcv/public_html/wp-content/plugins/woocommerce/includes/abstracts/abstract-wc-order.php(116): WC_Data_Store->read(Object(WC_Order))
#2 /home/897092.cloudwaysapps.com/qnjpvbnhcv/public_html/wp-content/plugins/payfort_fort/classes/class-woocommerce-fort.php(469): WC_Abstract_Order->__construct('03465')
#3 /home/897092.cloudwaysapps.com/qnjpvbnhcv/public_html/wp-content/plugins/payfort_fort/classes/class-woocommerce-fort.php(444): WC_Gateway_Payfort->_handleResponse('offline')
#4 /home/897092.cloudwaysapps.com/qnjpvbnhcv/public_html/wp-includes/class-wp-hook.php(307): WC_Gateway_Payfort->process_r in /home/897092.cloudwaysapps.com/qnjpvbnhcv/public_html/wp-content/plugins/woocommerce/includes/data-stores/abstract-wc-order-data-store-cpt.php on line 104

2023-09-19T10:49:47+00:00 CRITICAL Uncaught Exception: Invalid order. in /home/897092.cloudwaysapps.com/qnjpvbnhcv/public_html/wp-content/plugins/woocommerce/includes/data-stores/abstract-wc-order-data-store-cpt.php:104
Stack trace:
#0 /home/897092.cloudwaysapps.com/qnjpvbnhcv/public_html/wp-content/plugins/woocommerce/includes/class-wc-data-store.php(159): Abstract_WC_Order_Data_Store_CPT->read(Object(WC_Order))
#1 /home/897092.cloudwaysapps.com/qnjpvbnhcv/public_html/wp-content/plugins/woocommerce/includes/abstracts/abstract-wc-order.php(116): WC_Data_Store->read(Object(WC_Order))
#2 /home/897092.cloudwaysapps.com/qnjpvbnhcv/public_html/wp-content/plugins/payfort_fort/classes/class-woocommerce-fort.php(469): WC_Abstract_Order->__construct('03465')
#3 /home/897092.cloudwaysapps.com/qnjpvbnhcv/public_html/wp-content/plugins/payfort_fort/classes/class-woocommerce-fort.php(444): WC_Gateway_Payfort->_handleResponse('offline')
#4 /home/897092.cloudwaysapps.com/qnjpvbnhcv/public_html/wp-includes/class-wp-hook.php(307): WC_Gateway_Payfort->process_r in /home/897092.cloudwaysapps.com/qnjpvbnhcv/public_html/wp-content/plugins/woocommerce/includes/data-stores/abstract-wc-order-data-store-cpt.php on line 104

2023-09-19T10:49:58+00:00 CRITICAL Uncaught Exception: Invalid order. in /home/897092.cloudwaysapps.com/qnjpvbnhcv/public_html/wp-content/plugins/woocommerce/includes/data-stores/abstract-wc-order-data-store-cpt.php:104
Stack trace:
#0 /home/897092.cloudwaysapps.com/qnjpvbnhcv/public_html/wp-content/plugins/woocommerce/includes/class-wc-data-store.php(159): Abstract_WC_Order_Data_Store_CPT->read(Object(WC_Order))
#1 /home/897092.cloudwaysapps.com/qnjpvbnhcv/public_html/wp-content/plugins/woocommerce/includes/abstracts/abstract-wc-order.php(116): WC_Data_Store->read(Object(WC_Order))
#2 /home/897092.cloudwaysapps.com/qnjpvbnhcv/public_html/wp-content/plugins/payfort_fort/classes/class-woocommerce-fort.php(469): WC_Abstract_Order->__construct('03465')
#3 /home/897092.cloudwaysapps.com/qnjpvbnhcv/public_html/wp-content/plugins/payfort_fort/classes/class-woocommerce-fort.php(444): WC_Gateway_Payfort->_handleResponse('offline')
#4 /home/897092.cloudwaysapps.com/qnjpvbnhcv/public_html/wp-includes/class-wp-hook.php(307): WC_Gateway_Payfort->process_r in /home/897092.cloudwaysapps.com/qnjpvbnhcv/public_html/wp-content/plugins/woocommerce/includes/data-stores/abstract-wc-order-data-store-cpt.php on line 104

2023-09-19T10:50:09+00:00 CRITICAL Uncaught Exception: Invalid order. in /home/897092.cloudwaysapps.com/qnjpvbnhcv/public_html/wp-content/plugins/woocommerce/includes/data-stores/abstract-wc-order-data-store-cpt.php:104
Stack trace:
#0 /home/897092.cloudwaysapps.com/qnjpvbnhcv/public_html/wp-content/plugins/woocommerce/includes/class-wc-data-store.php(159): Abstract_WC_Order_Data_Store_CPT->read(Object(WC_Order))
#1 /home/897092.cloudwaysapps.com/qnjpvbnhcv/public_html/wp-content/plugins/woocommerce/includes/abstracts/abstract-wc-order.php(116): WC_Data_Store->read(Object(WC_Order))
#2 /home/897092.cloudwaysapps.com/qnjpvbnhcv/public_html/wp-content/plugins/payfort_fort/classes/class-woocommerce-fort.php(469): WC_Abstract_Order->__construct('03465')
#3 /home/897092.cloudwaysapps.com/qnjpvbnhcv/public_html/wp-content/plugins/payfort_fort/classes/class-woocommerce-fort.php(444): WC_Gateway_Payfort->_handleResponse('offline')
#4 /home/897092.cloudwaysapps.com/qnjpvbnhcv/public_html/wp-includes/class-wp-hook.php(307): WC_Gateway_Payfort->process_r in /home/897092.cloudwaysapps.com/qnjpvbnhcv/public_html/wp-content/plugins/woocommerce/includes/data-stores/abstract-wc-order-data-store-cpt.php on line 104

2023-09-19T10:50:20+00:00 CRITICAL Uncaught Exception: Invalid order. in /home/897092.cloudwaysapps.com/qnjpvbnhcv/public_html/wp-content/plugins/woocommerce/includes/data-stores/abstract-wc-order-data-store-cpt.php:104
Stack trace:
#0 /home/897092.cloudwaysapps.com/qnjpvbnhcv/public_html/wp-content/plugins/woocommerce/includes/class-wc-data-store.php(159): Abstract_WC_Order_Data_Store_CPT->read(Object(WC_Order))
#1 /home/897092.cloudwaysapps.com/qnjpvbnhcv/public_html/wp-content/plugins/woocommerce/includes/abstracts/abstract-wc-order.php(116): WC_Data_Store->read(Object(WC_Order))
#2 /home/897092.cloudwaysapps.com/qnjpvbnhcv/public_html/wp-content/plugins/payfort_fort/classes/class-woocommerce-fort.php(469): WC_Abstract_Order->__construct('03465')
#3 /home/897092.cloudwaysapps.com/qnjpvbnhcv/public_html/wp-content/plugins/payfort_fort/classes/class-woocommerce-fort.php(444): WC_Gateway_Payfort->_handleResponse('offline')
#4 /home/897092.cloudwaysapps.com/qnjpvbnhcv/public_html/wp-includes/class-wp-hook.php(307): WC_Gateway_Payfort->process_r in /home/897092.cloudwaysapps.com/qnjpvbnhcv/public_html/wp-content/plugins/woocommerce/includes/data-stores/abstract-wc-order-data-store-cpt.php on line 104

2023-09-19T10:50:31+00:00 CRITICAL Uncaught Exception: Invalid order. in /home/897092.cloudwaysapps.com/qnjpvbnhcv/public_html/wp-content/plugins/woocommerce/includes/data-stores/abstract-wc-order-data-store-cpt.php:104
Stack trace:
#0 /home/897092.cloudwaysapps.com/qnjpvbnhcv/public_html/wp-content/plugins/woocommerce/includes/class-wc-data-store.php(159): Abstract_WC_Order_Data_Store_CPT->read(Object(WC_Order))
#1 /home/897092.cloudwaysapps.com/qnjpvbnhcv/public_html/wp-content/plugins/woocommerce/includes/abstracts/abstract-wc-order.php(116): WC_Data_Store->read(Object(WC_Order))
#2 /home/897092.cloudwaysapps.com/qnjpvbnhcv/public_html/wp-content/plugins/payfort_fort/classes/class-woocommerce-fort.php(469): WC_Abstract_Order->__construct('03465')
#3 /home/897092.cloudwaysapps.com/qnjpvbnhcv/public_html/wp-content/plugins/payfort_fort/classes/class-woocommerce-fort.php(444): WC_Gateway_Payfort->_handleResponse('offline')
#4 /home/897092.cloudwaysapps.com/qnjpvbnhcv/public_html/wp-includes/class-wp-hook.php(307): WC_Gateway_Payfort->process_r in /home/897092.cloudwaysapps.com/qnjpvbnhcv/public_html/wp-content/plugins/woocommerce/includes/data-stores/abstract-wc-order-data-store-cpt.php on line 104

2023-09-19T10:50:42+00:00 CRITICAL Uncaught Exception: Invalid order. in /home/897092.cloudwaysapps.com/qnjpvbnhcv/public_html/wp-content/plugins/woocommerce/includes/data-stores/abstract-wc-order-data-store-cpt.php:104
Stack trace:
#0 /home/897092.cloudwaysapps.com/qnjpvbnhcv/public_html/wp-content/plugins/woocommerce/includes/class-wc-data-store.php(159): Abstract_WC_Order_Data_Store_CPT->read(Object(WC_Order))
#1 /home/897092.cloudwaysapps.com/qnjpvbnhcv/public_html/wp-content/plugins/woocommerce/includes/abstracts/abstract-wc-order.php(116): WC_Data_Store->read(Object(WC_Order))
#2 /home/897092.cloudwaysapps.com/qnjpvbnhcv/public_html/wp-content/plugins/payfort_fort/classes/class-woocommerce-fort.php(469): WC_Abstract_Order->__construct('03465')
#3 /home/897092.cloudwaysapps.com/qnjpvbnhcv/public_html/wp-content/plugins/payfort_fort/classes/class-woocommerce-fort.php(444): WC_Gateway_Payfort->_handleResponse('offline')
#4 /home/897092.cloudwaysapps.com/qnjpvbnhcv/public_html/wp-includes/class-wp-hook.php(307): WC_Gateway_Payfort->process_r in /home/897092.cloudwaysapps.com/qnjpvbnhcv/public_html/wp-content/plugins/woocommerce/includes/data-stores/abstract-wc-order-data-store-cpt.php on line 104

2023-09-19T10:50:52+00:00 CRITICAL Uncaught Exception: Invalid order. in /home/897092.cloudwaysapps.com/qnjpvbnhcv/public_html/wp-content/plugins/woocommerce/includes/data-stores/abstract-wc-order-data-store-cpt.php:104
Stack trace:
#0 /home/897092.cloudwaysapps.com/qnjpvbnhcv/public_html/wp-content/plugins/woocommerce/includes/class-wc-data-store.php(159): Abstract_WC_Order_Data_Store_CPT->read(Object(WC_Order))
#1 /home/897092.cloudwaysapps.com/qnjpvbnhcv/public_html/wp-content/plugins/woocommerce/includes/abstracts/abstract-wc-order.php(116): WC_Data_Store->read(Object(WC_Order))
#2 /home/897092.cloudwaysapps.com/qnjpvbnhcv/public_html/wp-content/plugins/payfort_fort/classes/class-woocommerce-fort.php(469): WC_Abstract_Order->__construct('03465')
#3 /home/897092.cloudwaysapps.com/qnjpvbnhcv/public_html/wp-content/plugins/payfort_fort/classes/class-woocommerce-fort.php(444): WC_Gateway_Payfort->_handleResponse('offline')
#4 /home/897092.cloudwaysapps.com/qnjpvbnhcv/public_html/wp-includes/class-wp-hook.php(307): WC_Gateway_Payfort->process_r in /home/897092.cloudwaysapps.com/qnjpvbnhcv/public_html/wp-content/plugins/woocommerce/includes/data-stores/abstract-wc-order-data-store-cpt.php on line 104

2023-09-19T10:51:03+00:00 CRITICAL Uncaught Exception: Invalid order. in /home/897092.cloudwaysapps.com/qnjpvbnhcv/public_html/wp-content/plugins/woocommerce/includes/data-stores/abstract-wc-order-data-store-cpt.php:104
Stack trace:
#0 /home/897092.cloudwaysapps.com/qnjpvbnhcv/public_html/wp-content/plugins/woocommerce/includes/class-wc-data-store.php(159): Abstract_WC_Order_Data_Store_CPT->read(Object(WC_Order))
#1 /home/897092.cloudwaysapps.com/qnjpvbnhcv/public_html/wp-content/plugins/woocommerce/includes/abstracts/abstract-wc-order.php(116): WC_Data_Store->read(Object(WC_Order))
#2 /home/897092.cloudwaysapps.com/qnjpvbnhcv/public_html/wp-content/plugins/payfort_fort/classes/class-woocommerce-fort.php(469): WC_Abstract_Order->__construct('03465')
#3 /home/897092.cloudwaysapps.com/qnjpvbnhcv/public_html/wp-content/plugins/payfort_fort/classes/class-woocommerce-fort.php(444): WC_Gateway_Payfort->_handleResponse('offline')
#4 /home/897092.cloudwaysapps.com/qnjpvbnhcv/public_html/wp-includes/class-wp-hook.php(307): WC_Gateway_Payfort->process_r in /home/897092.cloudwaysapps.com/qnjpvbnhcv/public_html/wp-content/plugins/woocommerce/includes/data-stores/abstract-wc-order-data-store-cpt.php on line 104

