2023-10-17T06:15:25+00:00 CRITICAL Uncaught Exception: Invalid order. in /home/897092.cloudwaysapps.com/qnjpvbnhcv/public_html/wp-content/plugins/woocommerce/includes/data-stores/abstract-wc-order-data-store-cpt.php:104
Stack trace:
#0 /home/897092.cloudwaysapps.com/qnjpvbnhcv/public_html/wp-content/plugins/woocommerce/includes/class-wc-data-store.php(159): Abstract_WC_Order_Data_Store_CPT->read(Object(WC_Order))
#1 /home/897092.cloudwaysapps.com/qnjpvbnhcv/public_html/wp-content/plugins/woocommerce/includes/abstracts/abstract-wc-order.php(116): WC_Data_Store->read(Object(WC_Order))
#2 /home/897092.cloudwaysapps.com/qnjpvbnhcv/public_html/wp-content/plugins/payfort_fort/classes/class-woocommerce-fort.php(469): WC_Abstract_Order->__construct('03522')
#3 /home/897092.cloudwaysapps.com/qnjpvbnhcv/public_html/wp-content/plugins/payfort_fort/classes/class-woocommerce-fort.php(444): WC_Gateway_Payfort->_handleResponse('offline')
#4 /home/897092.cloudwaysapps.com/qnjpvbnhcv/public_html/wp-includes/class-wp-hook.php(307): WC_Gateway_Payfort->process_r in /home/897092.cloudwaysapps.com/qnjpvbnhcv/public_html/wp-content/plugins/woocommerce/includes/data-stores/abstract-wc-order-data-store-cpt.php on line 104

2023-10-17T06:15:36+00:00 CRITICAL Uncaught Exception: Invalid order. in /home/897092.cloudwaysapps.com/qnjpvbnhcv/public_html/wp-content/plugins/woocommerce/includes/data-stores/abstract-wc-order-data-store-cpt.php:104
Stack trace:
#0 /home/897092.cloudwaysapps.com/qnjpvbnhcv/public_html/wp-content/plugins/woocommerce/includes/class-wc-data-store.php(159): Abstract_WC_Order_Data_Store_CPT->read(Object(WC_Order))
#1 /home/897092.cloudwaysapps.com/qnjpvbnhcv/public_html/wp-content/plugins/woocommerce/includes/abstracts/abstract-wc-order.php(116): WC_Data_Store->read(Object(WC_Order))
#2 /home/897092.cloudwaysapps.com/qnjpvbnhcv/public_html/wp-content/plugins/payfort_fort/classes/class-woocommerce-fort.php(469): WC_Abstract_Order->__construct('03522')
#3 /home/897092.cloudwaysapps.com/qnjpvbnhcv/public_html/wp-content/plugins/payfort_fort/classes/class-woocommerce-fort.php(444): WC_Gateway_Payfort->_handleResponse('offline')
#4 /home/897092.cloudwaysapps.com/qnjpvbnhcv/public_html/wp-includes/class-wp-hook.php(307): WC_Gateway_Payfort->process_r in /home/897092.cloudwaysapps.com/qnjpvbnhcv/public_html/wp-content/plugins/woocommerce/includes/data-stores/abstract-wc-order-data-store-cpt.php on line 104

2023-10-17T06:15:47+00:00 CRITICAL Uncaught Exception: Invalid order. in /home/897092.cloudwaysapps.com/qnjpvbnhcv/public_html/wp-content/plugins/woocommerce/includes/data-stores/abstract-wc-order-data-store-cpt.php:104
Stack trace:
#0 /home/897092.cloudwaysapps.com/qnjpvbnhcv/public_html/wp-content/plugins/woocommerce/includes/class-wc-data-store.php(159): Abstract_WC_Order_Data_Store_CPT->read(Object(WC_Order))
#1 /home/897092.cloudwaysapps.com/qnjpvbnhcv/public_html/wp-content/plugins/woocommerce/includes/abstracts/abstract-wc-order.php(116): WC_Data_Store->read(Object(WC_Order))
#2 /home/897092.cloudwaysapps.com/qnjpvbnhcv/public_html/wp-content/plugins/payfort_fort/classes/class-woocommerce-fort.php(469): WC_Abstract_Order->__construct('03522')
#3 /home/897092.cloudwaysapps.com/qnjpvbnhcv/public_html/wp-content/plugins/payfort_fort/classes/class-woocommerce-fort.php(444): WC_Gateway_Payfort->_handleResponse('offline')
#4 /home/897092.cloudwaysapps.com/qnjpvbnhcv/public_html/wp-includes/class-wp-hook.php(307): WC_Gateway_Payfort->process_r in /home/897092.cloudwaysapps.com/qnjpvbnhcv/public_html/wp-content/plugins/woocommerce/includes/data-stores/abstract-wc-order-data-store-cpt.php on line 104

2023-10-17T06:15:57+00:00 CRITICAL Uncaught Exception: Invalid order. in /home/897092.cloudwaysapps.com/qnjpvbnhcv/public_html/wp-content/plugins/woocommerce/includes/data-stores/abstract-wc-order-data-store-cpt.php:104
Stack trace:
#0 /home/897092.cloudwaysapps.com/qnjpvbnhcv/public_html/wp-content/plugins/woocommerce/includes/class-wc-data-store.php(159): Abstract_WC_Order_Data_Store_CPT->read(Object(WC_Order))
#1 /home/897092.cloudwaysapps.com/qnjpvbnhcv/public_html/wp-content/plugins/woocommerce/includes/abstracts/abstract-wc-order.php(116): WC_Data_Store->read(Object(WC_Order))
#2 /home/897092.cloudwaysapps.com/qnjpvbnhcv/public_html/wp-content/plugins/payfort_fort/classes/class-woocommerce-fort.php(469): WC_Abstract_Order->__construct('03522')
#3 /home/897092.cloudwaysapps.com/qnjpvbnhcv/public_html/wp-content/plugins/payfort_fort/classes/class-woocommerce-fort.php(444): WC_Gateway_Payfort->_handleResponse('offline')
#4 /home/897092.cloudwaysapps.com/qnjpvbnhcv/public_html/wp-includes/class-wp-hook.php(307): WC_Gateway_Payfort->process_r in /home/897092.cloudwaysapps.com/qnjpvbnhcv/public_html/wp-content/plugins/woocommerce/includes/data-stores/abstract-wc-order-data-store-cpt.php on line 104

2023-10-17T06:16:08+00:00 CRITICAL Uncaught Exception: Invalid order. in /home/897092.cloudwaysapps.com/qnjpvbnhcv/public_html/wp-content/plugins/woocommerce/includes/data-stores/abstract-wc-order-data-store-cpt.php:104
Stack trace:
#0 /home/897092.cloudwaysapps.com/qnjpvbnhcv/public_html/wp-content/plugins/woocommerce/includes/class-wc-data-store.php(159): Abstract_WC_Order_Data_Store_CPT->read(Object(WC_Order))
#1 /home/897092.cloudwaysapps.com/qnjpvbnhcv/public_html/wp-content/plugins/woocommerce/includes/abstracts/abstract-wc-order.php(116): WC_Data_Store->read(Object(WC_Order))
#2 /home/897092.cloudwaysapps.com/qnjpvbnhcv/public_html/wp-content/plugins/payfort_fort/classes/class-woocommerce-fort.php(469): WC_Abstract_Order->__construct('03522')
#3 /home/897092.cloudwaysapps.com/qnjpvbnhcv/public_html/wp-content/plugins/payfort_fort/classes/class-woocommerce-fort.php(444): WC_Gateway_Payfort->_handleResponse('offline')
#4 /home/897092.cloudwaysapps.com/qnjpvbnhcv/public_html/wp-includes/class-wp-hook.php(307): WC_Gateway_Payfort->process_r in /home/897092.cloudwaysapps.com/qnjpvbnhcv/public_html/wp-content/plugins/woocommerce/includes/data-stores/abstract-wc-order-data-store-cpt.php on line 104

2023-10-17T06:16:19+00:00 CRITICAL Uncaught Exception: Invalid order. in /home/897092.cloudwaysapps.com/qnjpvbnhcv/public_html/wp-content/plugins/woocommerce/includes/data-stores/abstract-wc-order-data-store-cpt.php:104
Stack trace:
#0 /home/897092.cloudwaysapps.com/qnjpvbnhcv/public_html/wp-content/plugins/woocommerce/includes/class-wc-data-store.php(159): Abstract_WC_Order_Data_Store_CPT->read(Object(WC_Order))
#1 /home/897092.cloudwaysapps.com/qnjpvbnhcv/public_html/wp-content/plugins/woocommerce/includes/abstracts/abstract-wc-order.php(116): WC_Data_Store->read(Object(WC_Order))
#2 /home/897092.cloudwaysapps.com/qnjpvbnhcv/public_html/wp-content/plugins/payfort_fort/classes/class-woocommerce-fort.php(469): WC_Abstract_Order->__construct('03522')
#3 /home/897092.cloudwaysapps.com/qnjpvbnhcv/public_html/wp-content/plugins/payfort_fort/classes/class-woocommerce-fort.php(444): WC_Gateway_Payfort->_handleResponse('offline')
#4 /home/897092.cloudwaysapps.com/qnjpvbnhcv/public_html/wp-includes/class-wp-hook.php(307): WC_Gateway_Payfort->process_r in /home/897092.cloudwaysapps.com/qnjpvbnhcv/public_html/wp-content/plugins/woocommerce/includes/data-stores/abstract-wc-order-data-store-cpt.php on line 104

2023-10-17T06:16:30+00:00 CRITICAL Uncaught Exception: Invalid order. in /home/897092.cloudwaysapps.com/qnjpvbnhcv/public_html/wp-content/plugins/woocommerce/includes/data-stores/abstract-wc-order-data-store-cpt.php:104
Stack trace:
#0 /home/897092.cloudwaysapps.com/qnjpvbnhcv/public_html/wp-content/plugins/woocommerce/includes/class-wc-data-store.php(159): Abstract_WC_Order_Data_Store_CPT->read(Object(WC_Order))
#1 /home/897092.cloudwaysapps.com/qnjpvbnhcv/public_html/wp-content/plugins/woocommerce/includes/abstracts/abstract-wc-order.php(116): WC_Data_Store->read(Object(WC_Order))
#2 /home/897092.cloudwaysapps.com/qnjpvbnhcv/public_html/wp-content/plugins/payfort_fort/classes/class-woocommerce-fort.php(469): WC_Abstract_Order->__construct('03522')
#3 /home/897092.cloudwaysapps.com/qnjpvbnhcv/public_html/wp-content/plugins/payfort_fort/classes/class-woocommerce-fort.php(444): WC_Gateway_Payfort->_handleResponse('offline')
#4 /home/897092.cloudwaysapps.com/qnjpvbnhcv/public_html/wp-includes/class-wp-hook.php(307): WC_Gateway_Payfort->process_r in /home/897092.cloudwaysapps.com/qnjpvbnhcv/public_html/wp-content/plugins/woocommerce/includes/data-stores/abstract-wc-order-data-store-cpt.php on line 104

2023-10-17T06:16:41+00:00 CRITICAL Uncaught Exception: Invalid order. in /home/897092.cloudwaysapps.com/qnjpvbnhcv/public_html/wp-content/plugins/woocommerce/includes/data-stores/abstract-wc-order-data-store-cpt.php:104
Stack trace:
#0 /home/897092.cloudwaysapps.com/qnjpvbnhcv/public_html/wp-content/plugins/woocommerce/includes/class-wc-data-store.php(159): Abstract_WC_Order_Data_Store_CPT->read(Object(WC_Order))
#1 /home/897092.cloudwaysapps.com/qnjpvbnhcv/public_html/wp-content/plugins/woocommerce/includes/abstracts/abstract-wc-order.php(116): WC_Data_Store->read(Object(WC_Order))
#2 /home/897092.cloudwaysapps.com/qnjpvbnhcv/public_html/wp-content/plugins/payfort_fort/classes/class-woocommerce-fort.php(469): WC_Abstract_Order->__construct('03522')
#3 /home/897092.cloudwaysapps.com/qnjpvbnhcv/public_html/wp-content/plugins/payfort_fort/classes/class-woocommerce-fort.php(444): WC_Gateway_Payfort->_handleResponse('offline')
#4 /home/897092.cloudwaysapps.com/qnjpvbnhcv/public_html/wp-includes/class-wp-hook.php(307): WC_Gateway_Payfort->process_r in /home/897092.cloudwaysapps.com/qnjpvbnhcv/public_html/wp-content/plugins/woocommerce/includes/data-stores/abstract-wc-order-data-store-cpt.php on line 104

2023-10-17T06:16:52+00:00 CRITICAL Uncaught Exception: Invalid order. in /home/897092.cloudwaysapps.com/qnjpvbnhcv/public_html/wp-content/plugins/woocommerce/includes/data-stores/abstract-wc-order-data-store-cpt.php:104
Stack trace:
#0 /home/897092.cloudwaysapps.com/qnjpvbnhcv/public_html/wp-content/plugins/woocommerce/includes/class-wc-data-store.php(159): Abstract_WC_Order_Data_Store_CPT->read(Object(WC_Order))
#1 /home/897092.cloudwaysapps.com/qnjpvbnhcv/public_html/wp-content/plugins/woocommerce/includes/abstracts/abstract-wc-order.php(116): WC_Data_Store->read(Object(WC_Order))
#2 /home/897092.cloudwaysapps.com/qnjpvbnhcv/public_html/wp-content/plugins/payfort_fort/classes/class-woocommerce-fort.php(469): WC_Abstract_Order->__construct('03522')
#3 /home/897092.cloudwaysapps.com/qnjpvbnhcv/public_html/wp-content/plugins/payfort_fort/classes/class-woocommerce-fort.php(444): WC_Gateway_Payfort->_handleResponse('offline')
#4 /home/897092.cloudwaysapps.com/qnjpvbnhcv/public_html/wp-includes/class-wp-hook.php(307): WC_Gateway_Payfort->process_r in /home/897092.cloudwaysapps.com/qnjpvbnhcv/public_html/wp-content/plugins/woocommerce/includes/data-stores/abstract-wc-order-data-store-cpt.php on line 104

2023-10-17T06:17:03+00:00 CRITICAL Uncaught Exception: Invalid order. in /home/897092.cloudwaysapps.com/qnjpvbnhcv/public_html/wp-content/plugins/woocommerce/includes/data-stores/abstract-wc-order-data-store-cpt.php:104
Stack trace:
#0 /home/897092.cloudwaysapps.com/qnjpvbnhcv/public_html/wp-content/plugins/woocommerce/includes/class-wc-data-store.php(159): Abstract_WC_Order_Data_Store_CPT->read(Object(WC_Order))
#1 /home/897092.cloudwaysapps.com/qnjpvbnhcv/public_html/wp-content/plugins/woocommerce/includes/abstracts/abstract-wc-order.php(116): WC_Data_Store->read(Object(WC_Order))
#2 /home/897092.cloudwaysapps.com/qnjpvbnhcv/public_html/wp-content/plugins/payfort_fort/classes/class-woocommerce-fort.php(469): WC_Abstract_Order->__construct('03522')
#3 /home/897092.cloudwaysapps.com/qnjpvbnhcv/public_html/wp-content/plugins/payfort_fort/classes/class-woocommerce-fort.php(444): WC_Gateway_Payfort->_handleResponse('offline')
#4 /home/897092.cloudwaysapps.com/qnjpvbnhcv/public_html/wp-includes/class-wp-hook.php(307): WC_Gateway_Payfort->process_r in /home/897092.cloudwaysapps.com/qnjpvbnhcv/public_html/wp-content/plugins/woocommerce/includes/data-stores/abstract-wc-order-data-store-cpt.php on line 104

2023-10-17T06:17:14+00:00 CRITICAL Uncaught Exception: Invalid order. in /home/897092.cloudwaysapps.com/qnjpvbnhcv/public_html/wp-content/plugins/woocommerce/includes/data-stores/abstract-wc-order-data-store-cpt.php:104
Stack trace:
#0 /home/897092.cloudwaysapps.com/qnjpvbnhcv/public_html/wp-content/plugins/woocommerce/includes/class-wc-data-store.php(159): Abstract_WC_Order_Data_Store_CPT->read(Object(WC_Order))
#1 /home/897092.cloudwaysapps.com/qnjpvbnhcv/public_html/wp-content/plugins/woocommerce/includes/abstracts/abstract-wc-order.php(116): WC_Data_Store->read(Object(WC_Order))
#2 /home/897092.cloudwaysapps.com/qnjpvbnhcv/public_html/wp-content/plugins/payfort_fort/classes/class-woocommerce-fort.php(469): WC_Abstract_Order->__construct('03522')
#3 /home/897092.cloudwaysapps.com/qnjpvbnhcv/public_html/wp-content/plugins/payfort_fort/classes/class-woocommerce-fort.php(444): WC_Gateway_Payfort->_handleResponse('offline')
#4 /home/897092.cloudwaysapps.com/qnjpvbnhcv/public_html/wp-includes/class-wp-hook.php(307): WC_Gateway_Payfort->process_r in /home/897092.cloudwaysapps.com/qnjpvbnhcv/public_html/wp-content/plugins/woocommerce/includes/data-stores/abstract-wc-order-data-store-cpt.php on line 104

