2023-11-15T11:09:10+00:00 CRITICAL Uncaught Exception: Invalid order. in /home/897092.cloudwaysapps.com/qnjpvbnhcv/public_html/wp-content/plugins/woocommerce/includes/data-stores/abstract-wc-order-data-store-cpt.php:104
Stack trace:
#0 /home/897092.cloudwaysapps.com/qnjpvbnhcv/public_html/wp-content/plugins/woocommerce/includes/class-wc-data-store.php(159): Abstract_WC_Order_Data_Store_CPT->read(Object(WC_Order))
#1 /home/897092.cloudwaysapps.com/qnjpvbnhcv/public_html/wp-content/plugins/woocommerce/includes/abstracts/abstract-wc-order.php(116): WC_Data_Store->read(Object(WC_Order))
#2 /home/897092.cloudwaysapps.com/qnjpvbnhcv/public_html/wp-content/plugins/payfort_fort/classes/class-woocommerce-fort.php(469): WC_Abstract_Order->__construct('03581')
#3 /home/897092.cloudwaysapps.com/qnjpvbnhcv/public_html/wp-content/plugins/payfort_fort/classes/class-woocommerce-fort.php(444): WC_Gateway_Payfort->_handleResponse('offline')
#4 /home/897092.cloudwaysapps.com/qnjpvbnhcv/public_html/wp-includes/class-wp-hook.php(307): WC_Gateway_Payfort->process_r in /home/897092.cloudwaysapps.com/qnjpvbnhcv/public_html/wp-content/plugins/woocommerce/includes/data-stores/abstract-wc-order-data-store-cpt.php on line 104

2023-11-15T11:09:21+00:00 CRITICAL Uncaught Exception: Invalid order. in /home/897092.cloudwaysapps.com/qnjpvbnhcv/public_html/wp-content/plugins/woocommerce/includes/data-stores/abstract-wc-order-data-store-cpt.php:104
Stack trace:
#0 /home/897092.cloudwaysapps.com/qnjpvbnhcv/public_html/wp-content/plugins/woocommerce/includes/class-wc-data-store.php(159): Abstract_WC_Order_Data_Store_CPT->read(Object(WC_Order))
#1 /home/897092.cloudwaysapps.com/qnjpvbnhcv/public_html/wp-content/plugins/woocommerce/includes/abstracts/abstract-wc-order.php(116): WC_Data_Store->read(Object(WC_Order))
#2 /home/897092.cloudwaysapps.com/qnjpvbnhcv/public_html/wp-content/plugins/payfort_fort/classes/class-woocommerce-fort.php(469): WC_Abstract_Order->__construct('03581')
#3 /home/897092.cloudwaysapps.com/qnjpvbnhcv/public_html/wp-content/plugins/payfort_fort/classes/class-woocommerce-fort.php(444): WC_Gateway_Payfort->_handleResponse('offline')
#4 /home/897092.cloudwaysapps.com/qnjpvbnhcv/public_html/wp-includes/class-wp-hook.php(307): WC_Gateway_Payfort->process_r in /home/897092.cloudwaysapps.com/qnjpvbnhcv/public_html/wp-content/plugins/woocommerce/includes/data-stores/abstract-wc-order-data-store-cpt.php on line 104

2023-11-15T11:09:32+00:00 CRITICAL Uncaught Exception: Invalid order. in /home/897092.cloudwaysapps.com/qnjpvbnhcv/public_html/wp-content/plugins/woocommerce/includes/data-stores/abstract-wc-order-data-store-cpt.php:104
Stack trace:
#0 /home/897092.cloudwaysapps.com/qnjpvbnhcv/public_html/wp-content/plugins/woocommerce/includes/class-wc-data-store.php(159): Abstract_WC_Order_Data_Store_CPT->read(Object(WC_Order))
#1 /home/897092.cloudwaysapps.com/qnjpvbnhcv/public_html/wp-content/plugins/woocommerce/includes/abstracts/abstract-wc-order.php(116): WC_Data_Store->read(Object(WC_Order))
#2 /home/897092.cloudwaysapps.com/qnjpvbnhcv/public_html/wp-content/plugins/payfort_fort/classes/class-woocommerce-fort.php(469): WC_Abstract_Order->__construct('03581')
#3 /home/897092.cloudwaysapps.com/qnjpvbnhcv/public_html/wp-content/plugins/payfort_fort/classes/class-woocommerce-fort.php(444): WC_Gateway_Payfort->_handleResponse('offline')
#4 /home/897092.cloudwaysapps.com/qnjpvbnhcv/public_html/wp-includes/class-wp-hook.php(307): WC_Gateway_Payfort->process_r in /home/897092.cloudwaysapps.com/qnjpvbnhcv/public_html/wp-content/plugins/woocommerce/includes/data-stores/abstract-wc-order-data-store-cpt.php on line 104

2023-11-15T11:09:43+00:00 CRITICAL Uncaught Exception: Invalid order. in /home/897092.cloudwaysapps.com/qnjpvbnhcv/public_html/wp-content/plugins/woocommerce/includes/data-stores/abstract-wc-order-data-store-cpt.php:104
Stack trace:
#0 /home/897092.cloudwaysapps.com/qnjpvbnhcv/public_html/wp-content/plugins/woocommerce/includes/class-wc-data-store.php(159): Abstract_WC_Order_Data_Store_CPT->read(Object(WC_Order))
#1 /home/897092.cloudwaysapps.com/qnjpvbnhcv/public_html/wp-content/plugins/woocommerce/includes/abstracts/abstract-wc-order.php(116): WC_Data_Store->read(Object(WC_Order))
#2 /home/897092.cloudwaysapps.com/qnjpvbnhcv/public_html/wp-content/plugins/payfort_fort/classes/class-woocommerce-fort.php(469): WC_Abstract_Order->__construct('03581')
#3 /home/897092.cloudwaysapps.com/qnjpvbnhcv/public_html/wp-content/plugins/payfort_fort/classes/class-woocommerce-fort.php(444): WC_Gateway_Payfort->_handleResponse('offline')
#4 /home/897092.cloudwaysapps.com/qnjpvbnhcv/public_html/wp-includes/class-wp-hook.php(307): WC_Gateway_Payfort->process_r in /home/897092.cloudwaysapps.com/qnjpvbnhcv/public_html/wp-content/plugins/woocommerce/includes/data-stores/abstract-wc-order-data-store-cpt.php on line 104

2023-11-15T11:09:54+00:00 CRITICAL Uncaught Exception: Invalid order. in /home/897092.cloudwaysapps.com/qnjpvbnhcv/public_html/wp-content/plugins/woocommerce/includes/data-stores/abstract-wc-order-data-store-cpt.php:104
Stack trace:
#0 /home/897092.cloudwaysapps.com/qnjpvbnhcv/public_html/wp-content/plugins/woocommerce/includes/class-wc-data-store.php(159): Abstract_WC_Order_Data_Store_CPT->read(Object(WC_Order))
#1 /home/897092.cloudwaysapps.com/qnjpvbnhcv/public_html/wp-content/plugins/woocommerce/includes/abstracts/abstract-wc-order.php(116): WC_Data_Store->read(Object(WC_Order))
#2 /home/897092.cloudwaysapps.com/qnjpvbnhcv/public_html/wp-content/plugins/payfort_fort/classes/class-woocommerce-fort.php(469): WC_Abstract_Order->__construct('03581')
#3 /home/897092.cloudwaysapps.com/qnjpvbnhcv/public_html/wp-content/plugins/payfort_fort/classes/class-woocommerce-fort.php(444): WC_Gateway_Payfort->_handleResponse('offline')
#4 /home/897092.cloudwaysapps.com/qnjpvbnhcv/public_html/wp-includes/class-wp-hook.php(307): WC_Gateway_Payfort->process_r in /home/897092.cloudwaysapps.com/qnjpvbnhcv/public_html/wp-content/plugins/woocommerce/includes/data-stores/abstract-wc-order-data-store-cpt.php on line 104

2023-11-15T11:10:05+00:00 CRITICAL Uncaught Exception: Invalid order. in /home/897092.cloudwaysapps.com/qnjpvbnhcv/public_html/wp-content/plugins/woocommerce/includes/data-stores/abstract-wc-order-data-store-cpt.php:104
Stack trace:
#0 /home/897092.cloudwaysapps.com/qnjpvbnhcv/public_html/wp-content/plugins/woocommerce/includes/class-wc-data-store.php(159): Abstract_WC_Order_Data_Store_CPT->read(Object(WC_Order))
#1 /home/897092.cloudwaysapps.com/qnjpvbnhcv/public_html/wp-content/plugins/woocommerce/includes/abstracts/abstract-wc-order.php(116): WC_Data_Store->read(Object(WC_Order))
#2 /home/897092.cloudwaysapps.com/qnjpvbnhcv/public_html/wp-content/plugins/payfort_fort/classes/class-woocommerce-fort.php(469): WC_Abstract_Order->__construct('03581')
#3 /home/897092.cloudwaysapps.com/qnjpvbnhcv/public_html/wp-content/plugins/payfort_fort/classes/class-woocommerce-fort.php(444): WC_Gateway_Payfort->_handleResponse('offline')
#4 /home/897092.cloudwaysapps.com/qnjpvbnhcv/public_html/wp-includes/class-wp-hook.php(307): WC_Gateway_Payfort->process_r in /home/897092.cloudwaysapps.com/qnjpvbnhcv/public_html/wp-content/plugins/woocommerce/includes/data-stores/abstract-wc-order-data-store-cpt.php on line 104

2023-11-15T11:10:16+00:00 CRITICAL Uncaught Exception: Invalid order. in /home/897092.cloudwaysapps.com/qnjpvbnhcv/public_html/wp-content/plugins/woocommerce/includes/data-stores/abstract-wc-order-data-store-cpt.php:104
Stack trace:
#0 /home/897092.cloudwaysapps.com/qnjpvbnhcv/public_html/wp-content/plugins/woocommerce/includes/class-wc-data-store.php(159): Abstract_WC_Order_Data_Store_CPT->read(Object(WC_Order))
#1 /home/897092.cloudwaysapps.com/qnjpvbnhcv/public_html/wp-content/plugins/woocommerce/includes/abstracts/abstract-wc-order.php(116): WC_Data_Store->read(Object(WC_Order))
#2 /home/897092.cloudwaysapps.com/qnjpvbnhcv/public_html/wp-content/plugins/payfort_fort/classes/class-woocommerce-fort.php(469): WC_Abstract_Order->__construct('03581')
#3 /home/897092.cloudwaysapps.com/qnjpvbnhcv/public_html/wp-content/plugins/payfort_fort/classes/class-woocommerce-fort.php(444): WC_Gateway_Payfort->_handleResponse('offline')
#4 /home/897092.cloudwaysapps.com/qnjpvbnhcv/public_html/wp-includes/class-wp-hook.php(307): WC_Gateway_Payfort->process_r in /home/897092.cloudwaysapps.com/qnjpvbnhcv/public_html/wp-content/plugins/woocommerce/includes/data-stores/abstract-wc-order-data-store-cpt.php on line 104

2023-11-15T11:10:28+00:00 CRITICAL Uncaught Exception: Invalid order. in /home/897092.cloudwaysapps.com/qnjpvbnhcv/public_html/wp-content/plugins/woocommerce/includes/data-stores/abstract-wc-order-data-store-cpt.php:104
Stack trace:
#0 /home/897092.cloudwaysapps.com/qnjpvbnhcv/public_html/wp-content/plugins/woocommerce/includes/class-wc-data-store.php(159): Abstract_WC_Order_Data_Store_CPT->read(Object(WC_Order))
#1 /home/897092.cloudwaysapps.com/qnjpvbnhcv/public_html/wp-content/plugins/woocommerce/includes/abstracts/abstract-wc-order.php(116): WC_Data_Store->read(Object(WC_Order))
#2 /home/897092.cloudwaysapps.com/qnjpvbnhcv/public_html/wp-content/plugins/payfort_fort/classes/class-woocommerce-fort.php(469): WC_Abstract_Order->__construct('03581')
#3 /home/897092.cloudwaysapps.com/qnjpvbnhcv/public_html/wp-content/plugins/payfort_fort/classes/class-woocommerce-fort.php(444): WC_Gateway_Payfort->_handleResponse('offline')
#4 /home/897092.cloudwaysapps.com/qnjpvbnhcv/public_html/wp-includes/class-wp-hook.php(307): WC_Gateway_Payfort->process_r in /home/897092.cloudwaysapps.com/qnjpvbnhcv/public_html/wp-content/plugins/woocommerce/includes/data-stores/abstract-wc-order-data-store-cpt.php on line 104

2023-11-15T11:10:39+00:00 CRITICAL Uncaught Exception: Invalid order. in /home/897092.cloudwaysapps.com/qnjpvbnhcv/public_html/wp-content/plugins/woocommerce/includes/data-stores/abstract-wc-order-data-store-cpt.php:104
Stack trace:
#0 /home/897092.cloudwaysapps.com/qnjpvbnhcv/public_html/wp-content/plugins/woocommerce/includes/class-wc-data-store.php(159): Abstract_WC_Order_Data_Store_CPT->read(Object(WC_Order))
#1 /home/897092.cloudwaysapps.com/qnjpvbnhcv/public_html/wp-content/plugins/woocommerce/includes/abstracts/abstract-wc-order.php(116): WC_Data_Store->read(Object(WC_Order))
#2 /home/897092.cloudwaysapps.com/qnjpvbnhcv/public_html/wp-content/plugins/payfort_fort/classes/class-woocommerce-fort.php(469): WC_Abstract_Order->__construct('03581')
#3 /home/897092.cloudwaysapps.com/qnjpvbnhcv/public_html/wp-content/plugins/payfort_fort/classes/class-woocommerce-fort.php(444): WC_Gateway_Payfort->_handleResponse('offline')
#4 /home/897092.cloudwaysapps.com/qnjpvbnhcv/public_html/wp-includes/class-wp-hook.php(307): WC_Gateway_Payfort->process_r in /home/897092.cloudwaysapps.com/qnjpvbnhcv/public_html/wp-content/plugins/woocommerce/includes/data-stores/abstract-wc-order-data-store-cpt.php on line 104

2023-11-15T11:10:49+00:00 CRITICAL Uncaught Exception: Invalid order. in /home/897092.cloudwaysapps.com/qnjpvbnhcv/public_html/wp-content/plugins/woocommerce/includes/data-stores/abstract-wc-order-data-store-cpt.php:104
Stack trace:
#0 /home/897092.cloudwaysapps.com/qnjpvbnhcv/public_html/wp-content/plugins/woocommerce/includes/class-wc-data-store.php(159): Abstract_WC_Order_Data_Store_CPT->read(Object(WC_Order))
#1 /home/897092.cloudwaysapps.com/qnjpvbnhcv/public_html/wp-content/plugins/woocommerce/includes/abstracts/abstract-wc-order.php(116): WC_Data_Store->read(Object(WC_Order))
#2 /home/897092.cloudwaysapps.com/qnjpvbnhcv/public_html/wp-content/plugins/payfort_fort/classes/class-woocommerce-fort.php(469): WC_Abstract_Order->__construct('03581')
#3 /home/897092.cloudwaysapps.com/qnjpvbnhcv/public_html/wp-content/plugins/payfort_fort/classes/class-woocommerce-fort.php(444): WC_Gateway_Payfort->_handleResponse('offline')
#4 /home/897092.cloudwaysapps.com/qnjpvbnhcv/public_html/wp-includes/class-wp-hook.php(307): WC_Gateway_Payfort->process_r in /home/897092.cloudwaysapps.com/qnjpvbnhcv/public_html/wp-content/plugins/woocommerce/includes/data-stores/abstract-wc-order-data-store-cpt.php on line 104

2023-11-15T11:11:00+00:00 CRITICAL Uncaught Exception: Invalid order. in /home/897092.cloudwaysapps.com/qnjpvbnhcv/public_html/wp-content/plugins/woocommerce/includes/data-stores/abstract-wc-order-data-store-cpt.php:104
Stack trace:
#0 /home/897092.cloudwaysapps.com/qnjpvbnhcv/public_html/wp-content/plugins/woocommerce/includes/class-wc-data-store.php(159): Abstract_WC_Order_Data_Store_CPT->read(Object(WC_Order))
#1 /home/897092.cloudwaysapps.com/qnjpvbnhcv/public_html/wp-content/plugins/woocommerce/includes/abstracts/abstract-wc-order.php(116): WC_Data_Store->read(Object(WC_Order))
#2 /home/897092.cloudwaysapps.com/qnjpvbnhcv/public_html/wp-content/plugins/payfort_fort/classes/class-woocommerce-fort.php(469): WC_Abstract_Order->__construct('03581')
#3 /home/897092.cloudwaysapps.com/qnjpvbnhcv/public_html/wp-content/plugins/payfort_fort/classes/class-woocommerce-fort.php(444): WC_Gateway_Payfort->_handleResponse('offline')
#4 /home/897092.cloudwaysapps.com/qnjpvbnhcv/public_html/wp-includes/class-wp-hook.php(307): WC_Gateway_Payfort->process_r in /home/897092.cloudwaysapps.com/qnjpvbnhcv/public_html/wp-content/plugins/woocommerce/includes/data-stores/abstract-wc-order-data-store-cpt.php on line 104

