04-19-2023 @ 11:32:48 - Fort response parameters (offline) for payment method () 

Array
(
    [wc-api] => wc_gateway_payfort_process_response
    [amount] => 377895
    [response_code] => 14000
    [card_number] => 471386******0475
    [card_holder_name] => Laith Alrubaiy
    [payment_link_id] => 169999990986507451
    [signature] => 735e0b91b86cc0049c34eca83dbcd3f43b3342f705c339af64d458c51242452f
    [merchant_identifier] => xyKdBdwl
    [access_code] => xbmtPp9Q4KEhfEfJUSUG
    [order_description] => Appraisal
    [payment_option] => VISA
    [expiry_date] => 2707
    [customer_ip] => 5.32.58.2
    [language] => en
    [eci] => ECOMMERCE
    [fort_id] => 169999990987659499
    [command] => PURCHASE
    [response_message] => Success
    [merchant_reference] => Quote-03186
    [authorization_code] => 164725
    [customer_email] => laithalrubaiy@gmail.com
    [currency] => AED
    [customer_name] => Laith K Qassim Al Rubaiy
    [status] => 14
)

