11-07-2023 @ 12:16:38 - Fort response parameters (offline) for payment method () 

Array
(
    [wc-api] => wc_gateway_payfort_process_response
    [amount] => 29400
    [response_code] => 14000
    [card_number] => 456835******2150
    [card_holder_name] => Shibin Joseph 
    [payment_link_id] => Quote-03567
    [signature] => 8fdeaeaca86bebc65bb2530d2e6ef5dfb661c2a342e3b0fa0fd7cc626208c704
    [merchant_identifier] => xyKdBdwl
    [access_code] => xbmtPp9Q4KEhfEfJUSUG
    [order_description] => AHA BLS
    [payment_option] => VISA
    [expiry_date] => 2804
    [customer_ip] => 217.165.108.10
    [language] => en
    [eci] => ECOMMERCE
    [fort_id] => 169999991339305734
    [command] => PURCHASE
    [response_message] => Success
    [merchant_reference] => Quote-03567
    [authorization_code] => 621039
    [customer_email] => jisnavincent8@gamil.com
    [currency] => AED
    [customer_name] => Jisna Vincent
    [status] => 14
)

11-07-2023 @ 16:06:39 - Fort response parameters (offline) for payment method () 

Array
(
    [wc-api] => wc_gateway_payfort_process_response
    [amount] => 29400
    [response_code] => 14000
    [card_number] => 546068******2627
    [card_holder_name] => Bishal shrestha
    [payment_link_id] => Quote-03569
    [signature] => 70e94919942238965e960d35966245ab90a03fdbb3c17a97cde9cdbeb73da669
    [merchant_identifier] => xyKdBdwl
    [access_code] => xbmtPp9Q4KEhfEfJUSUG
    [order_description] => AHA BLS
    [payment_option] => MASTERCARD
    [expiry_date] => 2709
    [customer_ip] => 94.203.201.5
    [language] => en
    [eci] => ECOMMERCE
    [fort_id] => 169999991339688966
    [command] => PURCHASE
    [response_message] => Success
    [merchant_reference] => Quote-03569
    [authorization_code] => 940344
    [customer_email] => anjali.t2049@gmail.com
    [currency] => AED
    [customer_name] => Anjali Thapa
    [status] => 14
)

