09-01-2023 @ 21:43:05 - Fort response parameters (offline) for payment method () 

Array
(
    [wc-api] => wc_gateway_payfort_process_response
    [amount] => 31500
    [response_code] => 14000
    [card_number] => 433367******1279
    [card_holder_name] => Sara Alhebsi
    [payment_link_id] => Quote-03412
    [signature] => 183c03793bfa2f35459ceb12a81da9ffdfd31321e1548b235c1fe70463496428
    [merchant_identifier] => xyKdBdwl
    [access_code] => xbmtPp9Q4KEhfEfJUSUG
    [order_description] => AHA BLS
    [payment_option] => VISA
    [expiry_date] => 2509
    [customer_ip] => 37.245.164.190
    [language] => en
    [eci] => ECOMMERCE
    [fort_id] => 169999991211957152
    [command] => PURCHASE
    [response_message] => Success
    [merchant_reference] => Quote-03412
    [authorization_code] => 029751
    [customer_email] => Sara.alhebsi@hotmail.com
    [currency] => AED
    [customer_name] => Sara Alhebsi
    [status] => 14
)

