05-29-2023 @ 14:13:03 - Fort response parameters (offline) for payment method () 

Array
(
    [wc-api] => wc_gateway_payfort_process_response
    [amount] => 31500
    [response_code] => 14000
    [card_number] => 419649******4236
    [card_holder_name] => Nicanor G Isse
    [payment_link_id] => Quote-03236
    [signature] => cb00a283d71be90d4395e3e739061ebc2fa9549c8b983f928f59d7ecfac611bf
    [merchant_identifier] => xyKdBdwl
    [access_code] => xbmtPp9Q4KEhfEfJUSUG
    [order_description] => AHA-BLS
    [payment_option] => VISA
    [expiry_date] => 2611
    [customer_ip] => 217.165.93.168
    [language] => en
    [eci] => ECOMMERCE
    [fort_id] => 169999991049831075
    [command] => PURCHASE
    [response_message] => Success
    [merchant_reference] => Quote-03236
    [authorization_code] => 001088
    [customer_email] => nicissemd@icloud.com
    [currency] => AED
    [customer_name] => Dr.Nicanor Gharib
    [status] => 14
)

05-29-2023 @ 18:56:25 - Fort response parameters (offline) for payment method () 

Array
(
    [wc-api] => wc_gateway_payfort_process_response
    [amount] => 28875
    [response_code] => 14000
    [card_number] => 479746******3480
    [card_holder_name] => Rachel Subida
    [payment_link_id] => Quote-03238
    [signature] => 092e819434ca3c04dc45555e7e14fe22bdff020f98a8dff68e66ef2474b580fc
    [merchant_identifier] => xyKdBdwl
    [access_code] => xbmtPp9Q4KEhfEfJUSUG
    [order_description] => AHA-BLS
    [payment_option] => VISA
    [expiry_date] => 2507
    [customer_ip] => 92.96.141.200
    [language] => en
    [eci] => ECOMMERCE
    [fort_id] => 169999991050301223
    [command] => PURCHASE
    [response_message] => Success
    [merchant_reference] => Quote-03238
    [authorization_code] => 836888
    [customer_email] => rach.subida@yahoo.com
    [currency] => AED
    [customer_name] => Rachel Ann Subida
    [status] => 14
)

