08-20-2023 @ 14:29:26 - Fort response parameters (offline) for payment method () 

Array
(
    [wc-api] => wc_gateway_payfort_process_response
    [amount] => 23075
    [response_code] => 14000
    [card_number] => 529192******9767
    [card_holder_name] => AAESHA ALSHEHHI
    [payment_link_id] => 169999991189054479
    [signature] => 89d0d8075fd4ed6cfdadd614f70a6efd8664cc1e7de1afe3028ae707b1549ec7
    [merchant_identifier] => xyKdBdwl
    [access_code] => xbmtPp9Q4KEhfEfJUSUG
    [order_description] => BN Products
    [payment_option] => MASTERCARD
    [expiry_date] => 2601
    [customer_ip] => 5.193.218.157
    [language] => en
    [eci] => ECOMMERCE
    [fort_id] => 169999991189172403
    [command] => PURCHASE
    [response_message] => Success
    [merchant_reference] => SO-02250
    [authorization_code] => 886488
    [customer_email] => ahtneys@gmail.com
    [currency] => AED
    [customer_name] => Ahmad Hassan
    [status] => 14
)

