08-02-2023 @ 21:45:17 - Fort response parameters (offline) for payment method () 

Array
(
    [wc-api] => wc_gateway_payfort_process_response
    [amount] => 31500
    [response_code] => 14000
    [card_number] => 557661******5873
    [card_holder_name] => Noora Khaled
    [payment_link_id] => Quote-03345
    [signature] => 9d79f0b18ca12f680eeec38ba4001e12bd80976c95b6c9be90c77f017b80ccf9
    [merchant_identifier] => xyKdBdwl
    [access_code] => xbmtPp9Q4KEhfEfJUSUG
    [order_description] => AHA BLS
    [payment_option] => MASTERCARD
    [expiry_date] => 2602
    [customer_ip] => 93.159.183.29
    [language] => en
    [eci] => ECOMMERCE
    [fort_id] => 169999991157404759
    [command] => PURCHASE
    [response_message] => Success
    [merchant_reference] => Quote-03345
    [authorization_code] => 535599
    [customer_email] => nooralardhi@gmail.com
    [currency] => AED
    [customer_name] => Noora Alhadhrami
    [status] => 14
)

