01-19-2023 @ 17:28:38 - Fort response parameters (offline) for payment method () 

Array
(
    [wc-api] => wc_gateway_payfort_process_response
    [amount] => 31500
    [response_code] => 14000
    [card_number] => 542933******2940
    [card_holder_name] => Anna Marie
    [payment_link_id] => Quote-03030
    [signature] => 536c7ab3ee3382eaabeb116727b328dfed6e019c5c39a85142e36cef6e6d653a
    [merchant_identifier] => xyKdBdwl
    [access_code] => xbmtPp9Q4KEhfEfJUSUG
    [order_description] => AHA-BLS
    [payment_option] => MASTERCARD
    [expiry_date] => 2702
    [customer_ip] => 2.50.144.182
    [language] => en
    [eci] => ECOMMERCE
    [fort_id] => 169999990847968135
    [command] => PURCHASE
    [response_message] => Success
    [merchant_reference] => Quote-03030
    [authorization_code] => 845300
    [customer_email] => mauiemd@gmail.com
    [currency] => AED
    [customer_name] => Anna Marie Diaz Rivera
    [status] => 14
)

