12-30-2022 @ 15:48:20 - Fort response parameters (offline) for payment method () 

Array
(
    [wc-api] => wc_gateway_payfort_process_response
    [amount] => 210000
    [response_code] => 14000
    [card_number] => 491236******9814
    [card_holder_name] => ignacio Gonzalez
    [payment_link_id] => Quote-02849
    [signature] => 2c45e89fb3b2864b55359c17f63de1bec447e24b26cda431530b2f1567fa4ab0
    [merchant_identifier] => xyKdBdwl
    [access_code] => xbmtPp9Q4KEhfEfJUSUG
    [order_description] => AHA- HSFACPRAED
    [payment_option] => VISA
    [expiry_date] => 2309
    [customer_ip] => 31.219.148.238
    [language] => en
    [eci] => ECOMMERCE
    [fort_id] => 169999990817484361
    [command] => PURCHASE
    [response_message] => Success
    [merchant_reference] => Quote-02849
    [authorization_code] => 001098
    [customer_email] => jigonzalez.fpe@gmail.com
    [currency] => AED
    [customer_name] => Jose Ignacio Gonzalez Rodriquez
    [status] => 14
)

