2022-11-27T14:38:08+00:00 INFO Array
(
    [Webhook Delivery] => Array
        (
            [Delivery ID] => 8c5da6fb21e401b0844e64739abb598b
            [Date] => Nov 27, 2022 @ 14:38
            [URL] => https://safetyfirstmed.ae/zohoint/books/createso.php
            [Duration] => 6.5185
            [Request] => Array
                (
                    [Method] => POST
                    [Headers] => Array
                        (
                            [User-Agent] => WooCommerce/6.4.0 Hookshot (WordPress/5.9.5)
                            [Content-Type] => application/json
                            [X-WC-Webhook-Source] => https://safetyfirstmed.ae/
                            [X-WC-Webhook-Topic] => order.created
                            [X-WC-Webhook-Resource] => order
                            [X-WC-Webhook-Event] => created
                            [X-WC-Webhook-Signature] => 7HuT6oEVfM8nGprDOQhSCK+M+Zpq4fwOUiywCCoTofQ=
                            [X-WC-Webhook-ID] => 21
                            [X-WC-Webhook-Delivery-ID] => 8c5da6fb21e401b0844e64739abb598b
                        )

                )

            [Body] => Webhook body is not logged unless WP_DEBUG mode is turned on. This is to avoid the storing of personal data in the logs.
            [Response] => Array
                (
                    [Code] => 200
                    [Message] => OK
                    [Headers] => Requests_Utility_CaseInsensitiveDictionary Object
                        (
                            [data:protected] => Array
                                (
                                    [server] => nginx
                                    [date] => Sun, 27 Nov 2022 14:38:08 GMT
                                    [content-type] => text/html; charset=utf-8
                                    [content-length] => 2402
                                    [content-security-policy] => upgrade-insecure-requests
                                    [x-xss-protection] => 1; mode=block
                                    [x-content-type-options] => nosniff
                                    [referrer-policy] => no-referrer-when-downgrade
                                    [cache-control] => max-age=0
                                    [expires] => Sun, 27 Nov 2022 14:38:02 GMT
                                    [vary] => Accept-Encoding
                                    [content-encoding] => gzip
                                    [access-control-allow-origin] => *
                                )

                        )

                    [Body] => Webhook body is not logged unless WP_DEBUG mode is turned on. This is to avoid the storing of personal data in the logs.
                )

        )

)

2022-11-27T14:38:24+00:00 INFO Array
(
    [Webhook Delivery] => Array
        (
            [Delivery ID] => 9e3b2e62f42e997872e9f10a543226d5
            [Date] => Nov 27, 2022 @ 14:38
            [URL] => https://safetyfirstmed.ae/zohoint/books/updateso.php
            [Duration] => 6.85267
            [Request] => Array
                (
                    [Method] => POST
                    [Headers] => Array
                        (
                            [User-Agent] => WooCommerce/6.4.0 Hookshot (WordPress/5.9.5)
                            [Content-Type] => application/json
                            [X-WC-Webhook-Source] => https://safetyfirstmed.ae/
                            [X-WC-Webhook-Topic] => order.updated
                            [X-WC-Webhook-Resource] => order
                            [X-WC-Webhook-Event] => updated
                            [X-WC-Webhook-Signature] => Ouql7pr5XbOOLiK6lDGX8Uq7N6Ek4FhUY6J+W98GC1k=
                            [X-WC-Webhook-ID] => 23
                            [X-WC-Webhook-Delivery-ID] => 9e3b2e62f42e997872e9f10a543226d5
                        )

                )

            [Body] => Webhook body is not logged unless WP_DEBUG mode is turned on. This is to avoid the storing of personal data in the logs.
            [Response] => Array
                (
                    [Code] => 200
                    [Message] => OK
                    [Headers] => Requests_Utility_CaseInsensitiveDictionary Object
                        (
                            [data:protected] => Array
                                (
                                    [server] => nginx
                                    [date] => Sun, 27 Nov 2022 14:38:24 GMT
                                    [content-type] => text/html; charset=utf-8
                                    [content-length] => 0
                                    [content-security-policy] => upgrade-insecure-requests
                                    [x-xss-protection] => 1; mode=block
                                    [x-content-type-options] => nosniff
                                    [referrer-policy] => no-referrer-when-downgrade
                                    [cache-control] => max-age=0
                                    [expires] => Sun, 27 Nov 2022 14:38:18 GMT
                                    [access-control-allow-origin] => *
                                )

                        )

                    [Body] => Webhook body is not logged unless WP_DEBUG mode is turned on. This is to avoid the storing of personal data in the logs.
                )

        )

)

