2023-03-19T17:29:23+00:00 INFO Array
(
    [Webhook Delivery] => Array
        (
            [Delivery ID] => 4bb811c0e06f2d7ec9dce0ff8612751d
            [Date] => Mar 19, 2023 @ 17:29
            [URL] => https://safetyfirstmed.ae/zohoint/books/createso.php
            [Duration] => 8.7213
            [Request] => Array
                (
                    [Method] => POST
                    [Headers] => Array
                        (
                            [User-Agent] => WooCommerce/6.4.0 Hookshot (WordPress/5.9.5)
                            [Content-Type] => application/json
                            [X-WC-Webhook-Source] => https://safetyfirstmed.ae/
                            [X-WC-Webhook-Topic] => order.created
                            [X-WC-Webhook-Resource] => order
                            [X-WC-Webhook-Event] => created
                            [X-WC-Webhook-Signature] => dArZoi7LTULny8tNe4FZQ+3MhVi6pvPyMxUEOEG5kfQ=
                            [X-WC-Webhook-ID] => 21
                            [X-WC-Webhook-Delivery-ID] => 4bb811c0e06f2d7ec9dce0ff8612751d
                        )

                )

            [Body] => Webhook body is not logged unless WP_DEBUG mode is turned on. This is to avoid the storing of personal data in the logs.
            [Response] => Array
                (
                    [Code] => 200
                    [Message] => OK
                    [Headers] => Requests_Utility_CaseInsensitiveDictionary Object
                        (
                            [data:protected] => Array
                                (
                                    [server] => nginx
                                    [date] => Sun, 19 Mar 2023 17:29:23 GMT
                                    [content-type] => text/html; charset=utf-8
                                    [content-length] => 2477
                                    [content-security-policy] => upgrade-insecure-requests
                                    [x-xss-protection] => 1; mode=block
                                    [x-content-type-options] => nosniff
                                    [referrer-policy] => no-referrer-when-downgrade
                                    [cache-control] => max-age=0
                                    [expires] => Sun, 19 Mar 2023 17:29:15 GMT
                                    [vary] => Accept-Encoding
                                    [content-encoding] => gzip
                                )

                        )

                    [Body] => Webhook body is not logged unless WP_DEBUG mode is turned on. This is to avoid the storing of personal data in the logs.
                )

        )

)

2023-03-19T17:29:36+00:00 INFO Array
(
    [Webhook Delivery] => Array
        (
            [Delivery ID] => e4c710b9e92e1dc26c25ae49be72d323
            [Date] => Mar 19, 2023 @ 17:29
            [URL] => https://safetyfirstmed.ae/zohoint/books/updateso.php
            [Duration] => 7.8482
            [Request] => Array
                (
                    [Method] => POST
                    [Headers] => Array
                        (
                            [User-Agent] => WooCommerce/6.4.0 Hookshot (WordPress/5.9.5)
                            [Content-Type] => application/json
                            [X-WC-Webhook-Source] => https://safetyfirstmed.ae/
                            [X-WC-Webhook-Topic] => order.updated
                            [X-WC-Webhook-Resource] => order
                            [X-WC-Webhook-Event] => updated
                            [X-WC-Webhook-Signature] => 5DjoS2D9VKn2U3NMZwkJfZuuHY4NbR+zMSk5ijjxVMc=
                            [X-WC-Webhook-ID] => 23
                            [X-WC-Webhook-Delivery-ID] => e4c710b9e92e1dc26c25ae49be72d323
                        )

                )

            [Body] => Webhook body is not logged unless WP_DEBUG mode is turned on. This is to avoid the storing of personal data in the logs.
            [Response] => Array
                (
                    [Code] => 200
                    [Message] => OK
                    [Headers] => Requests_Utility_CaseInsensitiveDictionary Object
                        (
                            [data:protected] => Array
                                (
                                    [server] => nginx
                                    [date] => Sun, 19 Mar 2023 17:29:36 GMT
                                    [content-type] => text/html; charset=utf-8
                                    [content-length] => 0
                                    [content-security-policy] => upgrade-insecure-requests
                                    [x-xss-protection] => 1; mode=block
                                    [x-content-type-options] => nosniff
                                    [referrer-policy] => no-referrer-when-downgrade
                                    [cache-control] => max-age=0
                                    [expires] => Sun, 19 Mar 2023 17:29:29 GMT
                                )

                        )

                    [Body] => Webhook body is not logged unless WP_DEBUG mode is turned on. This is to avoid the storing of personal data in the logs.
                )

        )

)

