2023-08-15T05:47:23+00:00 INFO Array
(
    [Webhook Delivery] => Array
        (
            [Delivery ID] => 8511a08e06491f07c2e8fa9bbb5d406e
            [Date] => Aug 15, 2023 @ 5:47
            [URL] => https://safetyfirstmed.ae/zohoint/books/createso.php
            [Duration] => 3.83481
            [Request] => Array
                (
                    [Method] => POST
                    [Headers] => Array
                        (
                            [User-Agent] => WooCommerce/6.4.0 Hookshot (WordPress/5.9.5)
                            [Content-Type] => application/json
                            [X-WC-Webhook-Source] => https://safetyfirstmed.ae/
                            [X-WC-Webhook-Topic] => order.created
                            [X-WC-Webhook-Resource] => order
                            [X-WC-Webhook-Event] => created
                            [X-WC-Webhook-Signature] => Aixat7tRcUn9ZaHTvWYZt+3U6DBpyNNHUSSJ4ZMk2Xg=
                            [X-WC-Webhook-ID] => 21
                            [X-WC-Webhook-Delivery-ID] => 8511a08e06491f07c2e8fa9bbb5d406e
                        )

                )

            [Body] => Webhook body is not logged unless WP_DEBUG mode is turned on. This is to avoid the storing of personal data in the logs.
            [Response] => Array
                (
                    [Code] => 200
                    [Message] => OK
                    [Headers] => Requests_Utility_CaseInsensitiveDictionary Object
                        (
                            [data:protected] => Array
                                (
                                    [server] => nginx
                                    [date] => Tue, 15 Aug 2023 05:47:23 GMT
                                    [content-type] => text/html; charset=utf-8
                                    [content-length] => 83
                                    [content-security-policy] => upgrade-insecure-requests
                                    [x-xss-protection] => 1; mode=block
                                    [x-content-type-options] => nosniff
                                    [referrer-policy] => no-referrer-when-downgrade
                                    [cache-control] => max-age=0
                                    [expires] => Tue, 15 Aug 2023 05:47:19 GMT
                                    [vary] => Accept-Encoding
                                    [content-encoding] => gzip
                                )

                        )

                    [Body] => Webhook body is not logged unless WP_DEBUG mode is turned on. This is to avoid the storing of personal data in the logs.
                )

        )

)

2023-08-15T07:28:08+00:00 INFO Array
(
    [Webhook Delivery] => Array
        (
            [Delivery ID] => 1a5c310e5065d9b82e9b8b6cf3359fc1
            [Date] => Aug 15, 2023 @ 7:28
            [URL] => https://safetyfirstmed.ae/zohoint/books/updateso.php
            [Duration] => 1.48892
            [Request] => Array
                (
                    [Method] => POST
                    [Headers] => Array
                        (
                            [User-Agent] => WooCommerce/6.4.0 Hookshot (WordPress/5.9.5)
                            [Content-Type] => application/json
                            [X-WC-Webhook-Source] => https://safetyfirstmed.ae/
                            [X-WC-Webhook-Topic] => order.updated
                            [X-WC-Webhook-Resource] => order
                            [X-WC-Webhook-Event] => updated
                            [X-WC-Webhook-Signature] => OeeOX8/cNf0XBEHNV7/736xCqXNe0gs6ebhsCYM4XWo=
                            [X-WC-Webhook-ID] => 23
                            [X-WC-Webhook-Delivery-ID] => 1a5c310e5065d9b82e9b8b6cf3359fc1
                        )

                )

            [Body] => Webhook body is not logged unless WP_DEBUG mode is turned on. This is to avoid the storing of personal data in the logs.
            [Response] => Array
                (
                    [Code] => 200
                    [Message] => OK
                    [Headers] => Requests_Utility_CaseInsensitiveDictionary Object
                        (
                            [data:protected] => Array
                                (
                                    [server] => nginx
                                    [date] => Tue, 15 Aug 2023 07:28:08 GMT
                                    [content-type] => text/html; charset=utf-8
                                    [content-length] => 0
                                    [content-security-policy] => upgrade-insecure-requests
                                    [x-xss-protection] => 1; mode=block
                                    [x-content-type-options] => nosniff
                                    [referrer-policy] => no-referrer-when-downgrade
                                    [cache-control] => max-age=0
                                    [expires] => Tue, 15 Aug 2023 07:28:07 GMT
                                )

                        )

                    [Body] => Webhook body is not logged unless WP_DEBUG mode is turned on. This is to avoid the storing of personal data in the logs.
                )

        )

)

2023-08-15T07:29:18+00:00 INFO Array
(
    [Webhook Delivery] => Array
        (
            [Delivery ID] => d51ada4a70eeefb9338a0e36848462ff
            [Date] => Aug 15, 2023 @ 7:29
            [URL] => https://safetyfirstmed.ae/zohoint/books/updateso.php
            [Duration] => 0.81878
            [Request] => Array
                (
                    [Method] => POST
                    [Headers] => Array
                        (
                            [User-Agent] => WooCommerce/6.4.0 Hookshot (WordPress/5.9.5)
                            [Content-Type] => application/json
                            [X-WC-Webhook-Source] => https://safetyfirstmed.ae/
                            [X-WC-Webhook-Topic] => order.updated
                            [X-WC-Webhook-Resource] => order
                            [X-WC-Webhook-Event] => updated
                            [X-WC-Webhook-Signature] => OeeOX8/cNf0XBEHNV7/736xCqXNe0gs6ebhsCYM4XWo=
                            [X-WC-Webhook-ID] => 23
                            [X-WC-Webhook-Delivery-ID] => d51ada4a70eeefb9338a0e36848462ff
                        )

                )

            [Body] => Webhook body is not logged unless WP_DEBUG mode is turned on. This is to avoid the storing of personal data in the logs.
            [Response] => Array
                (
                    [Code] => 200
                    [Message] => OK
                    [Headers] => Requests_Utility_CaseInsensitiveDictionary Object
                        (
                            [data:protected] => Array
                                (
                                    [server] => nginx
                                    [date] => Tue, 15 Aug 2023 07:29:18 GMT
                                    [content-type] => text/html; charset=utf-8
                                    [content-length] => 0
                                    [content-security-policy] => upgrade-insecure-requests
                                    [x-xss-protection] => 1; mode=block
                                    [x-content-type-options] => nosniff
                                    [referrer-policy] => no-referrer-when-downgrade
                                    [cache-control] => max-age=0
                                    [expires] => Tue, 15 Aug 2023 07:29:18 GMT
                                )

                        )

                    [Body] => Webhook body is not logged unless WP_DEBUG mode is turned on. This is to avoid the storing of personal data in the logs.
                )

        )

)

