2023-02-18T14:56:08+00:00 INFO Array
(
    [Webhook Delivery] => Array
        (
            [Delivery ID] => 3ab6e69c7dfeef51a930ed9aa0656484
            [Date] => Feb 18, 2023 @ 14:56
            [URL] => https://safetyfirstmed.ae/zohoint/books/createso.php
            [Duration] => 5.05371
            [Request] => Array
                (
                    [Method] => POST
                    [Headers] => Array
                        (
                            [User-Agent] => WooCommerce/6.4.0 Hookshot (WordPress/5.9.5)
                            [Content-Type] => application/json
                            [X-WC-Webhook-Source] => https://safetyfirstmed.ae/
                            [X-WC-Webhook-Topic] => order.created
                            [X-WC-Webhook-Resource] => order
                            [X-WC-Webhook-Event] => created
                            [X-WC-Webhook-Signature] => 6IWj4nTXraXPLqeRZIg9r+X46dgVxJa7cgTK8Xatop0=
                            [X-WC-Webhook-ID] => 21
                            [X-WC-Webhook-Delivery-ID] => 3ab6e69c7dfeef51a930ed9aa0656484
                        )

                )

            [Body] => Webhook body is not logged unless WP_DEBUG mode is turned on. This is to avoid the storing of personal data in the logs.
            [Response] => Array
                (
                    [Code] => 200
                    [Message] => OK
                    [Headers] => Requests_Utility_CaseInsensitiveDictionary Object
                        (
                            [data:protected] => Array
                                (
                                    [server] => nginx
                                    [date] => Sat, 18 Feb 2023 14:56:08 GMT
                                    [content-type] => text/html; charset=utf-8
                                    [content-length] => 2531
                                    [content-security-policy] => upgrade-insecure-requests
                                    [x-xss-protection] => 1; mode=block
                                    [x-content-type-options] => nosniff
                                    [referrer-policy] => no-referrer-when-downgrade
                                    [cache-control] => max-age=0
                                    [expires] => Sat, 18 Feb 2023 14:56:04 GMT
                                    [vary] => Accept-Encoding
                                    [content-encoding] => gzip
                                )

                        )

                    [Body] => Webhook body is not logged unless WP_DEBUG mode is turned on. This is to avoid the storing of personal data in the logs.
                )

        )

)

2023-02-18T14:56:16+00:00 INFO Array
(
    [Webhook Delivery] => Array
        (
            [Delivery ID] => bf9887048870a5602c9292ceb90f9933
            [Date] => Feb 18, 2023 @ 14:56
            [URL] => https://safetyfirstmed.ae/zohoint/books/updateso.php
            [Duration] => 7.94305
            [Request] => Array
                (
                    [Method] => POST
                    [Headers] => Array
                        (
                            [User-Agent] => WooCommerce/6.4.0 Hookshot (WordPress/5.9.5)
                            [Content-Type] => application/json
                            [X-WC-Webhook-Source] => https://safetyfirstmed.ae/
                            [X-WC-Webhook-Topic] => order.updated
                            [X-WC-Webhook-Resource] => order
                            [X-WC-Webhook-Event] => updated
                            [X-WC-Webhook-Signature] => QMRuE7cPI7lSOUc5f6WFN5VG7CefQAW+zpl+NO0MJXA=
                            [X-WC-Webhook-ID] => 23
                            [X-WC-Webhook-Delivery-ID] => bf9887048870a5602c9292ceb90f9933
                        )

                )

            [Body] => Webhook body is not logged unless WP_DEBUG mode is turned on. This is to avoid the storing of personal data in the logs.
            [Response] => Array
                (
                    [Code] => 200
                    [Message] => OK
                    [Headers] => Requests_Utility_CaseInsensitiveDictionary Object
                        (
                            [data:protected] => Array
                                (
                                    [server] => nginx
                                    [date] => Sat, 18 Feb 2023 14:56:16 GMT
                                    [content-type] => text/html; charset=utf-8
                                    [content-length] => 0
                                    [content-security-policy] => upgrade-insecure-requests
                                    [x-xss-protection] => 1; mode=block
                                    [x-content-type-options] => nosniff
                                    [referrer-policy] => no-referrer-when-downgrade
                                    [cache-control] => max-age=0
                                    [expires] => Sat, 18 Feb 2023 14:56:09 GMT
                                )

                        )

                    [Body] => Webhook body is not logged unless WP_DEBUG mode is turned on. This is to avoid the storing of personal data in the logs.
                )

        )

)

