2023-04-12T07:47:00+00:00 INFO Array
(
    [Webhook Delivery] => Array
        (
            [Delivery ID] => df55ac6e716498aa2b61af8bdd3e223d
            [Date] => Apr 12, 2023 @ 7:47
            [URL] => https://safetyfirstmed.ae/zohoint/books/updateso.php
            [Duration] => 9.31047
            [Request] => Array
                (
                    [Method] => POST
                    [Headers] => Array
                        (
                            [User-Agent] => WooCommerce/6.4.0 Hookshot (WordPress/5.9.5)
                            [Content-Type] => application/json
                            [X-WC-Webhook-Source] => https://safetyfirstmed.ae/
                            [X-WC-Webhook-Topic] => order.updated
                            [X-WC-Webhook-Resource] => order
                            [X-WC-Webhook-Event] => updated
                            [X-WC-Webhook-Signature] => 4DuMyzZlfklQBh43dLT8nq5usSYX9rzLObCWiDonBmQ=
                            [X-WC-Webhook-ID] => 23
                            [X-WC-Webhook-Delivery-ID] => df55ac6e716498aa2b61af8bdd3e223d
                        )

                )

            [Body] => Webhook body is not logged unless WP_DEBUG mode is turned on. This is to avoid the storing of personal data in the logs.
            [Response] => Array
                (
                    [Code] => 200
                    [Message] => OK
                    [Headers] => Requests_Utility_CaseInsensitiveDictionary Object
                        (
                            [data:protected] => Array
                                (
                                    [server] => nginx
                                    [date] => Wed, 12 Apr 2023 07:47:00 GMT
                                    [content-type] => text/html; charset=utf-8
                                    [content-length] => 0
                                    [content-security-policy] => upgrade-insecure-requests
                                    [x-xss-protection] => 1; mode=block
                                    [x-content-type-options] => nosniff
                                    [referrer-policy] => no-referrer-when-downgrade
                                    [cache-control] => max-age=0
                                    [expires] => Wed, 12 Apr 2023 07:46:51 GMT
                                )

                        )

                    [Body] => Webhook body is not logged unless WP_DEBUG mode is turned on. This is to avoid the storing of personal data in the logs.
                )

        )

)

