2023-01-26T12:08:36+00:00 INFO Array
(
    [Webhook Delivery] => Array
        (
            [Delivery ID] => b559f2033a2da79364c95f3db9322058
            [Date] => Jan 26, 2023 @ 12:08
            [URL] => https://safetyfirstmed.ae/zohoint/books/createso.php
            [Duration] => 7.5587
            [Request] => Array
                (
                    [Method] => POST
                    [Headers] => Array
                        (
                            [User-Agent] => WooCommerce/6.4.0 Hookshot (WordPress/5.9.5)
                            [Content-Type] => application/json
                            [X-WC-Webhook-Source] => https://safetyfirstmed.ae/
                            [X-WC-Webhook-Topic] => order.created
                            [X-WC-Webhook-Resource] => order
                            [X-WC-Webhook-Event] => created
                            [X-WC-Webhook-Signature] => IrS9RX6HtmJDC9J7+yqVirz1TAaIXaV3rveozW5ijl8=
                            [X-WC-Webhook-ID] => 21
                            [X-WC-Webhook-Delivery-ID] => b559f2033a2da79364c95f3db9322058
                        )

                )

            [Body] => Webhook body is not logged unless WP_DEBUG mode is turned on. This is to avoid the storing of personal data in the logs.
            [Response] => Array
                (
                    [Code] => 200
                    [Message] => OK
                    [Headers] => Requests_Utility_CaseInsensitiveDictionary Object
                        (
                            [data:protected] => Array
                                (
                                    [server] => nginx
                                    [date] => Thu, 26 Jan 2023 12:08:36 GMT
                                    [content-type] => text/html; charset=utf-8
                                    [content-length] => 2565
                                    [content-security-policy] => upgrade-insecure-requests
                                    [x-xss-protection] => 1; mode=block
                                    [x-content-type-options] => nosniff
                                    [referrer-policy] => no-referrer-when-downgrade
                                    [cache-control] => max-age=0
                                    [expires] => Thu, 26 Jan 2023 12:08:29 GMT
                                    [vary] => Accept-Encoding
                                    [content-encoding] => gzip
                                )

                        )

                    [Body] => Webhook body is not logged unless WP_DEBUG mode is turned on. This is to avoid the storing of personal data in the logs.
                )

        )

)

2023-01-26T12:08:49+00:00 INFO Array
(
    [Webhook Delivery] => Array
        (
            [Delivery ID] => 2a39275dfab30964eac4867a2db823ac
            [Date] => Jan 26, 2023 @ 12:08
            [URL] => https://safetyfirstmed.ae/zohoint/books/updateso.php
            [Duration] => 7.55164
            [Request] => Array
                (
                    [Method] => POST
                    [Headers] => Array
                        (
                            [User-Agent] => WooCommerce/6.4.0 Hookshot (WordPress/5.9.5)
                            [Content-Type] => application/json
                            [X-WC-Webhook-Source] => https://safetyfirstmed.ae/
                            [X-WC-Webhook-Topic] => order.updated
                            [X-WC-Webhook-Resource] => order
                            [X-WC-Webhook-Event] => updated
                            [X-WC-Webhook-Signature] => 3lxiKQrzuiSwG1XOYz3GYhto3G7S/PSdZ8SxyvEhZY8=
                            [X-WC-Webhook-ID] => 23
                            [X-WC-Webhook-Delivery-ID] => 2a39275dfab30964eac4867a2db823ac
                        )

                )

            [Body] => Webhook body is not logged unless WP_DEBUG mode is turned on. This is to avoid the storing of personal data in the logs.
            [Response] => Array
                (
                    [Code] => 200
                    [Message] => OK
                    [Headers] => Requests_Utility_CaseInsensitiveDictionary Object
                        (
                            [data:protected] => Array
                                (
                                    [server] => nginx
                                    [date] => Thu, 26 Jan 2023 12:08:49 GMT
                                    [content-type] => text/html; charset=utf-8
                                    [content-length] => 0
                                    [content-security-policy] => upgrade-insecure-requests
                                    [x-xss-protection] => 1; mode=block
                                    [x-content-type-options] => nosniff
                                    [referrer-policy] => no-referrer-when-downgrade
                                    [cache-control] => max-age=0
                                    [expires] => Thu, 26 Jan 2023 12:08:41 GMT
                                )

                        )

                    [Body] => Webhook body is not logged unless WP_DEBUG mode is turned on. This is to avoid the storing of personal data in the logs.
                )

        )

)

