2023-02-19T13:47:04+00:00 INFO Array
(
    [Webhook Delivery] => Array
        (
            [Delivery ID] => 0501bcab49e839961e79ec92eca83dd2
            [Date] => Feb 19, 2023 @ 13:47
            [URL] => https://safetyfirstmed.ae/zohoint/books/createso.php
            [Duration] => 7.48441
            [Request] => Array
                (
                    [Method] => POST
                    [Headers] => Array
                        (
                            [User-Agent] => WooCommerce/6.4.0 Hookshot (WordPress/5.9.5)
                            [Content-Type] => application/json
                            [X-WC-Webhook-Source] => https://safetyfirstmed.ae/
                            [X-WC-Webhook-Topic] => order.created
                            [X-WC-Webhook-Resource] => order
                            [X-WC-Webhook-Event] => created
                            [X-WC-Webhook-Signature] => wEFs+yDMGQ5hICXWIDuXkHorU3gQe5jjPXpj2t5cOuo=
                            [X-WC-Webhook-ID] => 21
                            [X-WC-Webhook-Delivery-ID] => 0501bcab49e839961e79ec92eca83dd2
                        )

                )

            [Body] => Webhook body is not logged unless WP_DEBUG mode is turned on. This is to avoid the storing of personal data in the logs.
            [Response] => Array
                (
                    [Code] => 200
                    [Message] => OK
                    [Headers] => Requests_Utility_CaseInsensitiveDictionary Object
                        (
                            [data:protected] => Array
                                (
                                    [server] => nginx
                                    [date] => Sun, 19 Feb 2023 13:47:04 GMT
                                    [content-type] => text/html; charset=utf-8
                                    [content-length] => 2516
                                    [content-security-policy] => upgrade-insecure-requests
                                    [x-xss-protection] => 1; mode=block
                                    [x-content-type-options] => nosniff
                                    [referrer-policy] => no-referrer-when-downgrade
                                    [cache-control] => max-age=0
                                    [expires] => Sun, 19 Feb 2023 13:46:56 GMT
                                    [vary] => Accept-Encoding
                                    [content-encoding] => gzip
                                )

                        )

                    [Body] => Webhook body is not logged unless WP_DEBUG mode is turned on. This is to avoid the storing of personal data in the logs.
                )

        )

)

2023-02-19T13:47:16+00:00 INFO Array
(
    [Webhook Delivery] => Array
        (
            [Delivery ID] => a331051fc5612faf559a8f27e8fb67d4
            [Date] => Feb 19, 2023 @ 13:47
            [URL] => https://safetyfirstmed.ae/zohoint/books/updateso.php
            [Duration] => 7.17312
            [Request] => Array
                (
                    [Method] => POST
                    [Headers] => Array
                        (
                            [User-Agent] => WooCommerce/6.4.0 Hookshot (WordPress/5.9.5)
                            [Content-Type] => application/json
                            [X-WC-Webhook-Source] => https://safetyfirstmed.ae/
                            [X-WC-Webhook-Topic] => order.updated
                            [X-WC-Webhook-Resource] => order
                            [X-WC-Webhook-Event] => updated
                            [X-WC-Webhook-Signature] => 3jVwZZsMqgNYb2WaoJ3viz4JEuRVWd60x2xTJMSA3p4=
                            [X-WC-Webhook-ID] => 23
                            [X-WC-Webhook-Delivery-ID] => a331051fc5612faf559a8f27e8fb67d4
                        )

                )

            [Body] => Webhook body is not logged unless WP_DEBUG mode is turned on. This is to avoid the storing of personal data in the logs.
            [Response] => Array
                (
                    [Code] => 200
                    [Message] => OK
                    [Headers] => Requests_Utility_CaseInsensitiveDictionary Object
                        (
                            [data:protected] => Array
                                (
                                    [server] => nginx
                                    [date] => Sun, 19 Feb 2023 13:47:16 GMT
                                    [content-type] => text/html; charset=utf-8
                                    [content-length] => 0
                                    [content-security-policy] => upgrade-insecure-requests
                                    [x-xss-protection] => 1; mode=block
                                    [x-content-type-options] => nosniff
                                    [referrer-policy] => no-referrer-when-downgrade
                                    [cache-control] => max-age=0
                                    [expires] => Sun, 19 Feb 2023 13:47:09 GMT
                                )

                        )

                    [Body] => Webhook body is not logged unless WP_DEBUG mode is turned on. This is to avoid the storing of personal data in the logs.
                )

        )

)

