2023-03-07T14:44:33+00:00 INFO Array
(
    [Webhook Delivery] => Array
        (
            [Delivery ID] => 228089858235a46667752f3d04f25c89
            [Date] => Mar 7, 2023 @ 14:44
            [URL] => https://safetyfirstmed.ae/zohoint/books/createso.php
            [Duration] => 9.1144
            [Request] => Array
                (
                    [Method] => POST
                    [Headers] => Array
                        (
                            [User-Agent] => WooCommerce/6.4.0 Hookshot (WordPress/5.9.5)
                            [Content-Type] => application/json
                            [X-WC-Webhook-Source] => https://safetyfirstmed.ae/
                            [X-WC-Webhook-Topic] => order.created
                            [X-WC-Webhook-Resource] => order
                            [X-WC-Webhook-Event] => created
                            [X-WC-Webhook-Signature] => G7dAvTT4k71r4w3E6IiXKkFl9KumOxKW8OTrOTL1/z8=
                            [X-WC-Webhook-ID] => 21
                            [X-WC-Webhook-Delivery-ID] => 228089858235a46667752f3d04f25c89
                        )

                )

            [Body] => Webhook body is not logged unless WP_DEBUG mode is turned on. This is to avoid the storing of personal data in the logs.
            [Response] => Array
                (
                    [Code] => 200
                    [Message] => OK
                    [Headers] => Requests_Utility_CaseInsensitiveDictionary Object
                        (
                            [data:protected] => Array
                                (
                                    [server] => nginx
                                    [date] => Tue, 07 Mar 2023 14:44:33 GMT
                                    [content-type] => text/html; charset=utf-8
                                    [content-length] => 2496
                                    [content-security-policy] => upgrade-insecure-requests
                                    [x-xss-protection] => 1; mode=block
                                    [x-content-type-options] => nosniff
                                    [referrer-policy] => no-referrer-when-downgrade
                                    [cache-control] => max-age=0
                                    [expires] => Tue, 07 Mar 2023 14:44:24 GMT
                                    [vary] => Accept-Encoding
                                    [content-encoding] => gzip
                                )

                        )

                    [Body] => Webhook body is not logged unless WP_DEBUG mode is turned on. This is to avoid the storing of personal data in the logs.
                )

        )

)

2023-03-07T14:44:48+00:00 INFO Array
(
    [Webhook Delivery] => Array
        (
            [Delivery ID] => e6ecccfa24e7ad045836e3cb0c2bade7
            [Date] => Mar 7, 2023 @ 14:44
            [URL] => https://safetyfirstmed.ae/zohoint/books/updateso.php
            [Duration] => 9.53936
            [Request] => Array
                (
                    [Method] => POST
                    [Headers] => Array
                        (
                            [User-Agent] => WooCommerce/6.4.0 Hookshot (WordPress/5.9.5)
                            [Content-Type] => application/json
                            [X-WC-Webhook-Source] => https://safetyfirstmed.ae/
                            [X-WC-Webhook-Topic] => order.updated
                            [X-WC-Webhook-Resource] => order
                            [X-WC-Webhook-Event] => updated
                            [X-WC-Webhook-Signature] => 4OjPLh1f0CL/h/FBN0/RK7ScEojHVs4rDhGc9wIPZjg=
                            [X-WC-Webhook-ID] => 23
                            [X-WC-Webhook-Delivery-ID] => e6ecccfa24e7ad045836e3cb0c2bade7
                        )

                )

            [Body] => Webhook body is not logged unless WP_DEBUG mode is turned on. This is to avoid the storing of personal data in the logs.
            [Response] => Array
                (
                    [Code] => 200
                    [Message] => OK
                    [Headers] => Requests_Utility_CaseInsensitiveDictionary Object
                        (
                            [data:protected] => Array
                                (
                                    [server] => nginx
                                    [date] => Tue, 07 Mar 2023 14:44:48 GMT
                                    [content-type] => text/html; charset=utf-8
                                    [content-length] => 0
                                    [content-security-policy] => upgrade-insecure-requests
                                    [x-xss-protection] => 1; mode=block
                                    [x-content-type-options] => nosniff
                                    [referrer-policy] => no-referrer-when-downgrade
                                    [cache-control] => max-age=0
                                    [expires] => Tue, 07 Mar 2023 14:44:39 GMT
                                )

                        )

                    [Body] => Webhook body is not logged unless WP_DEBUG mode is turned on. This is to avoid the storing of personal data in the logs.
                )

        )

)

