2023-01-06T14:51:18+00:00 INFO Array
(
    [Webhook Delivery] => Array
        (
            [Delivery ID] => f3c3e02d8eb821dcf67b5c9e1c3ea565
            [Date] => Jan 6, 2023 @ 14:51
            [URL] => https://safetyfirstmed.ae/zohoint/books/createso.php
            [Duration] => 4.82806
            [Request] => Array
                (
                    [Method] => POST
                    [Headers] => Array
                        (
                            [User-Agent] => WooCommerce/6.4.0 Hookshot (WordPress/5.9.5)
                            [Content-Type] => application/json
                            [X-WC-Webhook-Source] => https://safetyfirstmed.ae/
                            [X-WC-Webhook-Topic] => order.created
                            [X-WC-Webhook-Resource] => order
                            [X-WC-Webhook-Event] => created
                            [X-WC-Webhook-Signature] => ATShkDq82+fpFqciqZQi0kHgbQkEIsO9IGR17BbP9no=
                            [X-WC-Webhook-ID] => 21
                            [X-WC-Webhook-Delivery-ID] => f3c3e02d8eb821dcf67b5c9e1c3ea565
                        )

                )

            [Body] => Webhook body is not logged unless WP_DEBUG mode is turned on. This is to avoid the storing of personal data in the logs.
            [Response] => Array
                (
                    [Code] => 200
                    [Message] => OK
                    [Headers] => Requests_Utility_CaseInsensitiveDictionary Object
                        (
                            [data:protected] => Array
                                (
                                    [server] => nginx
                                    [date] => Fri, 06 Jan 2023 14:51:18 GMT
                                    [content-type] => text/html; charset=utf-8
                                    [content-length] => 2470
                                    [content-security-policy] => upgrade-insecure-requests
                                    [x-xss-protection] => 1; mode=block
                                    [x-content-type-options] => nosniff
                                    [referrer-policy] => no-referrer-when-downgrade
                                    [cache-control] => max-age=0
                                    [expires] => Fri, 06 Jan 2023 14:51:14 GMT
                                    [vary] => Accept-Encoding
                                    [content-encoding] => gzip
                                )

                        )

                    [Body] => Webhook body is not logged unless WP_DEBUG mode is turned on. This is to avoid the storing of personal data in the logs.
                )

        )

)

2023-01-06T14:51:25+00:00 INFO Array
(
    [Webhook Delivery] => Array
        (
            [Delivery ID] => a601279de5d0ed0eb93155bebf83e856
            [Date] => Jan 6, 2023 @ 14:51
            [URL] => https://safetyfirstmed.ae/zohoint/books/updateso.php
            [Duration] => 6.90074
            [Request] => Array
                (
                    [Method] => POST
                    [Headers] => Array
                        (
                            [User-Agent] => WooCommerce/6.4.0 Hookshot (WordPress/5.9.5)
                            [Content-Type] => application/json
                            [X-WC-Webhook-Source] => https://safetyfirstmed.ae/
                            [X-WC-Webhook-Topic] => order.updated
                            [X-WC-Webhook-Resource] => order
                            [X-WC-Webhook-Event] => updated
                            [X-WC-Webhook-Signature] => LlIydRRgVQDT5lSG2AHo7cMlwZR4JgeMsQklzW7kZfs=
                            [X-WC-Webhook-ID] => 23
                            [X-WC-Webhook-Delivery-ID] => a601279de5d0ed0eb93155bebf83e856
                        )

                )

            [Body] => Webhook body is not logged unless WP_DEBUG mode is turned on. This is to avoid the storing of personal data in the logs.
            [Response] => Array
                (
                    [Code] => 200
                    [Message] => OK
                    [Headers] => Requests_Utility_CaseInsensitiveDictionary Object
                        (
                            [data:protected] => Array
                                (
                                    [server] => nginx
                                    [date] => Fri, 06 Jan 2023 14:51:25 GMT
                                    [content-type] => text/html; charset=utf-8
                                    [content-length] => 0
                                    [content-security-policy] => upgrade-insecure-requests
                                    [x-xss-protection] => 1; mode=block
                                    [x-content-type-options] => nosniff
                                    [referrer-policy] => no-referrer-when-downgrade
                                    [cache-control] => max-age=0
                                    [expires] => Fri, 06 Jan 2023 14:51:18 GMT
                                )

                        )

                    [Body] => Webhook body is not logged unless WP_DEBUG mode is turned on. This is to avoid the storing of personal data in the logs.
                )

        )

)

