2023-01-30T05:36:06+00:00 INFO Array
(
    [Webhook Delivery] => Array
        (
            [Delivery ID] => cd452fe377a1f8d3c0da5ec117479166
            [Date] => Jan 30, 2023 @ 5:36
            [URL] => https://safetyfirstmed.ae/zohoint/books/updateso.php
            [Duration] => 4.77014
            [Request] => Array
                (
                    [Method] => POST
                    [Headers] => Array
                        (
                            [User-Agent] => WooCommerce/6.4.0 Hookshot (WordPress/5.9.5)
                            [Content-Type] => application/json
                            [X-WC-Webhook-Source] => https://safetyfirstmed.ae/
                            [X-WC-Webhook-Topic] => order.updated
                            [X-WC-Webhook-Resource] => order
                            [X-WC-Webhook-Event] => updated
                            [X-WC-Webhook-Signature] => c/DICvJ5iiJln2c9BPXFdtqtQyDJXOVPuB0J9FbhOQM=
                            [X-WC-Webhook-ID] => 23
                            [X-WC-Webhook-Delivery-ID] => cd452fe377a1f8d3c0da5ec117479166
                        )

                )

            [Body] => Webhook body is not logged unless WP_DEBUG mode is turned on. This is to avoid the storing of personal data in the logs.
            [Response] => Array
                (
                    [Code] => 200
                    [Message] => OK
                    [Headers] => Requests_Utility_CaseInsensitiveDictionary Object
                        (
                            [data:protected] => Array
                                (
                                    [server] => nginx
                                    [date] => Mon, 30 Jan 2023 05:36:06 GMT
                                    [content-type] => text/html; charset=utf-8
                                    [content-length] => 0
                                    [content-security-policy] => upgrade-insecure-requests
                                    [x-xss-protection] => 1; mode=block
                                    [x-content-type-options] => nosniff
                                    [referrer-policy] => no-referrer-when-downgrade
                                    [cache-control] => max-age=0
                                    [expires] => Mon, 30 Jan 2023 05:36:02 GMT
                                )

                        )

                    [Body] => Webhook body is not logged unless WP_DEBUG mode is turned on. This is to avoid the storing of personal data in the logs.
                )

        )

)

