2023-02-17T22:54:43+00:00 INFO Array
(
    [Webhook Delivery] => Array
        (
            [Delivery ID] => ff2256f05ebeec326708baf0b1dfcd06
            [Date] => Feb 17, 2023 @ 22:54
            [URL] => https://safetyfirstmed.ae/zohoint/books/updateso.php
            [Duration] => 4.97729
            [Request] => Array
                (
                    [Method] => POST
                    [Headers] => Array
                        (
                            [User-Agent] => WooCommerce/6.4.0 Hookshot (WordPress/5.9.5)
                            [Content-Type] => application/json
                            [X-WC-Webhook-Source] => https://safetyfirstmed.ae/
                            [X-WC-Webhook-Topic] => order.updated
                            [X-WC-Webhook-Resource] => order
                            [X-WC-Webhook-Event] => updated
                            [X-WC-Webhook-Signature] => x6mkTzRBva2i8lppQpQY2SKCzHuiexbG44l5Z8NnyyA=
                            [X-WC-Webhook-ID] => 23
                            [X-WC-Webhook-Delivery-ID] => ff2256f05ebeec326708baf0b1dfcd06
                        )

                )

            [Body] => Webhook body is not logged unless WP_DEBUG mode is turned on. This is to avoid the storing of personal data in the logs.
            [Response] => Array
                (
                    [Code] => 200
                    [Message] => OK
                    [Headers] => Requests_Utility_CaseInsensitiveDictionary Object
                        (
                            [data:protected] => Array
                                (
                                    [server] => nginx
                                    [date] => Fri, 17 Feb 2023 22:54:43 GMT
                                    [content-type] => text/html; charset=utf-8
                                    [content-length] => 0
                                    [content-security-policy] => upgrade-insecure-requests
                                    [x-xss-protection] => 1; mode=block
                                    [x-content-type-options] => nosniff
                                    [referrer-policy] => no-referrer-when-downgrade
                                    [cache-control] => max-age=0
                                    [expires] => Fri, 17 Feb 2023 22:54:38 GMT
                                )

                        )

                    [Body] => Webhook body is not logged unless WP_DEBUG mode is turned on. This is to avoid the storing of personal data in the logs.
                )

        )

)

