2023-01-23T16:27:00+00:00 INFO Array
(
    [Webhook Delivery] => Array
        (
            [Delivery ID] => cd373a8cf85f1b40c30d71b77c631702
            [Date] => Jan 23, 2023 @ 16:27
            [URL] => https://safetyfirstmed.ae/zohoint/books/createso.php
            [Duration] => 4.44514
            [Request] => Array
                (
                    [Method] => POST
                    [Headers] => Array
                        (
                            [User-Agent] => WooCommerce/6.4.0 Hookshot (WordPress/5.9.5)
                            [Content-Type] => application/json
                            [X-WC-Webhook-Source] => https://safetyfirstmed.ae/
                            [X-WC-Webhook-Topic] => order.created
                            [X-WC-Webhook-Resource] => order
                            [X-WC-Webhook-Event] => created
                            [X-WC-Webhook-Signature] => 7MTsPeypg52Gh+uDv7dQ1h8ODkY7Qhwc3C3e4g0qO4o=
                            [X-WC-Webhook-ID] => 21
                            [X-WC-Webhook-Delivery-ID] => cd373a8cf85f1b40c30d71b77c631702
                        )

                )

            [Body] => Webhook body is not logged unless WP_DEBUG mode is turned on. This is to avoid the storing of personal data in the logs.
            [Response] => Array
                (
                    [Code] => 200
                    [Message] => OK
                    [Headers] => Requests_Utility_CaseInsensitiveDictionary Object
                        (
                            [data:protected] => Array
                                (
                                    [server] => nginx
                                    [date] => Mon, 23 Jan 2023 16:27:00 GMT
                                    [content-type] => text/html; charset=utf-8
                                    [content-length] => 2465
                                    [content-security-policy] => upgrade-insecure-requests
                                    [x-xss-protection] => 1; mode=block
                                    [x-content-type-options] => nosniff
                                    [referrer-policy] => no-referrer-when-downgrade
                                    [cache-control] => max-age=0
                                    [expires] => Mon, 23 Jan 2023 16:26:55 GMT
                                    [vary] => Accept-Encoding
                                    [content-encoding] => gzip
                                )

                        )

                    [Body] => Webhook body is not logged unless WP_DEBUG mode is turned on. This is to avoid the storing of personal data in the logs.
                )

        )

)

2023-01-23T16:27:09+00:00 INFO Array
(
    [Webhook Delivery] => Array
        (
            [Delivery ID] => 57b9944e575a56818cf7bd86df56eeb1
            [Date] => Jan 23, 2023 @ 16:27
            [URL] => https://safetyfirstmed.ae/zohoint/books/updateso.php
            [Duration] => 8.7658
            [Request] => Array
                (
                    [Method] => POST
                    [Headers] => Array
                        (
                            [User-Agent] => WooCommerce/6.4.0 Hookshot (WordPress/5.9.5)
                            [Content-Type] => application/json
                            [X-WC-Webhook-Source] => https://safetyfirstmed.ae/
                            [X-WC-Webhook-Topic] => order.updated
                            [X-WC-Webhook-Resource] => order
                            [X-WC-Webhook-Event] => updated
                            [X-WC-Webhook-Signature] => Rn4iERJGfl2CZmsTHLl0c6eiUTsRh0u0KdmxhKfWf2I=
                            [X-WC-Webhook-ID] => 23
                            [X-WC-Webhook-Delivery-ID] => 57b9944e575a56818cf7bd86df56eeb1
                        )

                )

            [Body] => Webhook body is not logged unless WP_DEBUG mode is turned on. This is to avoid the storing of personal data in the logs.
            [Response] => Array
                (
                    [Code] => 200
                    [Message] => OK
                    [Headers] => Requests_Utility_CaseInsensitiveDictionary Object
                        (
                            [data:protected] => Array
                                (
                                    [server] => nginx
                                    [date] => Mon, 23 Jan 2023 16:27:09 GMT
                                    [content-type] => text/html; charset=utf-8
                                    [content-length] => 0
                                    [content-security-policy] => upgrade-insecure-requests
                                    [x-xss-protection] => 1; mode=block
                                    [x-content-type-options] => nosniff
                                    [referrer-policy] => no-referrer-when-downgrade
                                    [cache-control] => max-age=0
                                    [expires] => Mon, 23 Jan 2023 16:27:00 GMT
                                )

                        )

                    [Body] => Webhook body is not logged unless WP_DEBUG mode is turned on. This is to avoid the storing of personal data in the logs.
                )

        )

)

