2022-12-13T07:08:06+00:00 INFO Array
(
    [Webhook Delivery] => Array
        (
            [Delivery ID] => f5b11a6759361347e87bb7f1bc209dc6
            [Date] => Dec 13, 2022 @ 7:08
            [URL] => https://safetyfirstmed.ae/zohoint/books/updateso.php
            [Duration] => 4.87832
            [Request] => Array
                (
                    [Method] => POST
                    [Headers] => Array
                        (
                            [User-Agent] => WooCommerce/6.4.0 Hookshot (WordPress/5.9.5)
                            [Content-Type] => application/json
                            [X-WC-Webhook-Source] => https://safetyfirstmed.ae/
                            [X-WC-Webhook-Topic] => order.updated
                            [X-WC-Webhook-Resource] => order
                            [X-WC-Webhook-Event] => updated
                            [X-WC-Webhook-Signature] => VtCo8Jpcttwu2ek0X+Fgz7FnS0VK84NgY/fUbW+7e0c=
                            [X-WC-Webhook-ID] => 23
                            [X-WC-Webhook-Delivery-ID] => f5b11a6759361347e87bb7f1bc209dc6
                        )

                )

            [Body] => Webhook body is not logged unless WP_DEBUG mode is turned on. This is to avoid the storing of personal data in the logs.
            [Response] => Array
                (
                    [Code] => 200
                    [Message] => OK
                    [Headers] => Requests_Utility_CaseInsensitiveDictionary Object
                        (
                            [data:protected] => Array
                                (
                                    [server] => nginx
                                    [date] => Tue, 13 Dec 2022 07:08:06 GMT
                                    [content-type] => text/html; charset=utf-8
                                    [content-length] => 0
                                    [content-security-policy] => upgrade-insecure-requests
                                    [x-xss-protection] => 1; mode=block
                                    [x-content-type-options] => nosniff
                                    [referrer-policy] => no-referrer-when-downgrade
                                    [cache-control] => max-age=0
                                    [expires] => Tue, 13 Dec 2022 07:08:02 GMT
                                    [access-control-allow-origin] => *
                                )

                        )

                    [Body] => Webhook body is not logged unless WP_DEBUG mode is turned on. This is to avoid the storing of personal data in the logs.
                )

        )

)

