2023-05-14T04:41:52+00:00 INFO Array
(
    [Webhook Delivery] => Array
        (
            [Delivery ID] => 3cc59a1798c10d47c7c30548dee635a6
            [Date] => May 14, 2023 @ 4:41
            [URL] => https://safetyfirstmed.ae/zohoint/books/createso.php
            [Duration] => 8.96269
            [Request] => Array
                (
                    [Method] => POST
                    [Headers] => Array
                        (
                            [User-Agent] => WooCommerce/6.4.0 Hookshot (WordPress/5.9.5)
                            [Content-Type] => application/json
                            [X-WC-Webhook-Source] => https://safetyfirstmed.ae/
                            [X-WC-Webhook-Topic] => order.created
                            [X-WC-Webhook-Resource] => order
                            [X-WC-Webhook-Event] => created
                            [X-WC-Webhook-Signature] => n5tQoTAFRVt6xTgp6Pl7tbB3Jj08xAPb+P6QdGEqIrQ=
                            [X-WC-Webhook-ID] => 21
                            [X-WC-Webhook-Delivery-ID] => 3cc59a1798c10d47c7c30548dee635a6
                        )

                )

            [Body] => Webhook body is not logged unless WP_DEBUG mode is turned on. This is to avoid the storing of personal data in the logs.
            [Response] => Array
                (
                    [Code] => 200
                    [Message] => OK
                    [Headers] => Requests_Utility_CaseInsensitiveDictionary Object
                        (
                            [data:protected] => Array
                                (
                                    [server] => nginx
                                    [date] => Sun, 14 May 2023 04:41:52 GMT
                                    [content-type] => text/html; charset=utf-8
                                    [content-length] => 2537
                                    [content-security-policy] => upgrade-insecure-requests
                                    [x-xss-protection] => 1; mode=block
                                    [x-content-type-options] => nosniff
                                    [referrer-policy] => no-referrer-when-downgrade
                                    [cache-control] => max-age=0
                                    [expires] => Sun, 14 May 2023 04:41:43 GMT
                                    [vary] => Accept-Encoding
                                    [content-encoding] => gzip
                                )

                        )

                    [Body] => Webhook body is not logged unless WP_DEBUG mode is turned on. This is to avoid the storing of personal data in the logs.
                )

        )

)

2023-05-14T04:41:58+00:00 INFO Array
(
    [Webhook Delivery] => Array
        (
            [Delivery ID] => f0b1e0dc593e99bee33aea729502faf7
            [Date] => May 14, 2023 @ 4:41
            [URL] => https://safetyfirstmed.ae/zohoint/books/updateso.php
            [Duration] => 0.73153
            [Request] => Array
                (
                    [Method] => POST
                    [Headers] => Array
                        (
                            [User-Agent] => WooCommerce/6.4.0 Hookshot (WordPress/5.9.5)
                            [Content-Type] => application/json
                            [X-WC-Webhook-Source] => https://safetyfirstmed.ae/
                            [X-WC-Webhook-Topic] => order.updated
                            [X-WC-Webhook-Resource] => order
                            [X-WC-Webhook-Event] => updated
                            [X-WC-Webhook-Signature] => 3cdj0qARjR4fnaJo8PlYM9Qta7SAlO83JIZOGWFI7LU=
                            [X-WC-Webhook-ID] => 23
                            [X-WC-Webhook-Delivery-ID] => f0b1e0dc593e99bee33aea729502faf7
                        )

                )

            [Body] => Webhook body is not logged unless WP_DEBUG mode is turned on. This is to avoid the storing of personal data in the logs.
            [Response] => Array
                (
                    [Code] => 200
                    [Message] => OK
                    [Headers] => Requests_Utility_CaseInsensitiveDictionary Object
                        (
                            [data:protected] => Array
                                (
                                    [server] => nginx
                                    [date] => Sun, 14 May 2023 04:41:58 GMT
                                    [content-type] => text/html; charset=utf-8
                                    [content-length] => 0
                                    [content-security-policy] => upgrade-insecure-requests
                                    [x-xss-protection] => 1; mode=block
                                    [x-content-type-options] => nosniff
                                    [referrer-policy] => no-referrer-when-downgrade
                                    [cache-control] => max-age=0
                                    [expires] => Sun, 14 May 2023 04:41:57 GMT
                                )

                        )

                    [Body] => Webhook body is not logged unless WP_DEBUG mode is turned on. This is to avoid the storing of personal data in the logs.
                )

        )

)

2023-05-14T04:44:07+00:00 INFO Array
(
    [Webhook Delivery] => Array
        (
            [Delivery ID] => c348b8e20e28f07c5d5e0df7f1c9e740
            [Date] => May 14, 2023 @ 4:44
            [URL] => https://safetyfirstmed.ae/zohoint/books/updateso.php
            [Duration] => 7.30672
            [Request] => Array
                (
                    [Method] => POST
                    [Headers] => Array
                        (
                            [User-Agent] => WooCommerce/6.4.0 Hookshot (WordPress/5.9.5)
                            [Content-Type] => application/json
                            [X-WC-Webhook-Source] => https://safetyfirstmed.ae/
                            [X-WC-Webhook-Topic] => order.updated
                            [X-WC-Webhook-Resource] => order
                            [X-WC-Webhook-Event] => updated
                            [X-WC-Webhook-Signature] => SR6EQ+js8Q6QsCXCro4C49ugVJBhciQPRawiko48w7M=
                            [X-WC-Webhook-ID] => 23
                            [X-WC-Webhook-Delivery-ID] => c348b8e20e28f07c5d5e0df7f1c9e740
                        )

                )

            [Body] => Webhook body is not logged unless WP_DEBUG mode is turned on. This is to avoid the storing of personal data in the logs.
            [Response] => Array
                (
                    [Code] => 200
                    [Message] => OK
                    [Headers] => Requests_Utility_CaseInsensitiveDictionary Object
                        (
                            [data:protected] => Array
                                (
                                    [server] => nginx
                                    [date] => Sun, 14 May 2023 04:44:07 GMT
                                    [content-type] => text/html; charset=utf-8
                                    [content-length] => 0
                                    [content-security-policy] => upgrade-insecure-requests
                                    [x-xss-protection] => 1; mode=block
                                    [x-content-type-options] => nosniff
                                    [referrer-policy] => no-referrer-when-downgrade
                                    [cache-control] => max-age=0
                                    [expires] => Sun, 14 May 2023 04:44:00 GMT
                                )

                        )

                    [Body] => Webhook body is not logged unless WP_DEBUG mode is turned on. This is to avoid the storing of personal data in the logs.
                )

        )

)

