2023-03-18T00:53:42+00:00 INFO Array
(
    [Webhook Delivery] => Array
        (
            [Delivery ID] => 2caf0dd4335f8c5446c266028ddaaa67
            [Date] => Mar 18, 2023 @ 0:53
            [URL] => https://safetyfirstmed.ae/zohoint/books/createso.php
            [Duration] => 7.19502
            [Request] => Array
                (
                    [Method] => POST
                    [Headers] => Array
                        (
                            [User-Agent] => WooCommerce/6.4.0 Hookshot (WordPress/5.9.5)
                            [Content-Type] => application/json
                            [X-WC-Webhook-Source] => https://safetyfirstmed.ae/
                            [X-WC-Webhook-Topic] => order.created
                            [X-WC-Webhook-Resource] => order
                            [X-WC-Webhook-Event] => created
                            [X-WC-Webhook-Signature] => WpzXFM8+8KCkF9ryDbElZz1OByA+Q2wTB6vzU4ngwlk=
                            [X-WC-Webhook-ID] => 21
                            [X-WC-Webhook-Delivery-ID] => 2caf0dd4335f8c5446c266028ddaaa67
                        )

                )

            [Body] => Webhook body is not logged unless WP_DEBUG mode is turned on. This is to avoid the storing of personal data in the logs.
            [Response] => Array
                (
                    [Code] => 200
                    [Message] => OK
                    [Headers] => Requests_Utility_CaseInsensitiveDictionary Object
                        (
                            [data:protected] => Array
                                (
                                    [server] => nginx
                                    [date] => Sat, 18 Mar 2023 00:53:42 GMT
                                    [content-type] => text/html; charset=utf-8
                                    [content-length] => 2550
                                    [content-security-policy] => upgrade-insecure-requests
                                    [x-xss-protection] => 1; mode=block
                                    [x-content-type-options] => nosniff
                                    [referrer-policy] => no-referrer-when-downgrade
                                    [cache-control] => max-age=0
                                    [expires] => Sat, 18 Mar 2023 00:53:35 GMT
                                    [vary] => Accept-Encoding
                                    [content-encoding] => gzip
                                )

                        )

                    [Body] => Webhook body is not logged unless WP_DEBUG mode is turned on. This is to avoid the storing of personal data in the logs.
                )

        )

)

