2023-05-08T08:59:59+00:00 INFO Array
(
    [Webhook Delivery] => Array
        (
            [Delivery ID] => 10a80876ee5c57f1ae85eb8a661ecee7
            [Date] => May 8, 2023 @ 8:59
            [URL] => https://safetyfirstmed.ae/zohoint/books/createso.php
            [Duration] => 9.4953
            [Request] => Array
                (
                    [Method] => POST
                    [Headers] => Array
                        (
                            [User-Agent] => WooCommerce/6.4.0 Hookshot (WordPress/5.9.5)
                            [Content-Type] => application/json
                            [X-WC-Webhook-Source] => https://safetyfirstmed.ae/
                            [X-WC-Webhook-Topic] => order.created
                            [X-WC-Webhook-Resource] => order
                            [X-WC-Webhook-Event] => created
                            [X-WC-Webhook-Signature] => JpkBYMJDYf/B7sCHvJsxTFD9UfaFjGOb8JmwOfBUDmA=
                            [X-WC-Webhook-ID] => 21
                            [X-WC-Webhook-Delivery-ID] => 10a80876ee5c57f1ae85eb8a661ecee7
                        )

                )

            [Body] => Webhook body is not logged unless WP_DEBUG mode is turned on. This is to avoid the storing of personal data in the logs.
            [Response] => Array
                (
                    [Code] => 200
                    [Message] => OK
                    [Headers] => Requests_Utility_CaseInsensitiveDictionary Object
                        (
                            [data:protected] => Array
                                (
                                    [server] => nginx
                                    [date] => Mon, 08 May 2023 08:59:59 GMT
                                    [content-type] => text/html; charset=utf-8
                                    [content-length] => 2545
                                    [content-security-policy] => upgrade-insecure-requests
                                    [x-xss-protection] => 1; mode=block
                                    [x-content-type-options] => nosniff
                                    [referrer-policy] => no-referrer-when-downgrade
                                    [cache-control] => max-age=0
                                    [expires] => Mon, 08 May 2023 08:59:49 GMT
                                    [vary] => Accept-Encoding
                                    [content-encoding] => gzip
                                )

                        )

                    [Body] => Webhook body is not logged unless WP_DEBUG mode is turned on. This is to avoid the storing of personal data in the logs.
                )

        )

)

2023-05-08T09:00:16+00:00 INFO Array
(
    [Webhook Delivery] => Array
        (
            [Delivery ID] => e285b7db021fcc8e4009c82bf0019229
            [Date] => May 8, 2023 @ 9:00
            [URL] => https://safetyfirstmed.ae/zohoint/books/updateso.php
            [Duration] => 12.07595
            [Request] => Array
                (
                    [Method] => POST
                    [Headers] => Array
                        (
                            [User-Agent] => WooCommerce/6.4.0 Hookshot (WordPress/5.9.5)
                            [Content-Type] => application/json
                            [X-WC-Webhook-Source] => https://safetyfirstmed.ae/
                            [X-WC-Webhook-Topic] => order.updated
                            [X-WC-Webhook-Resource] => order
                            [X-WC-Webhook-Event] => updated
                            [X-WC-Webhook-Signature] => JUEJnXJx6GlMbKIn3ghWjlc+hMKDQ4eG1A/EqmCu4b8=
                            [X-WC-Webhook-ID] => 23
                            [X-WC-Webhook-Delivery-ID] => e285b7db021fcc8e4009c82bf0019229
                        )

                )

            [Body] => Webhook body is not logged unless WP_DEBUG mode is turned on. This is to avoid the storing of personal data in the logs.
            [Response] => Array
                (
                    [Code] => 200
                    [Message] => OK
                    [Headers] => Requests_Utility_CaseInsensitiveDictionary Object
                        (
                            [data:protected] => Array
                                (
                                    [server] => nginx
                                    [date] => Mon, 08 May 2023 09:00:16 GMT
                                    [content-type] => text/html; charset=utf-8
                                    [content-length] => 0
                                    [content-security-policy] => upgrade-insecure-requests
                                    [x-xss-protection] => 1; mode=block
                                    [x-content-type-options] => nosniff
                                    [referrer-policy] => no-referrer-when-downgrade
                                    [cache-control] => max-age=0
                                    [expires] => Mon, 08 May 2023 09:00:04 GMT
                                )

                        )

                    [Body] => Webhook body is not logged unless WP_DEBUG mode is turned on. This is to avoid the storing of personal data in the logs.
                )

        )

)

