2023-01-09T06:01:29+00:00 INFO Array
(
    [Webhook Delivery] => Array
        (
            [Delivery ID] => d67b561d965f386bf9277823dab34613
            [Date] => Jan 9, 2023 @ 6:01
            [URL] => https://safetyfirstmed.ae/zohoint/books/updateso.php
            [Duration] => 4.65413
            [Request] => Array
                (
                    [Method] => POST
                    [Headers] => Array
                        (
                            [User-Agent] => WooCommerce/6.4.0 Hookshot (WordPress/5.9.5)
                            [Content-Type] => application/json
                            [X-WC-Webhook-Source] => https://safetyfirstmed.ae/
                            [X-WC-Webhook-Topic] => order.updated
                            [X-WC-Webhook-Resource] => order
                            [X-WC-Webhook-Event] => updated
                            [X-WC-Webhook-Signature] => izD3J2gTEejlIOvayeTzX7UfBdsx5ZfEOZal23vVnF0=
                            [X-WC-Webhook-ID] => 23
                            [X-WC-Webhook-Delivery-ID] => d67b561d965f386bf9277823dab34613
                        )

                )

            [Body] => Webhook body is not logged unless WP_DEBUG mode is turned on. This is to avoid the storing of personal data in the logs.
            [Response] => Array
                (
                    [Code] => 200
                    [Message] => OK
                    [Headers] => Requests_Utility_CaseInsensitiveDictionary Object
                        (
                            [data:protected] => Array
                                (
                                    [server] => nginx
                                    [date] => Mon, 09 Jan 2023 06:01:29 GMT
                                    [content-type] => text/html; charset=utf-8
                                    [content-length] => 0
                                    [content-security-policy] => upgrade-insecure-requests
                                    [x-xss-protection] => 1; mode=block
                                    [x-content-type-options] => nosniff
                                    [referrer-policy] => no-referrer-when-downgrade
                                    [cache-control] => max-age=0
                                    [expires] => Mon, 09 Jan 2023 06:01:25 GMT
                                )

                        )

                    [Body] => Webhook body is not logged unless WP_DEBUG mode is turned on. This is to avoid the storing of personal data in the logs.
                )

        )

)

2023-01-09T13:02:54+00:00 INFO Array
(
    [Webhook Delivery] => Array
        (
            [Delivery ID] => f9f7e1f8b90d40cdc7be52c2d0bb57d1
            [Date] => Jan 9, 2023 @ 13:02
            [URL] => https://safetyfirstmed.ae/zohoint/books/createso.php
            [Duration] => 4.60754
            [Request] => Array
                (
                    [Method] => POST
                    [Headers] => Array
                        (
                            [User-Agent] => WooCommerce/6.4.0 Hookshot (WordPress/5.9.5)
                            [Content-Type] => application/json
                            [X-WC-Webhook-Source] => https://safetyfirstmed.ae/
                            [X-WC-Webhook-Topic] => order.created
                            [X-WC-Webhook-Resource] => order
                            [X-WC-Webhook-Event] => created
                            [X-WC-Webhook-Signature] => rhTNv2a+GPJNTPYJWQbxUKdmeggy2YKhiI7xW1k2B/s=
                            [X-WC-Webhook-ID] => 21
                            [X-WC-Webhook-Delivery-ID] => f9f7e1f8b90d40cdc7be52c2d0bb57d1
                        )

                )

            [Body] => Webhook body is not logged unless WP_DEBUG mode is turned on. This is to avoid the storing of personal data in the logs.
            [Response] => Array
                (
                    [Code] => 200
                    [Message] => OK
                    [Headers] => Requests_Utility_CaseInsensitiveDictionary Object
                        (
                            [data:protected] => Array
                                (
                                    [server] => nginx
                                    [date] => Mon, 09 Jan 2023 13:02:54 GMT
                                    [content-type] => text/html; charset=utf-8
                                    [content-length] => 2497
                                    [content-security-policy] => upgrade-insecure-requests
                                    [x-xss-protection] => 1; mode=block
                                    [x-content-type-options] => nosniff
                                    [referrer-policy] => no-referrer-when-downgrade
                                    [cache-control] => max-age=0
                                    [expires] => Mon, 09 Jan 2023 13:02:49 GMT
                                    [vary] => Accept-Encoding
                                    [content-encoding] => gzip
                                )

                        )

                    [Body] => Webhook body is not logged unless WP_DEBUG mode is turned on. This is to avoid the storing of personal data in the logs.
                )

        )

)

2023-01-09T13:03:01+00:00 INFO Array
(
    [Webhook Delivery] => Array
        (
            [Delivery ID] => cf3e2a60911c282219e98528680bb793
            [Date] => Jan 9, 2023 @ 13:03
            [URL] => https://safetyfirstmed.ae/zohoint/books/updateso.php
            [Duration] => 7.74088
            [Request] => Array
                (
                    [Method] => POST
                    [Headers] => Array
                        (
                            [User-Agent] => WooCommerce/6.4.0 Hookshot (WordPress/5.9.5)
                            [Content-Type] => application/json
                            [X-WC-Webhook-Source] => https://safetyfirstmed.ae/
                            [X-WC-Webhook-Topic] => order.updated
                            [X-WC-Webhook-Resource] => order
                            [X-WC-Webhook-Event] => updated
                            [X-WC-Webhook-Signature] => Vo/Z6agi2o85cHEg9Az+Ak3ljn4I8jyHYNo6RjkWzYw=
                            [X-WC-Webhook-ID] => 23
                            [X-WC-Webhook-Delivery-ID] => cf3e2a60911c282219e98528680bb793
                        )

                )

            [Body] => Webhook body is not logged unless WP_DEBUG mode is turned on. This is to avoid the storing of personal data in the logs.
            [Response] => Array
                (
                    [Code] => 200
                    [Message] => OK
                    [Headers] => Requests_Utility_CaseInsensitiveDictionary Object
                        (
                            [data:protected] => Array
                                (
                                    [server] => nginx
                                    [date] => Mon, 09 Jan 2023 13:03:01 GMT
                                    [content-type] => text/html; charset=utf-8
                                    [content-length] => 0
                                    [content-security-policy] => upgrade-insecure-requests
                                    [x-xss-protection] => 1; mode=block
                                    [x-content-type-options] => nosniff
                                    [referrer-policy] => no-referrer-when-downgrade
                                    [cache-control] => max-age=0
                                    [expires] => Mon, 09 Jan 2023 13:02:54 GMT
                                )

                        )

                    [Body] => Webhook body is not logged unless WP_DEBUG mode is turned on. This is to avoid the storing of personal data in the logs.
                )

        )

)

