2023-07-03T05:49:50+00:00 INFO Array
(
    [Webhook Delivery] => Array
        (
            [Delivery ID] => d599c310a7dd446c5cb8845343af7b82
            [Date] => Jul 3, 2023 @ 5:49
            [URL] => https://safetyfirstmed.ae/zohoint/books/updateso.php
            [Duration] => 1.4847
            [Request] => Array
                (
                    [Method] => POST
                    [Headers] => Array
                        (
                            [User-Agent] => WooCommerce/6.4.0 Hookshot (WordPress/5.9.5)
                            [Content-Type] => application/json
                            [X-WC-Webhook-Source] => https://safetyfirstmed.ae/
                            [X-WC-Webhook-Topic] => order.updated
                            [X-WC-Webhook-Resource] => order
                            [X-WC-Webhook-Event] => updated
                            [X-WC-Webhook-Signature] => OeeOX8/cNf0XBEHNV7/736xCqXNe0gs6ebhsCYM4XWo=
                            [X-WC-Webhook-ID] => 23
                            [X-WC-Webhook-Delivery-ID] => d599c310a7dd446c5cb8845343af7b82
                        )

                )

            [Body] => Webhook body is not logged unless WP_DEBUG mode is turned on. This is to avoid the storing of personal data in the logs.
            [Response] => Array
                (
                    [Code] => 200
                    [Message] => OK
                    [Headers] => Requests_Utility_CaseInsensitiveDictionary Object
                        (
                            [data:protected] => Array
                                (
                                    [server] => nginx
                                    [date] => Mon, 03 Jul 2023 05:49:50 GMT
                                    [content-type] => text/html; charset=utf-8
                                    [content-length] => 0
                                    [content-security-policy] => upgrade-insecure-requests
                                    [x-xss-protection] => 1; mode=block
                                    [x-content-type-options] => nosniff
                                    [referrer-policy] => no-referrer-when-downgrade
                                    [cache-control] => max-age=0
                                    [expires] => Mon, 03 Jul 2023 05:49:49 GMT
                                )

                        )

                    [Body] => Webhook body is not logged unless WP_DEBUG mode is turned on. This is to avoid the storing of personal data in the logs.
                )

        )

)

