2022-12-12T11:35:39+00:00 INFO Array
(
    [Webhook Delivery] => Array
        (
            [Delivery ID] => 57ddeffe32c7736f9603002353036aa2
            [Date] => Dec 12, 2022 @ 11:35
            [URL] => https://safetyfirstmed.ae/zohoint/books/createso.php
            [Duration] => 4.90316
            [Request] => Array
                (
                    [Method] => POST
                    [Headers] => Array
                        (
                            [User-Agent] => WooCommerce/6.4.0 Hookshot (WordPress/5.9.5)
                            [Content-Type] => application/json
                            [X-WC-Webhook-Source] => https://safetyfirstmed.ae/
                            [X-WC-Webhook-Topic] => order.created
                            [X-WC-Webhook-Resource] => order
                            [X-WC-Webhook-Event] => created
                            [X-WC-Webhook-Signature] => h68HzUHdXZGibnw8BqCaDpPiHfMNoTnsrVgbn5sLnNY=
                            [X-WC-Webhook-ID] => 21
                            [X-WC-Webhook-Delivery-ID] => 57ddeffe32c7736f9603002353036aa2
                        )

                )

            [Body] => Webhook body is not logged unless WP_DEBUG mode is turned on. This is to avoid the storing of personal data in the logs.
            [Response] => Array
                (
                    [Code] => 200
                    [Message] => OK
                    [Headers] => Requests_Utility_CaseInsensitiveDictionary Object
                        (
                            [data:protected] => Array
                                (
                                    [server] => nginx
                                    [date] => Mon, 12 Dec 2022 11:35:39 GMT
                                    [content-type] => text/html; charset=utf-8
                                    [content-length] => 2415
                                    [content-security-policy] => upgrade-insecure-requests
                                    [x-xss-protection] => 1; mode=block
                                    [x-content-type-options] => nosniff
                                    [referrer-policy] => no-referrer-when-downgrade
                                    [cache-control] => max-age=0
                                    [expires] => Mon, 12 Dec 2022 11:35:34 GMT
                                    [vary] => Accept-Encoding
                                    [content-encoding] => gzip
                                    [access-control-allow-origin] => *
                                )

                        )

                    [Body] => Webhook body is not logged unless WP_DEBUG mode is turned on. This is to avoid the storing of personal data in the logs.
                )

        )

)

2022-12-12T11:35:48+00:00 INFO Array
(
    [Webhook Delivery] => Array
        (
            [Delivery ID] => 2a98adfd4bdc19b816842b223fd2db80
            [Date] => Dec 12, 2022 @ 11:35
            [URL] => https://safetyfirstmed.ae/zohoint/books/updateso.php
            [Duration] => 9.03701
            [Request] => Array
                (
                    [Method] => POST
                    [Headers] => Array
                        (
                            [User-Agent] => WooCommerce/6.4.0 Hookshot (WordPress/5.9.5)
                            [Content-Type] => application/json
                            [X-WC-Webhook-Source] => https://safetyfirstmed.ae/
                            [X-WC-Webhook-Topic] => order.updated
                            [X-WC-Webhook-Resource] => order
                            [X-WC-Webhook-Event] => updated
                            [X-WC-Webhook-Signature] => YSryPzONSVNwirzqnhyQC+RPGMNVrywQk/2YHpP9SSg=
                            [X-WC-Webhook-ID] => 23
                            [X-WC-Webhook-Delivery-ID] => 2a98adfd4bdc19b816842b223fd2db80
                        )

                )

            [Body] => Webhook body is not logged unless WP_DEBUG mode is turned on. This is to avoid the storing of personal data in the logs.
            [Response] => Array
                (
                    [Code] => 200
                    [Message] => OK
                    [Headers] => Requests_Utility_CaseInsensitiveDictionary Object
                        (
                            [data:protected] => Array
                                (
                                    [server] => nginx
                                    [date] => Mon, 12 Dec 2022 11:35:48 GMT
                                    [content-type] => text/html; charset=utf-8
                                    [content-length] => 0
                                    [content-security-policy] => upgrade-insecure-requests
                                    [x-xss-protection] => 1; mode=block
                                    [x-content-type-options] => nosniff
                                    [referrer-policy] => no-referrer-when-downgrade
                                    [cache-control] => max-age=0
                                    [expires] => Mon, 12 Dec 2022 11:35:39 GMT
                                    [access-control-allow-origin] => *
                                )

                        )

                    [Body] => Webhook body is not logged unless WP_DEBUG mode is turned on. This is to avoid the storing of personal data in the logs.
                )

        )

)

