2022-12-22T09:13:09+00:00 INFO Array
(
    [Webhook Delivery] => Array
        (
            [Delivery ID] => 8981ee03aa71f087f468756b9dd7af18
            [Date] => Dec 22, 2022 @ 9:13
            [URL] => https://safetyfirstmed.ae/zohoint/books/updateso.php
            [Duration] => 0.22918
            [Request] => Array
                (
                    [Method] => POST
                    [Headers] => Array
                        (
                            [User-Agent] => WooCommerce/6.4.0 Hookshot (WordPress/5.9.5)
                            [Content-Type] => application/json
                            [X-WC-Webhook-Source] => https://safetyfirstmed.ae/
                            [X-WC-Webhook-Topic] => order.updated
                            [X-WC-Webhook-Resource] => order
                            [X-WC-Webhook-Event] => updated
                            [X-WC-Webhook-Signature] => c16i1dp//uYaRymszv3RkdsJ3RfHvnfFMTW0k4Mi33M=
                            [X-WC-Webhook-ID] => 23
                            [X-WC-Webhook-Delivery-ID] => 8981ee03aa71f087f468756b9dd7af18
                        )

                )

            [Body] => Webhook body is not logged unless WP_DEBUG mode is turned on. This is to avoid the storing of personal data in the logs.
            [Response] => Array
                (
                    [Code] => http_request_failed
                    [Message] => cURL error 60: SSL: no alternative certificate subject name matches target host name 'safetyfirstmed.ae'
                    [Headers] => Array
                        (
                        )

                    [Body] => Webhook body is not logged unless WP_DEBUG mode is turned on. This is to avoid the storing of personal data in the logs.
                )

        )

)

