2023-07-22T09:40:10+00:00 INFO Array
(
    [Webhook Delivery] => Array
        (
            [Delivery ID] => 5d7948ae919bae8af92aaa2d3acf19fb
            [Date] => Jul 22, 2023 @ 9:40
            [URL] => https://safetyfirstmed.ae/zohoint/books/createso.php
            [Duration] => 3.91986
            [Request] => Array
                (
                    [Method] => POST
                    [Headers] => Array
                        (
                            [User-Agent] => WooCommerce/6.4.0 Hookshot (WordPress/5.9.5)
                            [Content-Type] => application/json
                            [X-WC-Webhook-Source] => https://safetyfirstmed.ae/
                            [X-WC-Webhook-Topic] => order.created
                            [X-WC-Webhook-Resource] => order
                            [X-WC-Webhook-Event] => created
                            [X-WC-Webhook-Signature] => Aixat7tRcUn9ZaHTvWYZt+3U6DBpyNNHUSSJ4ZMk2Xg=
                            [X-WC-Webhook-ID] => 21
                            [X-WC-Webhook-Delivery-ID] => 5d7948ae919bae8af92aaa2d3acf19fb
                        )

                )

            [Body] => Webhook body is not logged unless WP_DEBUG mode is turned on. This is to avoid the storing of personal data in the logs.
            [Response] => Array
                (
                    [Code] => 200
                    [Message] => OK
                    [Headers] => Requests_Utility_CaseInsensitiveDictionary Object
                        (
                            [data:protected] => Array
                                (
                                    [server] => nginx
                                    [date] => Sat, 22 Jul 2023 09:40:10 GMT
                                    [content-type] => text/html; charset=utf-8
                                    [content-length] => 83
                                    [content-security-policy] => upgrade-insecure-requests
                                    [x-xss-protection] => 1; mode=block
                                    [x-content-type-options] => nosniff
                                    [referrer-policy] => no-referrer-when-downgrade
                                    [cache-control] => max-age=0
                                    [expires] => Sat, 22 Jul 2023 09:40:06 GMT
                                    [vary] => Accept-Encoding
                                    [content-encoding] => gzip
                                )

                        )

                    [Body] => Webhook body is not logged unless WP_DEBUG mode is turned on. This is to avoid the storing of personal data in the logs.
                )

        )

)

2023-07-22T09:40:11+00:00 INFO Array
(
    [Webhook Delivery] => Array
        (
            [Delivery ID] => 7a792ee48ce9517a38914ee0258664a5
            [Date] => Jul 22, 2023 @ 9:40
            [URL] => https://safetyfirstmed.ae/zohoint/books/updateso.php
            [Duration] => 0.79008
            [Request] => Array
                (
                    [Method] => POST
                    [Headers] => Array
                        (
                            [User-Agent] => WooCommerce/6.4.0 Hookshot (WordPress/5.9.5)
                            [Content-Type] => application/json
                            [X-WC-Webhook-Source] => https://safetyfirstmed.ae/
                            [X-WC-Webhook-Topic] => order.updated
                            [X-WC-Webhook-Resource] => order
                            [X-WC-Webhook-Event] => updated
                            [X-WC-Webhook-Signature] => OeeOX8/cNf0XBEHNV7/736xCqXNe0gs6ebhsCYM4XWo=
                            [X-WC-Webhook-ID] => 23
                            [X-WC-Webhook-Delivery-ID] => 7a792ee48ce9517a38914ee0258664a5
                        )

                )

            [Body] => Webhook body is not logged unless WP_DEBUG mode is turned on. This is to avoid the storing of personal data in the logs.
            [Response] => Array
                (
                    [Code] => 200
                    [Message] => OK
                    [Headers] => Requests_Utility_CaseInsensitiveDictionary Object
                        (
                            [data:protected] => Array
                                (
                                    [server] => nginx
                                    [date] => Sat, 22 Jul 2023 09:40:11 GMT
                                    [content-type] => text/html; charset=utf-8
                                    [content-length] => 0
                                    [content-security-policy] => upgrade-insecure-requests
                                    [x-xss-protection] => 1; mode=block
                                    [x-content-type-options] => nosniff
                                    [referrer-policy] => no-referrer-when-downgrade
                                    [cache-control] => max-age=0
                                    [expires] => Sat, 22 Jul 2023 09:40:10 GMT
                                )

                        )

                    [Body] => Webhook body is not logged unless WP_DEBUG mode is turned on. This is to avoid the storing of personal data in the logs.
                )

        )

)

2023-07-22T09:43:09+00:00 INFO Array
(
    [Webhook Delivery] => Array
        (
            [Delivery ID] => 5dc64a429dc4b2c84af1dc70240b7ccd
            [Date] => Jul 22, 2023 @ 9:43
            [URL] => https://safetyfirstmed.ae/zohoint/books/createso.php
            [Duration] => 2.8982
            [Request] => Array
                (
                    [Method] => POST
                    [Headers] => Array
                        (
                            [User-Agent] => WooCommerce/6.4.0 Hookshot (WordPress/5.9.5)
                            [Content-Type] => application/json
                            [X-WC-Webhook-Source] => https://safetyfirstmed.ae/
                            [X-WC-Webhook-Topic] => order.created
                            [X-WC-Webhook-Resource] => order
                            [X-WC-Webhook-Event] => created
                            [X-WC-Webhook-Signature] => Aixat7tRcUn9ZaHTvWYZt+3U6DBpyNNHUSSJ4ZMk2Xg=
                            [X-WC-Webhook-ID] => 21
                            [X-WC-Webhook-Delivery-ID] => 5dc64a429dc4b2c84af1dc70240b7ccd
                        )

                )

            [Body] => Webhook body is not logged unless WP_DEBUG mode is turned on. This is to avoid the storing of personal data in the logs.
            [Response] => Array
                (
                    [Code] => 200
                    [Message] => OK
                    [Headers] => Requests_Utility_CaseInsensitiveDictionary Object
                        (
                            [data:protected] => Array
                                (
                                    [server] => nginx
                                    [date] => Sat, 22 Jul 2023 09:43:09 GMT
                                    [content-type] => text/html; charset=utf-8
                                    [content-length] => 83
                                    [content-security-policy] => upgrade-insecure-requests
                                    [x-xss-protection] => 1; mode=block
                                    [x-content-type-options] => nosniff
                                    [referrer-policy] => no-referrer-when-downgrade
                                    [cache-control] => max-age=0
                                    [expires] => Sat, 22 Jul 2023 09:43:06 GMT
                                    [vary] => Accept-Encoding
                                    [content-encoding] => gzip
                                )

                        )

                    [Body] => Webhook body is not logged unless WP_DEBUG mode is turned on. This is to avoid the storing of personal data in the logs.
                )

        )

)

2023-07-22T09:43:10+00:00 INFO Array
(
    [Webhook Delivery] => Array
        (
            [Delivery ID] => 2f27fdefc9dcd3b92b2a99fb9c85eab8
            [Date] => Jul 22, 2023 @ 9:43
            [URL] => https://safetyfirstmed.ae/zohoint/books/updateso.php
            [Duration] => 0.61574
            [Request] => Array
                (
                    [Method] => POST
                    [Headers] => Array
                        (
                            [User-Agent] => WooCommerce/6.4.0 Hookshot (WordPress/5.9.5)
                            [Content-Type] => application/json
                            [X-WC-Webhook-Source] => https://safetyfirstmed.ae/
                            [X-WC-Webhook-Topic] => order.updated
                            [X-WC-Webhook-Resource] => order
                            [X-WC-Webhook-Event] => updated
                            [X-WC-Webhook-Signature] => OeeOX8/cNf0XBEHNV7/736xCqXNe0gs6ebhsCYM4XWo=
                            [X-WC-Webhook-ID] => 23
                            [X-WC-Webhook-Delivery-ID] => 2f27fdefc9dcd3b92b2a99fb9c85eab8
                        )

                )

            [Body] => Webhook body is not logged unless WP_DEBUG mode is turned on. This is to avoid the storing of personal data in the logs.
            [Response] => Array
                (
                    [Code] => 200
                    [Message] => OK
                    [Headers] => Requests_Utility_CaseInsensitiveDictionary Object
                        (
                            [data:protected] => Array
                                (
                                    [server] => nginx
                                    [date] => Sat, 22 Jul 2023 09:43:10 GMT
                                    [content-type] => text/html; charset=utf-8
                                    [content-length] => 0
                                    [content-security-policy] => upgrade-insecure-requests
                                    [x-xss-protection] => 1; mode=block
                                    [x-content-type-options] => nosniff
                                    [referrer-policy] => no-referrer-when-downgrade
                                    [cache-control] => max-age=0
                                    [expires] => Sat, 22 Jul 2023 09:43:09 GMT
                                )

                        )

                    [Body] => Webhook body is not logged unless WP_DEBUG mode is turned on. This is to avoid the storing of personal data in the logs.
                )

        )

)

2023-07-22T11:20:57+00:00 INFO Array
(
    [Webhook Delivery] => Array
        (
            [Delivery ID] => 3e1a972cab54247f1b057029ecae8850
            [Date] => Jul 22, 2023 @ 11:20
            [URL] => https://safetyfirstmed.ae/zohoint/books/createso.php
            [Duration] => 3.5942
            [Request] => Array
                (
                    [Method] => POST
                    [Headers] => Array
                        (
                            [User-Agent] => WooCommerce/6.4.0 Hookshot (WordPress/5.9.5)
                            [Content-Type] => application/json
                            [X-WC-Webhook-Source] => https://safetyfirstmed.ae/
                            [X-WC-Webhook-Topic] => order.created
                            [X-WC-Webhook-Resource] => order
                            [X-WC-Webhook-Event] => created
                            [X-WC-Webhook-Signature] => Aixat7tRcUn9ZaHTvWYZt+3U6DBpyNNHUSSJ4ZMk2Xg=
                            [X-WC-Webhook-ID] => 21
                            [X-WC-Webhook-Delivery-ID] => 3e1a972cab54247f1b057029ecae8850
                        )

                )

            [Body] => Webhook body is not logged unless WP_DEBUG mode is turned on. This is to avoid the storing of personal data in the logs.
            [Response] => Array
                (
                    [Code] => 200
                    [Message] => OK
                    [Headers] => Requests_Utility_CaseInsensitiveDictionary Object
                        (
                            [data:protected] => Array
                                (
                                    [server] => nginx
                                    [date] => Sat, 22 Jul 2023 11:20:57 GMT
                                    [content-type] => text/html; charset=utf-8
                                    [content-length] => 83
                                    [content-security-policy] => upgrade-insecure-requests
                                    [x-xss-protection] => 1; mode=block
                                    [x-content-type-options] => nosniff
                                    [referrer-policy] => no-referrer-when-downgrade
                                    [cache-control] => max-age=0
                                    [expires] => Sat, 22 Jul 2023 11:20:54 GMT
                                    [vary] => Accept-Encoding
                                    [content-encoding] => gzip
                                )

                        )

                    [Body] => Webhook body is not logged unless WP_DEBUG mode is turned on. This is to avoid the storing of personal data in the logs.
                )

        )

)

2023-07-22T11:20:58+00:00 INFO Array
(
    [Webhook Delivery] => Array
        (
            [Delivery ID] => 81590843b68f81b7dbcc7bff50556f89
            [Date] => Jul 22, 2023 @ 11:20
            [URL] => https://safetyfirstmed.ae/zohoint/books/updateso.php
            [Duration] => 0.58275
            [Request] => Array
                (
                    [Method] => POST
                    [Headers] => Array
                        (
                            [User-Agent] => WooCommerce/6.4.0 Hookshot (WordPress/5.9.5)
                            [Content-Type] => application/json
                            [X-WC-Webhook-Source] => https://safetyfirstmed.ae/
                            [X-WC-Webhook-Topic] => order.updated
                            [X-WC-Webhook-Resource] => order
                            [X-WC-Webhook-Event] => updated
                            [X-WC-Webhook-Signature] => OeeOX8/cNf0XBEHNV7/736xCqXNe0gs6ebhsCYM4XWo=
                            [X-WC-Webhook-ID] => 23
                            [X-WC-Webhook-Delivery-ID] => 81590843b68f81b7dbcc7bff50556f89
                        )

                )

            [Body] => Webhook body is not logged unless WP_DEBUG mode is turned on. This is to avoid the storing of personal data in the logs.
            [Response] => Array
                (
                    [Code] => 200
                    [Message] => OK
                    [Headers] => Requests_Utility_CaseInsensitiveDictionary Object
                        (
                            [data:protected] => Array
                                (
                                    [server] => nginx
                                    [date] => Sat, 22 Jul 2023 11:20:58 GMT
                                    [content-type] => text/html; charset=utf-8
                                    [content-length] => 0
                                    [content-security-policy] => upgrade-insecure-requests
                                    [x-xss-protection] => 1; mode=block
                                    [x-content-type-options] => nosniff
                                    [referrer-policy] => no-referrer-when-downgrade
                                    [cache-control] => max-age=0
                                    [expires] => Sat, 22 Jul 2023 11:20:58 GMT
                                )

                        )

                    [Body] => Webhook body is not logged unless WP_DEBUG mode is turned on. This is to avoid the storing of personal data in the logs.
                )

        )

)

2023-07-22T11:21:55+00:00 INFO Array
(
    [Webhook Delivery] => Array
        (
            [Delivery ID] => a504891638929146141b96822a81ea26
            [Date] => Jul 22, 2023 @ 11:21
            [URL] => https://safetyfirstmed.ae/zohoint/books/updateso.php
            [Duration] => 0.6702
            [Request] => Array
                (
                    [Method] => POST
                    [Headers] => Array
                        (
                            [User-Agent] => WooCommerce/6.4.0 Hookshot (WordPress/5.9.5)
                            [Content-Type] => application/json
                            [X-WC-Webhook-Source] => https://safetyfirstmed.ae/
                            [X-WC-Webhook-Topic] => order.updated
                            [X-WC-Webhook-Resource] => order
                            [X-WC-Webhook-Event] => updated
                            [X-WC-Webhook-Signature] => OeeOX8/cNf0XBEHNV7/736xCqXNe0gs6ebhsCYM4XWo=
                            [X-WC-Webhook-ID] => 23
                            [X-WC-Webhook-Delivery-ID] => a504891638929146141b96822a81ea26
                        )

                )

            [Body] => Webhook body is not logged unless WP_DEBUG mode is turned on. This is to avoid the storing of personal data in the logs.
            [Response] => Array
                (
                    [Code] => 200
                    [Message] => OK
                    [Headers] => Requests_Utility_CaseInsensitiveDictionary Object
                        (
                            [data:protected] => Array
                                (
                                    [server] => nginx
                                    [date] => Sat, 22 Jul 2023 11:21:55 GMT
                                    [content-type] => text/html; charset=utf-8
                                    [content-length] => 0
                                    [content-security-policy] => upgrade-insecure-requests
                                    [x-xss-protection] => 1; mode=block
                                    [x-content-type-options] => nosniff
                                    [referrer-policy] => no-referrer-when-downgrade
                                    [cache-control] => max-age=0
                                    [expires] => Sat, 22 Jul 2023 11:21:55 GMT
                                )

                        )

                    [Body] => Webhook body is not logged unless WP_DEBUG mode is turned on. This is to avoid the storing of personal data in the logs.
                )

        )

)

2023-07-22T21:35:50+00:00 INFO Array
(
    [Webhook Delivery] => Array
        (
            [Delivery ID] => b4cd75cde1ba41984709926abc83e7a2
            [Date] => Jul 22, 2023 @ 21:35
            [URL] => https://safetyfirstmed.ae/zohoint/books/createso.php
            [Duration] => 4.24005
            [Request] => Array
                (
                    [Method] => POST
                    [Headers] => Array
                        (
                            [User-Agent] => WooCommerce/6.4.0 Hookshot (WordPress/5.9.5)
                            [Content-Type] => application/json
                            [X-WC-Webhook-Source] => https://safetyfirstmed.ae/
                            [X-WC-Webhook-Topic] => order.created
                            [X-WC-Webhook-Resource] => order
                            [X-WC-Webhook-Event] => created
                            [X-WC-Webhook-Signature] => Aixat7tRcUn9ZaHTvWYZt+3U6DBpyNNHUSSJ4ZMk2Xg=
                            [X-WC-Webhook-ID] => 21
                            [X-WC-Webhook-Delivery-ID] => b4cd75cde1ba41984709926abc83e7a2
                        )

                )

            [Body] => Webhook body is not logged unless WP_DEBUG mode is turned on. This is to avoid the storing of personal data in the logs.
            [Response] => Array
                (
                    [Code] => 200
                    [Message] => OK
                    [Headers] => Requests_Utility_CaseInsensitiveDictionary Object
                        (
                            [data:protected] => Array
                                (
                                    [server] => nginx
                                    [date] => Sat, 22 Jul 2023 21:35:50 GMT
                                    [content-type] => text/html; charset=utf-8
                                    [content-length] => 83
                                    [content-security-policy] => upgrade-insecure-requests
                                    [x-xss-protection] => 1; mode=block
                                    [x-content-type-options] => nosniff
                                    [referrer-policy] => no-referrer-when-downgrade
                                    [cache-control] => max-age=0
                                    [expires] => Sat, 22 Jul 2023 21:35:46 GMT
                                    [vary] => Accept-Encoding
                                    [content-encoding] => gzip
                                )

                        )

                    [Body] => Webhook body is not logged unless WP_DEBUG mode is turned on. This is to avoid the storing of personal data in the logs.
                )

        )

)

2023-07-22T21:35:51+00:00 INFO Array
(
    [Webhook Delivery] => Array
        (
            [Delivery ID] => 631ac744feb32f730e81de301b95d95b
            [Date] => Jul 22, 2023 @ 21:35
            [URL] => https://safetyfirstmed.ae/zohoint/books/updateso.php
            [Duration] => 0.86095
            [Request] => Array
                (
                    [Method] => POST
                    [Headers] => Array
                        (
                            [User-Agent] => WooCommerce/6.4.0 Hookshot (WordPress/5.9.5)
                            [Content-Type] => application/json
                            [X-WC-Webhook-Source] => https://safetyfirstmed.ae/
                            [X-WC-Webhook-Topic] => order.updated
                            [X-WC-Webhook-Resource] => order
                            [X-WC-Webhook-Event] => updated
                            [X-WC-Webhook-Signature] => OeeOX8/cNf0XBEHNV7/736xCqXNe0gs6ebhsCYM4XWo=
                            [X-WC-Webhook-ID] => 23
                            [X-WC-Webhook-Delivery-ID] => 631ac744feb32f730e81de301b95d95b
                        )

                )

            [Body] => Webhook body is not logged unless WP_DEBUG mode is turned on. This is to avoid the storing of personal data in the logs.
            [Response] => Array
                (
                    [Code] => 200
                    [Message] => OK
                    [Headers] => Requests_Utility_CaseInsensitiveDictionary Object
                        (
                            [data:protected] => Array
                                (
                                    [server] => nginx
                                    [date] => Sat, 22 Jul 2023 21:35:51 GMT
                                    [content-type] => text/html; charset=utf-8
                                    [content-length] => 0
                                    [content-security-policy] => upgrade-insecure-requests
                                    [x-xss-protection] => 1; mode=block
                                    [x-content-type-options] => nosniff
                                    [referrer-policy] => no-referrer-when-downgrade
                                    [cache-control] => max-age=0
                                    [expires] => Sat, 22 Jul 2023 21:35:50 GMT
                                )

                        )

                    [Body] => Webhook body is not logged unless WP_DEBUG mode is turned on. This is to avoid the storing of personal data in the logs.
                )

        )

)

2023-07-22T21:35:51+00:00 INFO Array
(
    [Webhook Delivery] => Array
        (
            [Delivery ID] => 2329ade7b9fd5c3dae5fede8d6dc5d7f
            [Date] => Jul 22, 2023 @ 21:35
            [URL] => https://safetyfirstmed.ae/zohoint/books/updateso.php
            [Duration] => 0.792
            [Request] => Array
                (
                    [Method] => POST
                    [Headers] => Array
                        (
                            [User-Agent] => WooCommerce/6.4.0 Hookshot (WordPress/5.9.5)
                            [Content-Type] => application/json
                            [X-WC-Webhook-Source] => https://safetyfirstmed.ae/
                            [X-WC-Webhook-Topic] => order.updated
                            [X-WC-Webhook-Resource] => order
                            [X-WC-Webhook-Event] => updated
                            [X-WC-Webhook-Signature] => OeeOX8/cNf0XBEHNV7/736xCqXNe0gs6ebhsCYM4XWo=
                            [X-WC-Webhook-ID] => 23
                            [X-WC-Webhook-Delivery-ID] => 2329ade7b9fd5c3dae5fede8d6dc5d7f
                        )

                )

            [Body] => Webhook body is not logged unless WP_DEBUG mode is turned on. This is to avoid the storing of personal data in the logs.
            [Response] => Array
                (
                    [Code] => 200
                    [Message] => OK
                    [Headers] => Requests_Utility_CaseInsensitiveDictionary Object
                        (
                            [data:protected] => Array
                                (
                                    [server] => nginx
                                    [date] => Sat, 22 Jul 2023 21:35:51 GMT
                                    [content-type] => text/html; charset=utf-8
                                    [content-length] => 0
                                    [content-security-policy] => upgrade-insecure-requests
                                    [x-xss-protection] => 1; mode=block
                                    [x-content-type-options] => nosniff
                                    [referrer-policy] => no-referrer-when-downgrade
                                    [cache-control] => max-age=0
                                    [expires] => Sat, 22 Jul 2023 21:35:51 GMT
                                )

                        )

                    [Body] => Webhook body is not logged unless WP_DEBUG mode is turned on. This is to avoid the storing of personal data in the logs.
                )

        )

)

