2022-11-28T05:33:04+00:00 INFO Array
(
    [Webhook Delivery] => Array
        (
            [Delivery ID] => b62f01b68fa9464bb1e93c13fd59101c
            [Date] => Nov 28, 2022 @ 5:33
            [URL] => https://safetyfirstmed.ae/zohoint/books/updateso.php
            [Duration] => 4.78324
            [Request] => Array
                (
                    [Method] => POST
                    [Headers] => Array
                        (
                            [User-Agent] => WooCommerce/6.4.0 Hookshot (WordPress/5.9.5)
                            [Content-Type] => application/json
                            [X-WC-Webhook-Source] => https://safetyfirstmed.ae/
                            [X-WC-Webhook-Topic] => order.updated
                            [X-WC-Webhook-Resource] => order
                            [X-WC-Webhook-Event] => updated
                            [X-WC-Webhook-Signature] => coIhpf+/C/lE1mdsBFfsPl7Iy3zgyYuwlGmmxSkcReg=
                            [X-WC-Webhook-ID] => 23
                            [X-WC-Webhook-Delivery-ID] => b62f01b68fa9464bb1e93c13fd59101c
                        )

                )

            [Body] => Webhook body is not logged unless WP_DEBUG mode is turned on. This is to avoid the storing of personal data in the logs.
            [Response] => Array
                (
                    [Code] => 200
                    [Message] => OK
                    [Headers] => Requests_Utility_CaseInsensitiveDictionary Object
                        (
                            [data:protected] => Array
                                (
                                    [server] => nginx
                                    [date] => Mon, 28 Nov 2022 05:33:04 GMT
                                    [content-type] => text/html; charset=utf-8
                                    [content-length] => 0
                                    [content-security-policy] => upgrade-insecure-requests
                                    [x-xss-protection] => 1; mode=block
                                    [x-content-type-options] => nosniff
                                    [referrer-policy] => no-referrer-when-downgrade
                                    [cache-control] => max-age=0
                                    [expires] => Mon, 28 Nov 2022 05:32:59 GMT
                                    [access-control-allow-origin] => *
                                )

                        )

                    [Body] => Webhook body is not logged unless WP_DEBUG mode is turned on. This is to avoid the storing of personal data in the logs.
                )

        )

)

2022-11-28T05:42:06+00:00 INFO Array
(
    [Webhook Delivery] => Array
        (
            [Delivery ID] => 3968869a7e61e6a42c29a4c618f4ffff
            [Date] => Nov 28, 2022 @ 5:42
            [URL] => https://safetyfirstmed.ae/zohoint/books/updateso.php
            [Duration] => 3.83377
            [Request] => Array
                (
                    [Method] => POST
                    [Headers] => Array
                        (
                            [User-Agent] => WooCommerce/6.4.0 Hookshot (WordPress/5.9.5)
                            [Content-Type] => application/json
                            [X-WC-Webhook-Source] => https://safetyfirstmed.ae/
                            [X-WC-Webhook-Topic] => order.updated
                            [X-WC-Webhook-Resource] => order
                            [X-WC-Webhook-Event] => updated
                            [X-WC-Webhook-Signature] => PogERvKsF+ANfGY5BE1KMy68ywdkfp99N4BYEr3pYSY=
                            [X-WC-Webhook-ID] => 23
                            [X-WC-Webhook-Delivery-ID] => 3968869a7e61e6a42c29a4c618f4ffff
                        )

                )

            [Body] => Webhook body is not logged unless WP_DEBUG mode is turned on. This is to avoid the storing of personal data in the logs.
            [Response] => Array
                (
                    [Code] => 200
                    [Message] => OK
                    [Headers] => Requests_Utility_CaseInsensitiveDictionary Object
                        (
                            [data:protected] => Array
                                (
                                    [server] => nginx
                                    [date] => Mon, 28 Nov 2022 05:42:06 GMT
                                    [content-type] => text/html; charset=utf-8
                                    [content-length] => 0
                                    [content-security-policy] => upgrade-insecure-requests
                                    [x-xss-protection] => 1; mode=block
                                    [x-content-type-options] => nosniff
                                    [referrer-policy] => no-referrer-when-downgrade
                                    [cache-control] => max-age=0
                                    [expires] => Mon, 28 Nov 2022 05:42:02 GMT
                                    [access-control-allow-origin] => *
                                )

                        )

                    [Body] => Webhook body is not logged unless WP_DEBUG mode is turned on. This is to avoid the storing of personal data in the logs.
                )

        )

)

