2023-01-20T12:03:39+00:00 INFO Array
(
    [Webhook Delivery] => Array
        (
            [Delivery ID] => ae4b0a0747679ff48332317e6973a59c
            [Date] => Jan 20, 2023 @ 12:03
            [URL] => https://safetyfirstmed.ae/zohoint/books/createso.php
            [Duration] => 10.98623
            [Request] => Array
                (
                    [Method] => POST
                    [Headers] => Array
                        (
                            [User-Agent] => WooCommerce/6.4.0 Hookshot (WordPress/5.9.5)
                            [Content-Type] => application/json
                            [X-WC-Webhook-Source] => https://safetyfirstmed.ae/
                            [X-WC-Webhook-Topic] => order.created
                            [X-WC-Webhook-Resource] => order
                            [X-WC-Webhook-Event] => created
                            [X-WC-Webhook-Signature] => Qgyk6y3johy4HFJyfBNTYrHuV0XvgBEzI77BdJc+eXk=
                            [X-WC-Webhook-ID] => 21
                            [X-WC-Webhook-Delivery-ID] => ae4b0a0747679ff48332317e6973a59c
                        )

                )

            [Body] => Webhook body is not logged unless WP_DEBUG mode is turned on. This is to avoid the storing of personal data in the logs.
            [Response] => Array
                (
                    [Code] => 200
                    [Message] => OK
                    [Headers] => Requests_Utility_CaseInsensitiveDictionary Object
                        (
                            [data:protected] => Array
                                (
                                    [server] => nginx
                                    [date] => Fri, 20 Jan 2023 12:03:39 GMT
                                    [content-type] => text/html; charset=utf-8
                                    [content-length] => 2620
                                    [content-security-policy] => upgrade-insecure-requests
                                    [x-xss-protection] => 1; mode=block
                                    [x-content-type-options] => nosniff
                                    [referrer-policy] => no-referrer-when-downgrade
                                    [cache-control] => max-age=0
                                    [expires] => Fri, 20 Jan 2023 12:03:29 GMT
                                    [vary] => Accept-Encoding
                                    [content-encoding] => gzip
                                )

                        )

                    [Body] => Webhook body is not logged unless WP_DEBUG mode is turned on. This is to avoid the storing of personal data in the logs.
                )

        )

)

2023-01-20T12:03:53+00:00 INFO Array
(
    [Webhook Delivery] => Array
        (
            [Delivery ID] => 5dce763645a238568a5584cce4a826fa
            [Date] => Jan 20, 2023 @ 12:03
            [URL] => https://safetyfirstmed.ae/zohoint/books/updateso.php
            [Duration] => 7.85511
            [Request] => Array
                (
                    [Method] => POST
                    [Headers] => Array
                        (
                            [User-Agent] => WooCommerce/6.4.0 Hookshot (WordPress/5.9.5)
                            [Content-Type] => application/json
                            [X-WC-Webhook-Source] => https://safetyfirstmed.ae/
                            [X-WC-Webhook-Topic] => order.updated
                            [X-WC-Webhook-Resource] => order
                            [X-WC-Webhook-Event] => updated
                            [X-WC-Webhook-Signature] => o5riGoCD5SkVI6iZ5FAsY+MfJCVMjEhWNuq4kD9j4BQ=
                            [X-WC-Webhook-ID] => 23
                            [X-WC-Webhook-Delivery-ID] => 5dce763645a238568a5584cce4a826fa
                        )

                )

            [Body] => Webhook body is not logged unless WP_DEBUG mode is turned on. This is to avoid the storing of personal data in the logs.
            [Response] => Array
                (
                    [Code] => 200
                    [Message] => OK
                    [Headers] => Requests_Utility_CaseInsensitiveDictionary Object
                        (
                            [data:protected] => Array
                                (
                                    [server] => nginx
                                    [date] => Fri, 20 Jan 2023 12:03:53 GMT
                                    [content-type] => text/html; charset=utf-8
                                    [content-length] => 0
                                    [content-security-policy] => upgrade-insecure-requests
                                    [x-xss-protection] => 1; mode=block
                                    [x-content-type-options] => nosniff
                                    [referrer-policy] => no-referrer-when-downgrade
                                    [cache-control] => max-age=0
                                    [expires] => Fri, 20 Jan 2023 12:03:45 GMT
                                )

                        )

                    [Body] => Webhook body is not logged unless WP_DEBUG mode is turned on. This is to avoid the storing of personal data in the logs.
                )

        )

)

