2022-11-16T18:23:39+00:00 INFO Array
(
    [Webhook Delivery] => Array
        (
            [Delivery ID] => 1d64c4e9f310e30298a89aaaf83d1f1d
            [Date] => Nov 16, 2022 @ 18:23
            [URL] => https://safetyfirstmed.ae/zohoint/books/createso.php
            [Duration] => 6.89033
            [Request] => Array
                (
                    [Method] => POST
                    [Headers] => Array
                        (
                            [User-Agent] => WooCommerce/6.4.0 Hookshot (WordPress/5.9.5)
                            [Content-Type] => application/json
                            [X-WC-Webhook-Source] => https://safetyfirstmed.ae/
                            [X-WC-Webhook-Topic] => order.created
                            [X-WC-Webhook-Resource] => order
                            [X-WC-Webhook-Event] => created
                            [X-WC-Webhook-Signature] => awA+aYOuCWm3nQqLckVn+7VeLQv/GMz42YLYHp8wrzA=
                            [X-WC-Webhook-ID] => 21
                            [X-WC-Webhook-Delivery-ID] => 1d64c4e9f310e30298a89aaaf83d1f1d
                        )

                )

            [Body] => Webhook body is not logged unless WP_DEBUG mode is turned on. This is to avoid the storing of personal data in the logs.
            [Response] => Array
                (
                    [Code] => 200
                    [Message] => OK
                    [Headers] => Requests_Utility_CaseInsensitiveDictionary Object
                        (
                            [data:protected] => Array
                                (
                                    [server] => nginx
                                    [date] => Wed, 16 Nov 2022 18:23:39 GMT
                                    [content-type] => text/html; charset=utf-8
                                    [content-length] => 2425
                                    [content-security-policy] => upgrade-insecure-requests
                                    [x-xss-protection] => 1; mode=block
                                    [x-content-type-options] => nosniff
                                    [referrer-policy] => no-referrer-when-downgrade
                                    [cache-control] => max-age=0
                                    [expires] => Wed, 16 Nov 2022 18:23:32 GMT
                                    [vary] => Accept-Encoding
                                    [content-encoding] => gzip
                                    [access-control-allow-origin] => *
                                )

                        )

                    [Body] => Webhook body is not logged unless WP_DEBUG mode is turned on. This is to avoid the storing of personal data in the logs.
                )

        )

)

2022-11-16T18:23:50+00:00 INFO Array
(
    [Webhook Delivery] => Array
        (
            [Delivery ID] => 74687931a21a471b18afe59bae9eeef6
            [Date] => Nov 16, 2022 @ 18:23
            [URL] => https://safetyfirstmed.ae/zohoint/books/updateso.php
            [Duration] => 11.13185
            [Request] => Array
                (
                    [Method] => POST
                    [Headers] => Array
                        (
                            [User-Agent] => WooCommerce/6.4.0 Hookshot (WordPress/5.9.5)
                            [Content-Type] => application/json
                            [X-WC-Webhook-Source] => https://safetyfirstmed.ae/
                            [X-WC-Webhook-Topic] => order.updated
                            [X-WC-Webhook-Resource] => order
                            [X-WC-Webhook-Event] => updated
                            [X-WC-Webhook-Signature] => 0Nn7qyQ2bgqITHSBDS9b7LkmCOfc4n07F8GiCEruZhg=
                            [X-WC-Webhook-ID] => 23
                            [X-WC-Webhook-Delivery-ID] => 74687931a21a471b18afe59bae9eeef6
                        )

                )

            [Body] => Webhook body is not logged unless WP_DEBUG mode is turned on. This is to avoid the storing of personal data in the logs.
            [Response] => Array
                (
                    [Code] => 200
                    [Message] => OK
                    [Headers] => Requests_Utility_CaseInsensitiveDictionary Object
                        (
                            [data:protected] => Array
                                (
                                    [server] => nginx
                                    [date] => Wed, 16 Nov 2022 18:23:50 GMT
                                    [content-type] => text/html; charset=utf-8
                                    [content-length] => 0
                                    [content-security-policy] => upgrade-insecure-requests
                                    [x-xss-protection] => 1; mode=block
                                    [x-content-type-options] => nosniff
                                    [referrer-policy] => no-referrer-when-downgrade
                                    [cache-control] => max-age=0
                                    [expires] => Wed, 16 Nov 2022 18:23:39 GMT
                                    [access-control-allow-origin] => *
                                )

                        )

                    [Body] => Webhook body is not logged unless WP_DEBUG mode is turned on. This is to avoid the storing of personal data in the logs.
                )

        )

)

