2023-04-11T07:07:23+00:00 INFO Array
(
    [Webhook Delivery] => Array
        (
            [Delivery ID] => 900a8c16e357fb3d98e3c7b578947589
            [Date] => Apr 11, 2023 @ 7:07
            [URL] => https://safetyfirstmed.ae/zohoint/books/createso.php
            [Duration] => 5.01571
            [Request] => Array
                (
                    [Method] => POST
                    [Headers] => Array
                        (
                            [User-Agent] => WooCommerce/6.4.0 Hookshot (WordPress/5.9.5)
                            [Content-Type] => application/json
                            [X-WC-Webhook-Source] => https://safetyfirstmed.ae/
                            [X-WC-Webhook-Topic] => order.created
                            [X-WC-Webhook-Resource] => order
                            [X-WC-Webhook-Event] => created
                            [X-WC-Webhook-Signature] => posKEncv6JHqdZf+kPfKBn3qXbcX+y1UvJnnLE9Z3w0=
                            [X-WC-Webhook-ID] => 21
                            [X-WC-Webhook-Delivery-ID] => 900a8c16e357fb3d98e3c7b578947589
                        )

                )

            [Body] => Webhook body is not logged unless WP_DEBUG mode is turned on. This is to avoid the storing of personal data in the logs.
            [Response] => Array
                (
                    [Code] => 200
                    [Message] => OK
                    [Headers] => Requests_Utility_CaseInsensitiveDictionary Object
                        (
                            [data:protected] => Array
                                (
                                    [server] => nginx
                                    [date] => Tue, 11 Apr 2023 07:07:23 GMT
                                    [content-type] => text/html; charset=utf-8
                                    [content-length] => 2527
                                    [content-security-policy] => upgrade-insecure-requests
                                    [x-xss-protection] => 1; mode=block
                                    [x-content-type-options] => nosniff
                                    [referrer-policy] => no-referrer-when-downgrade
                                    [cache-control] => max-age=0
                                    [expires] => Tue, 11 Apr 2023 07:07:18 GMT
                                    [vary] => Accept-Encoding
                                    [content-encoding] => gzip
                                )

                        )

                    [Body] => Webhook body is not logged unless WP_DEBUG mode is turned on. This is to avoid the storing of personal data in the logs.
                )

        )

)

2023-04-11T07:07:33+00:00 INFO Array
(
    [Webhook Delivery] => Array
        (
            [Delivery ID] => b52874889bd43b5e7990501bfeb18b24
            [Date] => Apr 11, 2023 @ 7:07
            [URL] => https://safetyfirstmed.ae/zohoint/books/updateso.php
            [Duration] => 9.51193
            [Request] => Array
                (
                    [Method] => POST
                    [Headers] => Array
                        (
                            [User-Agent] => WooCommerce/6.4.0 Hookshot (WordPress/5.9.5)
                            [Content-Type] => application/json
                            [X-WC-Webhook-Source] => https://safetyfirstmed.ae/
                            [X-WC-Webhook-Topic] => order.updated
                            [X-WC-Webhook-Resource] => order
                            [X-WC-Webhook-Event] => updated
                            [X-WC-Webhook-Signature] => L//ECEPv8vugrLqx0lLQk7GK5HVazjCAz9yaBsZ7piI=
                            [X-WC-Webhook-ID] => 23
                            [X-WC-Webhook-Delivery-ID] => b52874889bd43b5e7990501bfeb18b24
                        )

                )

            [Body] => Webhook body is not logged unless WP_DEBUG mode is turned on. This is to avoid the storing of personal data in the logs.
            [Response] => Array
                (
                    [Code] => 200
                    [Message] => OK
                    [Headers] => Requests_Utility_CaseInsensitiveDictionary Object
                        (
                            [data:protected] => Array
                                (
                                    [server] => nginx
                                    [date] => Tue, 11 Apr 2023 07:07:33 GMT
                                    [content-type] => text/html; charset=utf-8
                                    [content-length] => 0
                                    [content-security-policy] => upgrade-insecure-requests
                                    [x-xss-protection] => 1; mode=block
                                    [x-content-type-options] => nosniff
                                    [referrer-policy] => no-referrer-when-downgrade
                                    [cache-control] => max-age=0
                                    [expires] => Tue, 11 Apr 2023 07:07:24 GMT
                                )

                        )

                    [Body] => Webhook body is not logged unless WP_DEBUG mode is turned on. This is to avoid the storing of personal data in the logs.
                )

        )

)

