2023-03-20T06:51:33+00:00 INFO Array
(
    [Webhook Delivery] => Array
        (
            [Delivery ID] => a825bc339b2a2791841091247aa71129
            [Date] => Mar 20, 2023 @ 6:51
            [URL] => https://safetyfirstmed.ae/zohoint/books/updateso.php
            [Duration] => 5.75277
            [Request] => Array
                (
                    [Method] => POST
                    [Headers] => Array
                        (
                            [User-Agent] => WooCommerce/6.4.0 Hookshot (WordPress/5.9.5)
                            [Content-Type] => application/json
                            [X-WC-Webhook-Source] => https://safetyfirstmed.ae/
                            [X-WC-Webhook-Topic] => order.updated
                            [X-WC-Webhook-Resource] => order
                            [X-WC-Webhook-Event] => updated
                            [X-WC-Webhook-Signature] => Wzn4uRp9U6o+b2sljdtupPJmGsluywcGpVQJMleaNg0=
                            [X-WC-Webhook-ID] => 23
                            [X-WC-Webhook-Delivery-ID] => a825bc339b2a2791841091247aa71129
                        )

                )

            [Body] => Webhook body is not logged unless WP_DEBUG mode is turned on. This is to avoid the storing of personal data in the logs.
            [Response] => Array
                (
                    [Code] => 200
                    [Message] => OK
                    [Headers] => Requests_Utility_CaseInsensitiveDictionary Object
                        (
                            [data:protected] => Array
                                (
                                    [server] => nginx
                                    [date] => Mon, 20 Mar 2023 06:51:33 GMT
                                    [content-type] => text/html; charset=utf-8
                                    [content-length] => 0
                                    [content-security-policy] => upgrade-insecure-requests
                                    [x-xss-protection] => 1; mode=block
                                    [x-content-type-options] => nosniff
                                    [referrer-policy] => no-referrer-when-downgrade
                                    [cache-control] => max-age=0
                                    [expires] => Mon, 20 Mar 2023 06:51:28 GMT
                                )

                        )

                    [Body] => Webhook body is not logged unless WP_DEBUG mode is turned on. This is to avoid the storing of personal data in the logs.
                )

        )

)

2023-03-20T06:51:52+00:00 INFO Array
(
    [Webhook Delivery] => Array
        (
            [Delivery ID] => dace1a254fad404a153fa6a01f89d2fd
            [Date] => Mar 20, 2023 @ 6:51
            [URL] => https://safetyfirstmed.ae/zohoint/books/updateso.php
            [Duration] => 13.82794
            [Request] => Array
                (
                    [Method] => POST
                    [Headers] => Array
                        (
                            [User-Agent] => WooCommerce/6.4.0 Hookshot (WordPress/5.9.5)
                            [Content-Type] => application/json
                            [X-WC-Webhook-Source] => https://safetyfirstmed.ae/
                            [X-WC-Webhook-Topic] => order.updated
                            [X-WC-Webhook-Resource] => order
                            [X-WC-Webhook-Event] => updated
                            [X-WC-Webhook-Signature] => P+E+tR/Mmfa9+VcDytL9stXPAHmjgoYjVoV1jTVSUw8=
                            [X-WC-Webhook-ID] => 23
                            [X-WC-Webhook-Delivery-ID] => dace1a254fad404a153fa6a01f89d2fd
                        )

                )

            [Body] => Webhook body is not logged unless WP_DEBUG mode is turned on. This is to avoid the storing of personal data in the logs.
            [Response] => Array
                (
                    [Code] => 200
                    [Message] => OK
                    [Headers] => Requests_Utility_CaseInsensitiveDictionary Object
                        (
                            [data:protected] => Array
                                (
                                    [server] => nginx
                                    [date] => Mon, 20 Mar 2023 06:51:52 GMT
                                    [content-type] => text/html; charset=utf-8
                                    [content-length] => 0
                                    [content-security-policy] => upgrade-insecure-requests
                                    [x-xss-protection] => 1; mode=block
                                    [x-content-type-options] => nosniff
                                    [referrer-policy] => no-referrer-when-downgrade
                                    [cache-control] => max-age=0
                                    [expires] => Mon, 20 Mar 2023 06:51:39 GMT
                                )

                        )

                    [Body] => Webhook body is not logged unless WP_DEBUG mode is turned on. This is to avoid the storing of personal data in the logs.
                )

        )

)

2023-03-20T08:46:38+00:00 INFO Array
(
    [Webhook Delivery] => Array
        (
            [Delivery ID] => 33821c1f8de2743b6d4d6e863bb12818
            [Date] => Mar 20, 2023 @ 8:46
            [URL] => https://safetyfirstmed.ae/zohoint/books/updateso.php
            [Duration] => 1.65031
            [Request] => Array
                (
                    [Method] => POST
                    [Headers] => Array
                        (
                            [User-Agent] => WooCommerce/6.4.0 Hookshot (WordPress/5.9.5)
                            [Content-Type] => application/json
                            [X-WC-Webhook-Source] => https://safetyfirstmed.ae/
                            [X-WC-Webhook-Topic] => order.updated
                            [X-WC-Webhook-Resource] => order
                            [X-WC-Webhook-Event] => updated
                            [X-WC-Webhook-Signature] => l7DLzR66CnKuMRvqJABTGUryGLPiwrXSYXP00Vz7u2Q=
                            [X-WC-Webhook-ID] => 23
                            [X-WC-Webhook-Delivery-ID] => 33821c1f8de2743b6d4d6e863bb12818
                        )

                )

            [Body] => Webhook body is not logged unless WP_DEBUG mode is turned on. This is to avoid the storing of personal data in the logs.
            [Response] => Array
                (
                    [Code] => 200
                    [Message] => OK
                    [Headers] => Requests_Utility_CaseInsensitiveDictionary Object
                        (
                            [data:protected] => Array
                                (
                                    [server] => nginx
                                    [date] => Mon, 20 Mar 2023 08:46:38 GMT
                                    [content-type] => text/html; charset=utf-8
                                    [content-length] => 0
                                    [content-security-policy] => upgrade-insecure-requests
                                    [x-xss-protection] => 1; mode=block
                                    [x-content-type-options] => nosniff
                                    [referrer-policy] => no-referrer-when-downgrade
                                    [cache-control] => max-age=0
                                    [expires] => Mon, 20 Mar 2023 08:46:36 GMT
                                )

                        )

                    [Body] => Webhook body is not logged unless WP_DEBUG mode is turned on. This is to avoid the storing of personal data in the logs.
                )

        )

)

2023-03-20T08:47:49+00:00 INFO Array
(
    [Webhook Delivery] => Array
        (
            [Delivery ID] => 947051f634fdcf5c0a8c65825afb24c1
            [Date] => Mar 20, 2023 @ 8:47
            [URL] => https://safetyfirstmed.ae/zohoint/books/updateso.php
            [Duration] => 4.29141
            [Request] => Array
                (
                    [Method] => POST
                    [Headers] => Array
                        (
                            [User-Agent] => WooCommerce/6.4.0 Hookshot (WordPress/5.9.5)
                            [Content-Type] => application/json
                            [X-WC-Webhook-Source] => https://safetyfirstmed.ae/
                            [X-WC-Webhook-Topic] => order.updated
                            [X-WC-Webhook-Resource] => order
                            [X-WC-Webhook-Event] => updated
                            [X-WC-Webhook-Signature] => 3MNUoQE4YwqCD+6Bz29vIvrPaBzK2SNHdzhL3tlB+sY=
                            [X-WC-Webhook-ID] => 23
                            [X-WC-Webhook-Delivery-ID] => 947051f634fdcf5c0a8c65825afb24c1
                        )

                )

            [Body] => Webhook body is not logged unless WP_DEBUG mode is turned on. This is to avoid the storing of personal data in the logs.
            [Response] => Array
                (
                    [Code] => 200
                    [Message] => OK
                    [Headers] => Requests_Utility_CaseInsensitiveDictionary Object
                        (
                            [data:protected] => Array
                                (
                                    [server] => nginx
                                    [date] => Mon, 20 Mar 2023 08:47:49 GMT
                                    [content-type] => text/html; charset=utf-8
                                    [content-length] => 0
                                    [content-security-policy] => upgrade-insecure-requests
                                    [x-xss-protection] => 1; mode=block
                                    [x-content-type-options] => nosniff
                                    [referrer-policy] => no-referrer-when-downgrade
                                    [cache-control] => max-age=0
                                    [expires] => Mon, 20 Mar 2023 08:47:45 GMT
                                )

                        )

                    [Body] => Webhook body is not logged unless WP_DEBUG mode is turned on. This is to avoid the storing of personal data in the logs.
                )

        )

)

2023-03-20T09:39:59+00:00 INFO Array
(
    [Webhook Delivery] => Array
        (
            [Delivery ID] => 91daeafb795f79a2e5173bf37e1c8e83
            [Date] => Mar 20, 2023 @ 9:39
            [URL] => https://safetyfirstmed.ae/zohoint/books/updateso.php
            [Duration] => 1.68255
            [Request] => Array
                (
                    [Method] => POST
                    [Headers] => Array
                        (
                            [User-Agent] => WooCommerce/6.4.0 Hookshot (WordPress/5.9.5)
                            [Content-Type] => application/json
                            [X-WC-Webhook-Source] => https://safetyfirstmed.ae/
                            [X-WC-Webhook-Topic] => order.updated
                            [X-WC-Webhook-Resource] => order
                            [X-WC-Webhook-Event] => updated
                            [X-WC-Webhook-Signature] => MN0+iqTXtu1ijGYBj1OZApPTJU7CMa0EpA8AXYo2TX4=
                            [X-WC-Webhook-ID] => 23
                            [X-WC-Webhook-Delivery-ID] => 91daeafb795f79a2e5173bf37e1c8e83
                        )

                )

            [Body] => Webhook body is not logged unless WP_DEBUG mode is turned on. This is to avoid the storing of personal data in the logs.
            [Response] => Array
                (
                    [Code] => 200
                    [Message] => OK
                    [Headers] => Requests_Utility_CaseInsensitiveDictionary Object
                        (
                            [data:protected] => Array
                                (
                                    [server] => nginx
                                    [date] => Mon, 20 Mar 2023 09:39:59 GMT
                                    [content-type] => text/html; charset=utf-8
                                    [content-length] => 0
                                    [content-security-policy] => upgrade-insecure-requests
                                    [x-xss-protection] => 1; mode=block
                                    [x-content-type-options] => nosniff
                                    [referrer-policy] => no-referrer-when-downgrade
                                    [cache-control] => max-age=0
                                    [expires] => Mon, 20 Mar 2023 09:39:57 GMT
                                )

                        )

                    [Body] => Webhook body is not logged unless WP_DEBUG mode is turned on. This is to avoid the storing of personal data in the logs.
                )

        )

)

2023-03-20T15:05:13+00:00 INFO Array
(
    [Webhook Delivery] => Array
        (
            [Delivery ID] => 6af128c74ceb70ee9009c8799829a6c2
            [Date] => Mar 20, 2023 @ 15:05
            [URL] => https://safetyfirstmed.ae/zohoint/books/createso.php
            [Duration] => 5.07015
            [Request] => Array
                (
                    [Method] => POST
                    [Headers] => Array
                        (
                            [User-Agent] => WooCommerce/6.4.0 Hookshot (WordPress/5.9.5)
                            [Content-Type] => application/json
                            [X-WC-Webhook-Source] => https://safetyfirstmed.ae/
                            [X-WC-Webhook-Topic] => order.created
                            [X-WC-Webhook-Resource] => order
                            [X-WC-Webhook-Event] => created
                            [X-WC-Webhook-Signature] => YNT3SBz3RboQ1ImrXI7nIYAPCa8LEllh1EahxU6Mk38=
                            [X-WC-Webhook-ID] => 21
                            [X-WC-Webhook-Delivery-ID] => 6af128c74ceb70ee9009c8799829a6c2
                        )

                )

            [Body] => Webhook body is not logged unless WP_DEBUG mode is turned on. This is to avoid the storing of personal data in the logs.
            [Response] => Array
                (
                    [Code] => 200
                    [Message] => OK
                    [Headers] => Requests_Utility_CaseInsensitiveDictionary Object
                        (
                            [data:protected] => Array
                                (
                                    [server] => nginx
                                    [date] => Mon, 20 Mar 2023 15:05:13 GMT
                                    [content-type] => text/html; charset=utf-8
                                    [content-length] => 2467
                                    [content-security-policy] => upgrade-insecure-requests
                                    [x-xss-protection] => 1; mode=block
                                    [x-content-type-options] => nosniff
                                    [referrer-policy] => no-referrer-when-downgrade
                                    [cache-control] => max-age=0
                                    [expires] => Mon, 20 Mar 2023 15:05:08 GMT
                                    [vary] => Accept-Encoding
                                    [content-encoding] => gzip
                                )

                        )

                    [Body] => Webhook body is not logged unless WP_DEBUG mode is turned on. This is to avoid the storing of personal data in the logs.
                )

        )

)

2023-03-20T15:05:23+00:00 INFO Array
(
    [Webhook Delivery] => Array
        (
            [Delivery ID] => 8a0b61e953183b65f74417d7395cf29a
            [Date] => Mar 20, 2023 @ 15:05
            [URL] => https://safetyfirstmed.ae/zohoint/books/updateso.php
            [Duration] => 9.34622
            [Request] => Array
                (
                    [Method] => POST
                    [Headers] => Array
                        (
                            [User-Agent] => WooCommerce/6.4.0 Hookshot (WordPress/5.9.5)
                            [Content-Type] => application/json
                            [X-WC-Webhook-Source] => https://safetyfirstmed.ae/
                            [X-WC-Webhook-Topic] => order.updated
                            [X-WC-Webhook-Resource] => order
                            [X-WC-Webhook-Event] => updated
                            [X-WC-Webhook-Signature] => 7+VVK+0sXwC9PBln1lrkaWU5dMe9VVKdc8aRVxf3K1g=
                            [X-WC-Webhook-ID] => 23
                            [X-WC-Webhook-Delivery-ID] => 8a0b61e953183b65f74417d7395cf29a
                        )

                )

            [Body] => Webhook body is not logged unless WP_DEBUG mode is turned on. This is to avoid the storing of personal data in the logs.
            [Response] => Array
                (
                    [Code] => 200
                    [Message] => OK
                    [Headers] => Requests_Utility_CaseInsensitiveDictionary Object
                        (
                            [data:protected] => Array
                                (
                                    [server] => nginx
                                    [date] => Mon, 20 Mar 2023 15:05:23 GMT
                                    [content-type] => text/html; charset=utf-8
                                    [content-length] => 0
                                    [content-security-policy] => upgrade-insecure-requests
                                    [x-xss-protection] => 1; mode=block
                                    [x-content-type-options] => nosniff
                                    [referrer-policy] => no-referrer-when-downgrade
                                    [cache-control] => max-age=0
                                    [expires] => Mon, 20 Mar 2023 15:05:13 GMT
                                )

                        )

                    [Body] => Webhook body is not logged unless WP_DEBUG mode is turned on. This is to avoid the storing of personal data in the logs.
                )

        )

)

